[0.018s] Invoking command in '/home/charan/Mars-summer-tasks/task-2/build/turtle_patrol_interfaces': CMAKE_PREFIX_PATH=/opt/ros/humble /usr/bin/cmake /home/charan/Mars-summer-tasks/task-2/ros_ws/src/turtle_patrol_interfaces -DCMAKE_INSTALL_PREFIX=/home/charan/Mars-summer-tasks/task-2/install/turtle_patrol_interfaces
[0.618s] -- The C compiler identification is GNU 11.4.0
[1.071s] -- The CXX compiler identification is GNU 11.4.0
[1.086s] -- Detecting C compiler ABI info
[1.272s] -- Detecting C compiler ABI info - done
[1.275s] -- Check for working C compiler: /usr/bin/cc - skipped
[1.276s] -- Detecting C compile features
[1.276s] -- Detecting C compile features - done
[1.278s] -- Detecting CXX compiler ABI info
[1.343s] -- Detecting CXX compiler ABI info - done
[1.347s] -- Check for working CXX compiler: /usr/bin/c++ - skipped
[1.347s] -- Detecting CXX compile features
[1.348s] -- Detecting CXX compile features - done
[1.357s] -- Found ament_cmake: 1.3.14 (/opt/ros/humble/share/ament_cmake/cmake)
[1.454s] -- Found Python3: /usr/bin/python3 (found version "3.10.12") found components: Interpreter 
[1.581s] -- Found rosidl_default_generators: 1.2.1 (/opt/ros/humble/share/rosidl_default_generators/cmake)
[1.587s] -- Using all available rosidl_typesupport_c: rosidl_typesupport_fastrtps_c;rosidl_typesupport_introspection_c
[1.592s] -- Found rosidl_adapter: 3.1.8 (/opt/ros/humble/share/rosidl_adapter/cmake)
[1.630s] -- Using all available rosidl_typesupport_cpp: rosidl_typesupport_fastrtps_cpp;rosidl_typesupport_introspection_cpp
[1.926s] -- Found ament_cmake_ros: 0.10.0 (/opt/ros/humble/share/ament_cmake_ros/cmake)
[2.018s] -- Using all available rosidl_typesupport_c: rosidl_typesupport_fastrtps_c;rosidl_typesupport_introspection_c
[2.140s] -- Using all available rosidl_typesupport_cpp: rosidl_typesupport_fastrtps_cpp;rosidl_typesupport_introspection_cpp
[2.151s] -- Found PythonInterp: /usr/bin/python3 (found suitable version "3.10.12", minimum required is "3.6") 
[2.153s] -- Found python_cmake_module: 0.10.0 (/opt/ros/humble/share/python_cmake_module/cmake)
[2.169s] -- Found PythonLibs: /usr/lib/aarch64-linux-gnu/libpython3.10.so (found suitable version "3.10.12", minimum required is "3.5") 
[2.169s] -- Using PYTHON_EXECUTABLE: /usr/bin/python3
[2.169s] -- Using PYTHON_INCLUDE_DIRS: /usr/include/python3.10
[2.169s] -- Using PYTHON_LIBRARIES: /usr/lib/aarch64-linux-gnu/libpython3.10.so
[2.178s] -- Found PythonExtra: .so  
[2.230s] -- Found ament_lint_auto: 0.12.15 (/opt/ros/humble/share/ament_lint_auto/cmake)
[2.239s] -- Configuring done
[2.272s] -- Generating done
[2.279s] -- Build files have been written to: /home/charan/Mars-summer-tasks/task-2/build/turtle_patrol_interfaces
[2.286s] Invoked command in '/home/charan/Mars-summer-tasks/task-2/build/turtle_patrol_interfaces' returned '0': CMAKE_PREFIX_PATH=/opt/ros/humble /usr/bin/cmake /home/charan/Mars-summer-tasks/task-2/ros_ws/src/turtle_patrol_interfaces -DCMAKE_INSTALL_PREFIX=/home/charan/Mars-summer-tasks/task-2/install/turtle_patrol_interfaces
[2.289s] Invoking command in '/home/charan/Mars-summer-tasks/task-2/build/turtle_patrol_interfaces': CMAKE_PREFIX_PATH=/opt/ros/humble /usr/bin/cmake --build /home/charan/Mars-summer-tasks/task-2/build/turtle_patrol_interfaces -- -j4 -l4
[2.305s] [  3%] [34m[1mGenerating C code for ROS interfaces[0m
[2.308s] [  6%] [34m[1mGenerating C++ code for ROS interfaces[0m
[2.308s] [  9%] [34m[1mGenerating Rust code for ROS interfaces[0m
[2.311s] [  9%] Built target ament_cmake_python_copy_turtle_patrol_interfaces
[2.698s] [  9%] Built target turtle_patrol_interfaces__rs
[2.705s] running egg_info
[2.706s] creating turtle_patrol_interfaces.egg-info
[2.706s] writing turtle_patrol_interfaces.egg-info/PKG-INFO
[2.706s] writing dependency_links to turtle_patrol_interfaces.egg-info/dependency_links.txt
[2.706s] writing top-level names to turtle_patrol_interfaces.egg-info/top_level.txt
[2.706s] writing manifest file 'turtle_patrol_interfaces.egg-info/SOURCES.txt'
[2.708s] reading manifest file 'turtle_patrol_interfaces.egg-info/SOURCES.txt'
[2.709s] writing manifest file 'turtle_patrol_interfaces.egg-info/SOURCES.txt'
[2.722s] [  9%] Built target ament_cmake_python_build_turtle_patrol_interfaces_egg
[2.741s] [  9%] Built target turtle_patrol_interfaces__cpp
[2.745s] [ 12%] [34m[1mGenerating C++ type support for eProsima Fast-RTPS[0m
[2.745s] [ 15%] [34m[1mGenerating C++ introspection for ROS interfaces[0m
[2.746s] [ 18%] [34m[1mGenerating C++ type support dispatch for ROS interfaces[0m
[2.785s] [ 21%] [32mBuilding C object CMakeFiles/turtle_patrol_interfaces__rosidl_generator_c.dir/rosidl_generator_c/turtle_patrol_interfaces/action/detail/execute_circle__functions.c.o[0m
[2.907s] [ 25%] [32mBuilding CXX object CMakeFiles/turtle_patrol_interfaces__rosidl_typesupport_cpp.dir/rosidl_typesupport_cpp/turtle_patrol_interfaces/action/execute_circle__type_support.cpp.o[0m
[2.915s] [ 28%] [32m[1mLinking C shared library libturtle_patrol_interfaces__rosidl_generator_c.so[0m
[2.935s] [ 28%] Built target turtle_patrol_interfaces__rosidl_generator_c
[2.939s] [ 31%] [34m[1mGenerating C type support for eProsima Fast-RTPS[0m
[2.942s] [ 34%] [32mBuilding CXX object CMakeFiles/turtle_patrol_interfaces__rosidl_typesupport_introspection_cpp.dir/rosidl_typesupport_introspection_cpp/turtle_patrol_interfaces/action/detail/execute_circle__type_support.cpp.o[0m
[2.964s] [ 37%] [32mBuilding CXX object CMakeFiles/turtle_patrol_interfaces__rosidl_typesupport_fastrtps_cpp.dir/rosidl_typesupport_fastrtps_cpp/turtle_patrol_interfaces/action/detail/dds_fastrtps/execute_circle__type_support.cpp.o[0m
[3.217s] [ 40%] [32mBuilding CXX object CMakeFiles/turtle_patrol_interfaces__rosidl_typesupport_fastrtps_c.dir/rosidl_typesupport_fastrtps_c/turtle_patrol_interfaces/action/detail/execute_circle__type_support_c.cpp.o[0m
[4.861s] [ 46%] [32m[1mLinking CXX shared library libturtle_patrol_interfaces__rosidl_typesupport_cpp.so[0m
[4.861s] [ 46%] [32m[1mLinking CXX shared library libturtle_patrol_interfaces__rosidl_typesupport_fastrtps_c.so[0m
[4.886s] [ 46%] Built target turtle_patrol_interfaces__rosidl_typesupport_cpp
[4.891s] [ 50%] [32m[1mLinking CXX shared library libturtle_patrol_interfaces__rosidl_typesupport_introspection_cpp.so[0m
[4.892s] [ 53%] [34m[1mGenerating C introspection for ROS interfaces[0m
[4.916s] [ 53%] Built target turtle_patrol_interfaces__rosidl_typesupport_fastrtps_c
[4.920s] [ 56%] [34m[1mGenerating C type support dispatch for ROS interfaces[0m
[4.927s] [ 59%] [32m[1mLinking CXX shared library libturtle_patrol_interfaces__rosidl_typesupport_fastrtps_cpp.so[0m
[4.927s] [ 59%] Built target turtle_patrol_interfaces__rosidl_typesupport_introspection_cpp
[4.964s] [ 59%] Built target turtle_patrol_interfaces__rosidl_typesupport_fastrtps_cpp
[5.057s] [ 62%] [32mBuilding CXX object CMakeFiles/turtle_patrol_interfaces__rosidl_typesupport_c.dir/rosidl_typesupport_c/turtle_patrol_interfaces/action/execute_circle__type_support.cpp.o[0m
[5.087s] [ 65%] [32m[1mLinking CXX shared library libturtle_patrol_interfaces__rosidl_typesupport_c.so[0m
[5.087s] [ 68%] [32mBuilding C object CMakeFiles/turtle_patrol_interfaces__rosidl_typesupport_introspection_c.dir/rosidl_typesupport_introspection_c/turtle_patrol_interfaces/action/detail/execute_circle__type_support.c.o[0m
[5.110s] [ 68%] Built target turtle_patrol_interfaces__rosidl_typesupport_c
[5.125s] [ 71%] [32m[1mLinking C shared library libturtle_patrol_interfaces__rosidl_typesupport_introspection_c.so[0m
[5.139s] [ 71%] Built target turtle_patrol_interfaces__rosidl_typesupport_introspection_c
[5.148s] [ 71%] Built target turtle_patrol_interfaces
[5.156s] [ 75%] [34m[1mGenerating Python code for ROS interfaces[0m
[5.537s] [ 75%] Built target turtle_patrol_interfaces__py
[5.545s] [ 78%] [32mBuilding C object CMakeFiles/turtle_patrol_interfaces__rosidl_generator_py.dir/rosidl_generator_py/turtle_patrol_interfaces/action/_execute_circle_s.c.o[0m
[5.676s] [ 81%] [32m[1mLinking C shared library rosidl_generator_py/turtle_patrol_interfaces/libturtle_patrol_interfaces__rosidl_generator_py.so[0m
[5.698s] [ 81%] Built target turtle_patrol_interfaces__rosidl_generator_py
[5.706s] [ 84%] [32mBuilding C object CMakeFiles/turtle_patrol_interfaces__rosidl_typesupport_introspection_c__pyext.dir/rosidl_generator_py/turtle_patrol_interfaces/_turtle_patrol_interfaces_s.ep.rosidl_typesupport_introspection_c.c.o[0m
[5.706s] [ 90%] [32mBuilding C object CMakeFiles/turtle_patrol_interfaces__rosidl_typesupport_c__pyext.dir/rosidl_generator_py/turtle_patrol_interfaces/_turtle_patrol_interfaces_s.ep.rosidl_typesupport_c.c.o[0m
[5.706s] [ 90%] [32mBuilding C object CMakeFiles/turtle_patrol_interfaces__rosidl_typesupport_fastrtps_c__pyext.dir/rosidl_generator_py/turtle_patrol_interfaces/_turtle_patrol_interfaces_s.ep.rosidl_typesupport_fastrtps_c.c.o[0m
[5.792s] [ 96%] [32m[1mLinking C shared library rosidl_generator_py/turtle_patrol_interfaces/turtle_patrol_interfaces_s__rosidl_typesupport_c.cpython-310-aarch64-linux-gnu.so[0m
[5.792s] [ 96%] [32m[1mLinking C shared library rosidl_generator_py/turtle_patrol_interfaces/turtle_patrol_interfaces_s__rosidl_typesupport_introspection_c.cpython-310-aarch64-linux-gnu.so[0m
[5.800s] [100%] [32m[1mLinking C shared library rosidl_generator_py/turtle_patrol_interfaces/turtle_patrol_interfaces_s__rosidl_typesupport_fastrtps_c.cpython-310-aarch64-linux-gnu.so[0m
[5.812s] [100%] Built target turtle_patrol_interfaces__rosidl_typesupport_c__pyext
[5.812s] [100%] Built target turtle_patrol_interfaces__rosidl_typesupport_introspection_c__pyext
[5.818s] [100%] Built target turtle_patrol_interfaces__rosidl_typesupport_fastrtps_c__pyext
[5.837s] Invoked command in '/home/charan/Mars-summer-tasks/task-2/build/turtle_patrol_interfaces' returned '0': CMAKE_PREFIX_PATH=/opt/ros/humble /usr/bin/cmake --build /home/charan/Mars-summer-tasks/task-2/build/turtle_patrol_interfaces -- -j4 -l4
[5.846s] Invoking command in '/home/charan/Mars-summer-tasks/task-2/build/turtle_patrol_interfaces': CMAKE_PREFIX_PATH=/opt/ros/humble /usr/bin/cmake --install /home/charan/Mars-summer-tasks/task-2/build/turtle_patrol_interfaces
[5.851s] -- Install configuration: ""
[5.851s] -- Installing: /home/charan/Mars-summer-tasks/task-2/install/turtle_patrol_interfaces/share/ament_index/resource_index/rosidl_interfaces/turtle_patrol_interfaces
[5.851s] -- Installing: /home/charan/Mars-summer-tasks/task-2/install/turtle_patrol_interfaces/include/turtle_patrol_interfaces/turtle_patrol_interfaces
[5.851s] -- Installing: /home/charan/Mars-summer-tasks/task-2/install/turtle_patrol_interfaces/include/turtle_patrol_interfaces/turtle_patrol_interfaces/action
[5.851s] -- Installing: /home/charan/Mars-summer-tasks/task-2/install/turtle_patrol_interfaces/include/turtle_patrol_interfaces/turtle_patrol_interfaces/action/execute_circle.h
[5.851s] -- Installing: /home/charan/Mars-summer-tasks/task-2/install/turtle_patrol_interfaces/include/turtle_patrol_interfaces/turtle_patrol_interfaces/action/detail
[5.851s] -- Installing: /home/charan/Mars-summer-tasks/task-2/install/turtle_patrol_interfaces/include/turtle_patrol_interfaces/turtle_patrol_interfaces/action/detail/execute_circle__functions.c
[5.852s] -- Installing: /home/charan/Mars-summer-tasks/task-2/install/turtle_patrol_interfaces/include/turtle_patrol_interfaces/turtle_patrol_interfaces/action/detail/execute_circle__functions.h
[5.852s] -- Installing: /home/charan/Mars-summer-tasks/task-2/install/turtle_patrol_interfaces/include/turtle_patrol_interfaces/turtle_patrol_interfaces/action/detail/execute_circle__type_support.h
[5.852s] -- Installing: /home/charan/Mars-summer-tasks/task-2/install/turtle_patrol_interfaces/include/turtle_patrol_interfaces/turtle_patrol_interfaces/action/detail/execute_circle__struct.h
[5.852s] -- Installing: /home/charan/Mars-summer-tasks/task-2/install/turtle_patrol_interfaces/include/turtle_patrol_interfaces/turtle_patrol_interfaces/msg
[5.852s] -- Installing: /home/charan/Mars-summer-tasks/task-2/install/turtle_patrol_interfaces/include/turtle_patrol_interfaces/turtle_patrol_interfaces/msg/rosidl_generator_c__visibility_control.h
[5.852s] -- Installing: /home/charan/Mars-summer-tasks/task-2/install/turtle_patrol_interfaces/share/turtle_patrol_interfaces/environment/library_path.sh
[5.852s] -- Installing: /home/charan/Mars-summer-tasks/task-2/install/turtle_patrol_interfaces/share/turtle_patrol_interfaces/environment/library_path.dsv
[5.852s] -- Installing: /home/charan/Mars-summer-tasks/task-2/install/turtle_patrol_interfaces/lib/libturtle_patrol_interfaces__rosidl_generator_c.so
[5.853s] -- Set runtime path of "/home/charan/Mars-summer-tasks/task-2/install/turtle_patrol_interfaces/lib/libturtle_patrol_interfaces__rosidl_generator_c.so" to ""
[5.853s] -- Up-to-date: /home/charan/Mars-summer-tasks/task-2/install/turtle_patrol_interfaces/include/turtle_patrol_interfaces/turtle_patrol_interfaces
[5.853s] -- Up-to-date: /home/charan/Mars-summer-tasks/task-2/install/turtle_patrol_interfaces/include/turtle_patrol_interfaces/turtle_patrol_interfaces/action
[5.853s] -- Up-to-date: /home/charan/Mars-summer-tasks/task-2/install/turtle_patrol_interfaces/include/turtle_patrol_interfaces/turtle_patrol_interfaces/action/detail
[5.853s] -- Installing: /home/charan/Mars-summer-tasks/task-2/install/turtle_patrol_interfaces/include/turtle_patrol_interfaces/turtle_patrol_interfaces/action/detail/execute_circle__rosidl_typesupport_fastrtps_c.h
[5.853s] -- Up-to-date: /home/charan/Mars-summer-tasks/task-2/install/turtle_patrol_interfaces/include/turtle_patrol_interfaces/turtle_patrol_interfaces/msg
[5.853s] -- Installing: /home/charan/Mars-summer-tasks/task-2/install/turtle_patrol_interfaces/include/turtle_patrol_interfaces/turtle_patrol_interfaces/msg/rosidl_typesupport_fastrtps_c__visibility_control.h
[5.853s] -- Installing: /home/charan/Mars-summer-tasks/task-2/install/turtle_patrol_interfaces/lib/libturtle_patrol_interfaces__rosidl_typesupport_fastrtps_c.so
[5.853s] -- Set runtime path of "/home/charan/Mars-summer-tasks/task-2/install/turtle_patrol_interfaces/lib/libturtle_patrol_interfaces__rosidl_typesupport_fastrtps_c.so" to ""
[5.853s] -- Up-to-date: /home/charan/Mars-summer-tasks/task-2/install/turtle_patrol_interfaces/include/turtle_patrol_interfaces/turtle_patrol_interfaces
[5.853s] -- Up-to-date: /home/charan/Mars-summer-tasks/task-2/install/turtle_patrol_interfaces/include/turtle_patrol_interfaces/turtle_patrol_interfaces/action
[5.853s] -- Up-to-date: /home/charan/Mars-summer-tasks/task-2/install/turtle_patrol_interfaces/include/turtle_patrol_interfaces/turtle_patrol_interfaces/action/detail
[5.854s] -- Installing: /home/charan/Mars-summer-tasks/task-2/install/turtle_patrol_interfaces/include/turtle_patrol_interfaces/turtle_patrol_interfaces/action/detail/execute_circle__rosidl_typesupport_introspection_c.h
[5.854s] -- Installing: /home/charan/Mars-summer-tasks/task-2/install/turtle_patrol_interfaces/include/turtle_patrol_interfaces/turtle_patrol_interfaces/action/detail/execute_circle__type_support.c
[5.854s] -- Up-to-date: /home/charan/Mars-summer-tasks/task-2/install/turtle_patrol_interfaces/include/turtle_patrol_interfaces/turtle_patrol_interfaces/msg
[5.854s] -- Installing: /home/charan/Mars-summer-tasks/task-2/install/turtle_patrol_interfaces/include/turtle_patrol_interfaces/turtle_patrol_interfaces/msg/rosidl_typesupport_introspection_c__visibility_control.h
[5.854s] -- Installing: /home/charan/Mars-summer-tasks/task-2/install/turtle_patrol_interfaces/lib/libturtle_patrol_interfaces__rosidl_typesupport_introspection_c.so
[5.854s] -- Set runtime path of "/home/charan/Mars-summer-tasks/task-2/install/turtle_patrol_interfaces/lib/libturtle_patrol_interfaces__rosidl_typesupport_introspection_c.so" to ""
[5.854s] -- Installing: /home/charan/Mars-summer-tasks/task-2/install/turtle_patrol_interfaces/lib/libturtle_patrol_interfaces__rosidl_typesupport_c.so
[5.854s] -- Set runtime path of "/home/charan/Mars-summer-tasks/task-2/install/turtle_patrol_interfaces/lib/libturtle_patrol_interfaces__rosidl_typesupport_c.so" to ""
[5.854s] -- Up-to-date: /home/charan/Mars-summer-tasks/task-2/install/turtle_patrol_interfaces/include/turtle_patrol_interfaces/turtle_patrol_interfaces
[5.854s] -- Up-to-date: /home/charan/Mars-summer-tasks/task-2/install/turtle_patrol_interfaces/include/turtle_patrol_interfaces/turtle_patrol_interfaces/action
[5.854s] -- Installing: /home/charan/Mars-summer-tasks/task-2/install/turtle_patrol_interfaces/include/turtle_patrol_interfaces/turtle_patrol_interfaces/action/execute_circle.hpp
[5.854s] -- Up-to-date: /home/charan/Mars-summer-tasks/task-2/install/turtle_patrol_interfaces/include/turtle_patrol_interfaces/turtle_patrol_interfaces/action/detail
[5.854s] -- Installing: /home/charan/Mars-summer-tasks/task-2/install/turtle_patrol_interfaces/include/turtle_patrol_interfaces/turtle_patrol_interfaces/action/detail/execute_circle__builder.hpp
[5.854s] -- Installing: /home/charan/Mars-summer-tasks/task-2/install/turtle_patrol_interfaces/include/turtle_patrol_interfaces/turtle_patrol_interfaces/action/detail/execute_circle__traits.hpp
[5.854s] -- Installing: /home/charan/Mars-summer-tasks/task-2/install/turtle_patrol_interfaces/include/turtle_patrol_interfaces/turtle_patrol_interfaces/action/detail/execute_circle__type_support.hpp
[5.855s] -- Installing: /home/charan/Mars-summer-tasks/task-2/install/turtle_patrol_interfaces/include/turtle_patrol_interfaces/turtle_patrol_interfaces/action/detail/execute_circle__struct.hpp
[5.855s] -- Up-to-date: /home/charan/Mars-summer-tasks/task-2/install/turtle_patrol_interfaces/include/turtle_patrol_interfaces/turtle_patrol_interfaces/msg
[5.855s] -- Installing: /home/charan/Mars-summer-tasks/task-2/install/turtle_patrol_interfaces/include/turtle_patrol_interfaces/turtle_patrol_interfaces/msg/rosidl_generator_cpp__visibility_control.hpp
[5.855s] -- Up-to-date: /home/charan/Mars-summer-tasks/task-2/install/turtle_patrol_interfaces/include/turtle_patrol_interfaces/turtle_patrol_interfaces
[5.855s] -- Up-to-date: /home/charan/Mars-summer-tasks/task-2/install/turtle_patrol_interfaces/include/turtle_patrol_interfaces/turtle_patrol_interfaces/action
[5.855s] -- Up-to-date: /home/charan/Mars-summer-tasks/task-2/install/turtle_patrol_interfaces/include/turtle_patrol_interfaces/turtle_patrol_interfaces/action/detail
[5.855s] -- Installing: /home/charan/Mars-summer-tasks/task-2/install/turtle_patrol_interfaces/include/turtle_patrol_interfaces/turtle_patrol_interfaces/action/detail/execute_circle__rosidl_typesupport_fastrtps_cpp.hpp
[5.855s] -- Installing: /home/charan/Mars-summer-tasks/task-2/install/turtle_patrol_interfaces/include/turtle_patrol_interfaces/turtle_patrol_interfaces/action/detail/dds_fastrtps
[5.855s] -- Up-to-date: /home/charan/Mars-summer-tasks/task-2/install/turtle_patrol_interfaces/include/turtle_patrol_interfaces/turtle_patrol_interfaces/msg
[5.855s] -- Installing: /home/charan/Mars-summer-tasks/task-2/install/turtle_patrol_interfaces/include/turtle_patrol_interfaces/turtle_patrol_interfaces/msg/rosidl_typesupport_fastrtps_cpp__visibility_control.h
[5.855s] -- Installing: /home/charan/Mars-summer-tasks/task-2/install/turtle_patrol_interfaces/lib/libturtle_patrol_interfaces__rosidl_typesupport_fastrtps_cpp.so
[5.855s] -- Set runtime path of "/home/charan/Mars-summer-tasks/task-2/install/turtle_patrol_interfaces/lib/libturtle_patrol_interfaces__rosidl_typesupport_fastrtps_cpp.so" to ""
[5.855s] -- Up-to-date: /home/charan/Mars-summer-tasks/task-2/install/turtle_patrol_interfaces/include/turtle_patrol_interfaces/turtle_patrol_interfaces
[5.855s] -- Up-to-date: /home/charan/Mars-summer-tasks/task-2/install/turtle_patrol_interfaces/include/turtle_patrol_interfaces/turtle_patrol_interfaces/action
[5.855s] -- Up-to-date: /home/charan/Mars-summer-tasks/task-2/install/turtle_patrol_interfaces/include/turtle_patrol_interfaces/turtle_patrol_interfaces/action/detail
[5.855s] -- Installing: /home/charan/Mars-summer-tasks/task-2/install/turtle_patrol_interfaces/include/turtle_patrol_interfaces/turtle_patrol_interfaces/action/detail/execute_circle__type_support.cpp
[5.856s] -- Installing: /home/charan/Mars-summer-tasks/task-2/install/turtle_patrol_interfaces/include/turtle_patrol_interfaces/turtle_patrol_interfaces/action/detail/execute_circle__rosidl_typesupport_introspection_cpp.hpp
[5.856s] -- Installing: /home/charan/Mars-summer-tasks/task-2/install/turtle_patrol_interfaces/lib/libturtle_patrol_interfaces__rosidl_typesupport_introspection_cpp.so
[5.856s] -- Set runtime path of "/home/charan/Mars-summer-tasks/task-2/install/turtle_patrol_interfaces/lib/libturtle_patrol_interfaces__rosidl_typesupport_introspection_cpp.so" to ""
[5.856s] -- Installing: /home/charan/Mars-summer-tasks/task-2/install/turtle_patrol_interfaces/lib/libturtle_patrol_interfaces__rosidl_typesupport_cpp.so
[5.856s] -- Set runtime path of "/home/charan/Mars-summer-tasks/task-2/install/turtle_patrol_interfaces/lib/libturtle_patrol_interfaces__rosidl_typesupport_cpp.so" to ""
[5.856s] -- Installing: /home/charan/Mars-summer-tasks/task-2/install/turtle_patrol_interfaces/share/turtle_patrol_interfaces/environment/pythonpath.sh
[5.856s] -- Installing: /home/charan/Mars-summer-tasks/task-2/install/turtle_patrol_interfaces/share/turtle_patrol_interfaces/environment/pythonpath.dsv
[5.856s] -- Installing: /home/charan/Mars-summer-tasks/task-2/install/turtle_patrol_interfaces/local/lib/python3.10/dist-packages/turtle_patrol_interfaces-0.0.0-py3.10.egg-info
[5.856s] -- Installing: /home/charan/Mars-summer-tasks/task-2/install/turtle_patrol_interfaces/local/lib/python3.10/dist-packages/turtle_patrol_interfaces-0.0.0-py3.10.egg-info/PKG-INFO
[5.856s] -- Installing: /home/charan/Mars-summer-tasks/task-2/install/turtle_patrol_interfaces/local/lib/python3.10/dist-packages/turtle_patrol_interfaces-0.0.0-py3.10.egg-info/dependency_links.txt
[5.856s] -- Installing: /home/charan/Mars-summer-tasks/task-2/install/turtle_patrol_interfaces/local/lib/python3.10/dist-packages/turtle_patrol_interfaces-0.0.0-py3.10.egg-info/top_level.txt
[5.856s] -- Installing: /home/charan/Mars-summer-tasks/task-2/install/turtle_patrol_interfaces/local/lib/python3.10/dist-packages/turtle_patrol_interfaces-0.0.0-py3.10.egg-info/SOURCES.txt
[5.857s] -- Installing: /home/charan/Mars-summer-tasks/task-2/install/turtle_patrol_interfaces/local/lib/python3.10/dist-packages/turtle_patrol_interfaces
[5.857s] -- Installing: /home/charan/Mars-summer-tasks/task-2/install/turtle_patrol_interfaces/local/lib/python3.10/dist-packages/turtle_patrol_interfaces/__init__.py
[5.857s] -- Installing: /home/charan/Mars-summer-tasks/task-2/install/turtle_patrol_interfaces/local/lib/python3.10/dist-packages/turtle_patrol_interfaces/_turtle_patrol_interfaces_s.ep.rosidl_typesupport_c.c
[5.857s] -- Installing: /home/charan/Mars-summer-tasks/task-2/install/turtle_patrol_interfaces/local/lib/python3.10/dist-packages/turtle_patrol_interfaces/_turtle_patrol_interfaces_s.ep.rosidl_typesupport_introspection_c.c
[5.857s] -- Installing: /home/charan/Mars-summer-tasks/task-2/install/turtle_patrol_interfaces/local/lib/python3.10/dist-packages/turtle_patrol_interfaces/action
[5.857s] -- Installing: /home/charan/Mars-summer-tasks/task-2/install/turtle_patrol_interfaces/local/lib/python3.10/dist-packages/turtle_patrol_interfaces/action/__init__.py
[5.857s] -- Installing: /home/charan/Mars-summer-tasks/task-2/install/turtle_patrol_interfaces/local/lib/python3.10/dist-packages/turtle_patrol_interfaces/action/_execute_circle_s.c
[5.857s] -- Installing: /home/charan/Mars-summer-tasks/task-2/install/turtle_patrol_interfaces/local/lib/python3.10/dist-packages/turtle_patrol_interfaces/action/_execute_circle.py
[5.857s] -- Installing: /home/charan/Mars-summer-tasks/task-2/install/turtle_patrol_interfaces/local/lib/python3.10/dist-packages/turtle_patrol_interfaces/turtle_patrol_interfaces_s__rosidl_typesupport_c.cpython-310-aarch64-linux-gnu.so
[5.857s] -- Installing: /home/charan/Mars-summer-tasks/task-2/install/turtle_patrol_interfaces/local/lib/python3.10/dist-packages/turtle_patrol_interfaces/libturtle_patrol_interfaces__rosidl_generator_py.so
[5.857s] -- Installing: /home/charan/Mars-summer-tasks/task-2/install/turtle_patrol_interfaces/local/lib/python3.10/dist-packages/turtle_patrol_interfaces/_turtle_patrol_interfaces_s.ep.rosidl_typesupport_fastrtps_c.c
[5.857s] -- Installing: /home/charan/Mars-summer-tasks/task-2/install/turtle_patrol_interfaces/local/lib/python3.10/dist-packages/turtle_patrol_interfaces/turtle_patrol_interfaces_s__rosidl_typesupport_introspection_c.cpython-310-aarch64-linux-gnu.so
[5.857s] -- Installing: /home/charan/Mars-summer-tasks/task-2/install/turtle_patrol_interfaces/local/lib/python3.10/dist-packages/turtle_patrol_interfaces/turtle_patrol_interfaces_s__rosidl_typesupport_fastrtps_c.cpython-310-aarch64-linux-gnu.so
[5.878s] Listing '/home/charan/Mars-summer-tasks/task-2/install/turtle_patrol_interfaces/local/lib/python3.10/dist-packages/turtle_patrol_interfaces'...
[5.878s] Compiling '/home/charan/Mars-summer-tasks/task-2/install/turtle_patrol_interfaces/local/lib/python3.10/dist-packages/turtle_patrol_interfaces/__init__.py'...
[5.878s] Listing '/home/charan/Mars-summer-tasks/task-2/install/turtle_patrol_interfaces/local/lib/python3.10/dist-packages/turtle_patrol_interfaces/action'...
[5.878s] Compiling '/home/charan/Mars-summer-tasks/task-2/install/turtle_patrol_interfaces/local/lib/python3.10/dist-packages/turtle_patrol_interfaces/action/__init__.py'...
[5.878s] Compiling '/home/charan/Mars-summer-tasks/task-2/install/turtle_patrol_interfaces/local/lib/python3.10/dist-packages/turtle_patrol_interfaces/action/_execute_circle.py'...
[5.881s] -- Installing: /home/charan/Mars-summer-tasks/task-2/install/turtle_patrol_interfaces/local/lib/python3.10/dist-packages/turtle_patrol_interfaces/turtle_patrol_interfaces_s__rosidl_typesupport_fastrtps_c.cpython-310-aarch64-linux-gnu.so
[5.881s] -- Set runtime path of "/home/charan/Mars-summer-tasks/task-2/install/turtle_patrol_interfaces/local/lib/python3.10/dist-packages/turtle_patrol_interfaces/turtle_patrol_interfaces_s__rosidl_typesupport_fastrtps_c.cpython-310-aarch64-linux-gnu.so" to ""
[5.881s] -- Installing: /home/charan/Mars-summer-tasks/task-2/install/turtle_patrol_interfaces/local/lib/python3.10/dist-packages/turtle_patrol_interfaces/turtle_patrol_interfaces_s__rosidl_typesupport_introspection_c.cpython-310-aarch64-linux-gnu.so
[5.881s] -- Set runtime path of "/home/charan/Mars-summer-tasks/task-2/install/turtle_patrol_interfaces/local/lib/python3.10/dist-packages/turtle_patrol_interfaces/turtle_patrol_interfaces_s__rosidl_typesupport_introspection_c.cpython-310-aarch64-linux-gnu.so" to ""
[5.882s] -- Installing: /home/charan/Mars-summer-tasks/task-2/install/turtle_patrol_interfaces/local/lib/python3.10/dist-packages/turtle_patrol_interfaces/turtle_patrol_interfaces_s__rosidl_typesupport_c.cpython-310-aarch64-linux-gnu.so
[5.882s] -- Set runtime path of "/home/charan/Mars-summer-tasks/task-2/install/turtle_patrol_interfaces/local/lib/python3.10/dist-packages/turtle_patrol_interfaces/turtle_patrol_interfaces_s__rosidl_typesupport_c.cpython-310-aarch64-linux-gnu.so" to ""
[5.882s] -- Installing: /home/charan/Mars-summer-tasks/task-2/install/turtle_patrol_interfaces/lib/libturtle_patrol_interfaces__rosidl_generator_py.so
[5.882s] -- Set runtime path of "/home/charan/Mars-summer-tasks/task-2/install/turtle_patrol_interfaces/lib/libturtle_patrol_interfaces__rosidl_generator_py.so" to ""
[5.882s] -- Installing: /home/charan/Mars-summer-tasks/task-2/install/turtle_patrol_interfaces/share/ament_index/resource_index/rust_packages/turtle_patrol_interfaces
[5.882s] -- Installing: /home/charan/Mars-summer-tasks/task-2/install/turtle_patrol_interfaces/share/turtle_patrol_interfaces/rust
[5.882s] -- Installing: /home/charan/Mars-summer-tasks/task-2/install/turtle_patrol_interfaces/share/turtle_patrol_interfaces/rust/src
[5.882s] -- Installing: /home/charan/Mars-summer-tasks/task-2/install/turtle_patrol_interfaces/share/turtle_patrol_interfaces/rust/src/action
[5.882s] -- Installing: /home/charan/Mars-summer-tasks/task-2/install/turtle_patrol_interfaces/share/turtle_patrol_interfaces/rust/src/action/rmw.rs
[5.882s] -- Installing: /home/charan/Mars-summer-tasks/task-2/install/turtle_patrol_interfaces/share/turtle_patrol_interfaces/rust/src/lib.rs
[5.883s] -- Installing: /home/charan/Mars-summer-tasks/task-2/install/turtle_patrol_interfaces/share/turtle_patrol_interfaces/rust/src/action.rs
[5.883s] -- Installing: /home/charan/Mars-summer-tasks/task-2/install/turtle_patrol_interfaces/share/turtle_patrol_interfaces/rust/Cargo.toml
[5.883s] -- Installing: /home/charan/Mars-summer-tasks/task-2/install/turtle_patrol_interfaces/share/turtle_patrol_interfaces/rust/build.rs
[5.883s] -- Installing: /home/charan/Mars-summer-tasks/task-2/install/turtle_patrol_interfaces/share/turtle_patrol_interfaces/action/ExecuteCircle.idl
[5.883s] -- Installing: /home/charan/Mars-summer-tasks/task-2/install/turtle_patrol_interfaces/share/turtle_patrol_interfaces/action/ExecuteCircle.action
[5.883s] -- Installing: /home/charan/Mars-summer-tasks/task-2/install/turtle_patrol_interfaces/share/ament_index/resource_index/package_run_dependencies/turtle_patrol_interfaces
[5.883s] -- Installing: /home/charan/Mars-summer-tasks/task-2/install/turtle_patrol_interfaces/share/ament_index/resource_index/parent_prefix_path/turtle_patrol_interfaces
[5.883s] -- Installing: /home/charan/Mars-summer-tasks/task-2/install/turtle_patrol_interfaces/share/turtle_patrol_interfaces/environment/ament_prefix_path.sh
[5.883s] -- Installing: /home/charan/Mars-summer-tasks/task-2/install/turtle_patrol_interfaces/share/turtle_patrol_interfaces/environment/ament_prefix_path.dsv
[5.883s] -- Installing: /home/charan/Mars-summer-tasks/task-2/install/turtle_patrol_interfaces/share/turtle_patrol_interfaces/environment/path.sh
[5.883s] -- Installing: /home/charan/Mars-summer-tasks/task-2/install/turtle_patrol_interfaces/share/turtle_patrol_interfaces/environment/path.dsv
[5.883s] -- Installing: /home/charan/Mars-summer-tasks/task-2/install/turtle_patrol_interfaces/share/turtle_patrol_interfaces/local_setup.bash
[5.883s] -- Installing: /home/charan/Mars-summer-tasks/task-2/install/turtle_patrol_interfaces/share/turtle_patrol_interfaces/local_setup.sh
[5.883s] -- Installing: /home/charan/Mars-summer-tasks/task-2/install/turtle_patrol_interfaces/share/turtle_patrol_interfaces/local_setup.zsh
[5.884s] -- Installing: /home/charan/Mars-summer-tasks/task-2/install/turtle_patrol_interfaces/share/turtle_patrol_interfaces/local_setup.dsv
[5.884s] -- Installing: /home/charan/Mars-summer-tasks/task-2/install/turtle_patrol_interfaces/share/turtle_patrol_interfaces/package.dsv
[5.884s] -- Installing: /home/charan/Mars-summer-tasks/task-2/install/turtle_patrol_interfaces/share/ament_index/resource_index/packages/turtle_patrol_interfaces
[5.884s] -- Installing: /home/charan/Mars-summer-tasks/task-2/install/turtle_patrol_interfaces/share/turtle_patrol_interfaces/cmake/export_turtle_patrol_interfaces__rosidl_generator_cExport.cmake
[5.884s] -- Installing: /home/charan/Mars-summer-tasks/task-2/install/turtle_patrol_interfaces/share/turtle_patrol_interfaces/cmake/export_turtle_patrol_interfaces__rosidl_generator_cExport-noconfig.cmake
[5.884s] -- Installing: /home/charan/Mars-summer-tasks/task-2/install/turtle_patrol_interfaces/share/turtle_patrol_interfaces/cmake/export_turtle_patrol_interfaces__rosidl_typesupport_fastrtps_cExport.cmake
[5.884s] -- Installing: /home/charan/Mars-summer-tasks/task-2/install/turtle_patrol_interfaces/share/turtle_patrol_interfaces/cmake/export_turtle_patrol_interfaces__rosidl_typesupport_fastrtps_cExport-noconfig.cmake
[5.884s] -- Installing: /home/charan/Mars-summer-tasks/task-2/install/turtle_patrol_interfaces/share/turtle_patrol_interfaces/cmake/turtle_patrol_interfaces__rosidl_typesupport_introspection_cExport.cmake
[5.884s] -- Installing: /home/charan/Mars-summer-tasks/task-2/install/turtle_patrol_interfaces/share/turtle_patrol_interfaces/cmake/turtle_patrol_interfaces__rosidl_typesupport_introspection_cExport-noconfig.cmake
[5.884s] -- Installing: /home/charan/Mars-summer-tasks/task-2/install/turtle_patrol_interfaces/share/turtle_patrol_interfaces/cmake/turtle_patrol_interfaces__rosidl_typesupport_cExport.cmake
[5.884s] -- Installing: /home/charan/Mars-summer-tasks/task-2/install/turtle_patrol_interfaces/share/turtle_patrol_interfaces/cmake/turtle_patrol_interfaces__rosidl_typesupport_cExport-noconfig.cmake
[5.884s] -- Installing: /home/charan/Mars-summer-tasks/task-2/install/turtle_patrol_interfaces/share/turtle_patrol_interfaces/cmake/export_turtle_patrol_interfaces__rosidl_generator_cppExport.cmake
[5.885s] -- Installing: /home/charan/Mars-summer-tasks/task-2/install/turtle_patrol_interfaces/share/turtle_patrol_interfaces/cmake/export_turtle_patrol_interfaces__rosidl_typesupport_fastrtps_cppExport.cmake
[5.885s] -- Installing: /home/charan/Mars-summer-tasks/task-2/install/turtle_patrol_interfaces/share/turtle_patrol_interfaces/cmake/export_turtle_patrol_interfaces__rosidl_typesupport_fastrtps_cppExport-noconfig.cmake
[5.885s] -- Installing: /home/charan/Mars-summer-tasks/task-2/install/turtle_patrol_interfaces/share/turtle_patrol_interfaces/cmake/turtle_patrol_interfaces__rosidl_typesupport_introspection_cppExport.cmake
[5.885s] -- Installing: /home/charan/Mars-summer-tasks/task-2/install/turtle_patrol_interfaces/share/turtle_patrol_interfaces/cmake/turtle_patrol_interfaces__rosidl_typesupport_introspection_cppExport-noconfig.cmake
[5.885s] -- Installing: /home/charan/Mars-summer-tasks/task-2/install/turtle_patrol_interfaces/share/turtle_patrol_interfaces/cmake/turtle_patrol_interfaces__rosidl_typesupport_cppExport.cmake
[5.885s] -- Installing: /home/charan/Mars-summer-tasks/task-2/install/turtle_patrol_interfaces/share/turtle_patrol_interfaces/cmake/turtle_patrol_interfaces__rosidl_typesupport_cppExport-noconfig.cmake
[5.885s] -- Installing: /home/charan/Mars-summer-tasks/task-2/install/turtle_patrol_interfaces/share/turtle_patrol_interfaces/cmake/export_turtle_patrol_interfaces__rosidl_generator_pyExport.cmake
[5.885s] -- Installing: /home/charan/Mars-summer-tasks/task-2/install/turtle_patrol_interfaces/share/turtle_patrol_interfaces/cmake/export_turtle_patrol_interfaces__rosidl_generator_pyExport-noconfig.cmake
[5.885s] -- Installing: /home/charan/Mars-summer-tasks/task-2/install/turtle_patrol_interfaces/share/turtle_patrol_interfaces/cmake/rosidl_cmake-extras.cmake
[5.885s] -- Installing: /home/charan/Mars-summer-tasks/task-2/install/turtle_patrol_interfaces/share/turtle_patrol_interfaces/cmake/ament_cmake_export_dependencies-extras.cmake
[5.885s] -- Installing: /home/charan/Mars-summer-tasks/task-2/install/turtle_patrol_interfaces/share/turtle_patrol_interfaces/cmake/ament_cmake_export_include_directories-extras.cmake
[5.886s] -- Installing: /home/charan/Mars-summer-tasks/task-2/install/turtle_patrol_interfaces/share/turtle_patrol_interfaces/cmake/ament_cmake_export_libraries-extras.cmake
[5.886s] -- Installing: /home/charan/Mars-summer-tasks/task-2/install/turtle_patrol_interfaces/share/turtle_patrol_interfaces/cmake/ament_cmake_export_targets-extras.cmake
[5.886s] -- Installing: /home/charan/Mars-summer-tasks/task-2/install/turtle_patrol_interfaces/share/turtle_patrol_interfaces/cmake/rosidl_cmake_export_typesupport_targets-extras.cmake
[5.887s] -- Installing: /home/charan/Mars-summer-tasks/task-2/install/turtle_patrol_interfaces/share/turtle_patrol_interfaces/cmake/rosidl_cmake_export_typesupport_libraries-extras.cmake
[5.887s] -- Installing: /home/charan/Mars-summer-tasks/task-2/install/turtle_patrol_interfaces/share/turtle_patrol_interfaces/cmake/turtle_patrol_interfacesConfig.cmake
[5.887s] -- Installing: /home/charan/Mars-summer-tasks/task-2/install/turtle_patrol_interfaces/share/turtle_patrol_interfaces/cmake/turtle_patrol_interfacesConfig-version.cmake
[5.887s] -- Installing: /home/charan/Mars-summer-tasks/task-2/install/turtle_patrol_interfaces/share/turtle_patrol_interfaces/package.xml
[5.893s] Invoked command in '/home/charan/Mars-summer-tasks/task-2/build/turtle_patrol_interfaces' returned '0': CMAKE_PREFIX_PATH=/opt/ros/humble /usr/bin/cmake --install /home/charan/Mars-summer-tasks/task-2/build/turtle_patrol_interfaces
