[0.371s] Invoking command in '/home/charan/Mars-summer-tasks/task-2/ros_ws/src/turtle_patrol': AMENT_PREFIX_PATH=/home/charan/Mars-summer-tasks/task-2/install/turtle_patrol_interfaces:${AMENT_PREFIX_PATH} CMAKE_PREFIX_PATH=/home/charan/Mars-summer-tasks/task-2/install/turtle_patrol_interfaces LD_LIBRARY_PATH=/home/charan/Mars-summer-tasks/task-2/install/turtle_patrol_interfaces/lib:${LD_LIBRARY_PATH} PYTHONPATH=/home/charan/Mars-summer-tasks/task-2/build/turtle_patrol/prefix_override:/usr/lib/python3/dist-packages/colcon_core/task/python/colcon_distutils_commands:/home/charan/Mars-summer-tasks/task-2/install/turtle_patrol/lib/python3.10/site-packages:/home/charan/Mars-summer-tasks/task-2/install/turtle_patrol_interfaces/local/lib/python3.10/dist-packages:${PYTHONPATH} /usr/bin/python3 -W ignore:setup.py install is deprecated -W ignore:easy_install command is deprecated setup.py egg_info --egg-base ../../../build/turtle_patrol build --build-base /home/charan/Mars-summer-tasks/task-2/build/turtle_patrol/build install --record /home/charan/Mars-summer-tasks/task-2/build/turtle_patrol/install.log --single-version-externally-managed install_data
[0.471s] running egg_info
[0.471s] creating ../../../build/turtle_patrol/turtle_patrol.egg-info
[0.471s] writing ../../../build/turtle_patrol/turtle_patrol.egg-info/PKG-INFO
[0.471s] writing dependency_links to ../../../build/turtle_patrol/turtle_patrol.egg-info/dependency_links.txt
[0.471s] writing entry points to ../../../build/turtle_patrol/turtle_patrol.egg-info/entry_points.txt
[0.471s] writing requirements to ../../../build/turtle_patrol/turtle_patrol.egg-info/requires.txt
[0.471s] writing top-level names to ../../../build/turtle_patrol/turtle_patrol.egg-info/top_level.txt
[0.472s] writing manifest file '../../../build/turtle_patrol/turtle_patrol.egg-info/SOURCES.txt'
[0.472s] reading manifest file '../../../build/turtle_patrol/turtle_patrol.egg-info/SOURCES.txt'
[0.473s] writing manifest file '../../../build/turtle_patrol/turtle_patrol.egg-info/SOURCES.txt'
[0.473s] running build
[0.473s] running build_py
[0.473s] creating /home/charan/Mars-summer-tasks/task-2/build/turtle_patrol/build
[0.473s] creating /home/charan/Mars-summer-tasks/task-2/build/turtle_patrol/build/lib
[0.473s] creating /home/charan/Mars-summer-tasks/task-2/build/turtle_patrol/build/lib/turtle_patrol
[0.473s] copying turtle_patrol/__init__.py -> /home/charan/Mars-summer-tasks/task-2/build/turtle_patrol/build/lib/turtle_patrol
[0.473s] copying turtle_patrol/circle_patrol_server.py -> /home/charan/Mars-summer-tasks/task-2/build/turtle_patrol/build/lib/turtle_patrol
[0.473s] copying turtle_patrol/circle_patrol_client.py -> /home/charan/Mars-summer-tasks/task-2/build/turtle_patrol/build/lib/turtle_patrol
[0.474s] running install
[0.475s] running install_lib
[0.475s] creating /home/charan/Mars-summer-tasks/task-2/install/turtle_patrol/lib/python3.10/site-packages/turtle_patrol
[0.475s] copying /home/charan/Mars-summer-tasks/task-2/build/turtle_patrol/build/lib/turtle_patrol/__init__.py -> /home/charan/Mars-summer-tasks/task-2/install/turtle_patrol/lib/python3.10/site-packages/turtle_patrol
[0.475s] copying /home/charan/Mars-summer-tasks/task-2/build/turtle_patrol/build/lib/turtle_patrol/circle_patrol_server.py -> /home/charan/Mars-summer-tasks/task-2/install/turtle_patrol/lib/python3.10/site-packages/turtle_patrol
[0.475s] copying /home/charan/Mars-summer-tasks/task-2/build/turtle_patrol/build/lib/turtle_patrol/circle_patrol_client.py -> /home/charan/Mars-summer-tasks/task-2/install/turtle_patrol/lib/python3.10/site-packages/turtle_patrol
[0.475s] byte-compiling /home/charan/Mars-summer-tasks/task-2/install/turtle_patrol/lib/python3.10/site-packages/turtle_patrol/__init__.py to __init__.cpython-310.pyc
[0.475s] byte-compiling /home/charan/Mars-summer-tasks/task-2/install/turtle_patrol/lib/python3.10/site-packages/turtle_patrol/circle_patrol_server.py to circle_patrol_server.cpython-310.pyc
[0.476s] byte-compiling /home/charan/Mars-summer-tasks/task-2/install/turtle_patrol/lib/python3.10/site-packages/turtle_patrol/circle_patrol_client.py to circle_patrol_client.cpython-310.pyc
[0.477s] running install_data
[0.477s] creating /home/charan/Mars-summer-tasks/task-2/install/turtle_patrol/share/ament_index
[0.477s] creating /home/charan/Mars-summer-tasks/task-2/install/turtle_patrol/share/ament_index/resource_index
[0.477s] creating /home/charan/Mars-summer-tasks/task-2/install/turtle_patrol/share/ament_index/resource_index/packages
[0.477s] copying resource/turtle_patrol -> /home/charan/Mars-summer-tasks/task-2/install/turtle_patrol/share/ament_index/resource_index/packages
[0.477s] copying package.xml -> /home/charan/Mars-summer-tasks/task-2/install/turtle_patrol/share/turtle_patrol
[0.477s] running install_egg_info
[0.478s] Copying ../../../build/turtle_patrol/turtle_patrol.egg-info to /home/charan/Mars-summer-tasks/task-2/install/turtle_patrol/lib/python3.10/site-packages/turtle_patrol-0.0.0-py3.10.egg-info
[0.478s] running install_scripts
[0.487s] Installing circle_patrol_client script to /home/charan/Mars-summer-tasks/task-2/install/turtle_patrol/lib/turtle_patrol
[0.487s] Installing circle_patrol_server script to /home/charan/Mars-summer-tasks/task-2/install/turtle_patrol/lib/turtle_patrol
[0.487s] writing list of installed files to '/home/charan/Mars-summer-tasks/task-2/build/turtle_patrol/install.log'
[0.499s] Invoked command in '/home/charan/Mars-summer-tasks/task-2/ros_ws/src/turtle_patrol' returned '0': AMENT_PREFIX_PATH=/home/charan/Mars-summer-tasks/task-2/install/turtle_patrol_interfaces:${AMENT_PREFIX_PATH} CMAKE_PREFIX_PATH=/home/charan/Mars-summer-tasks/task-2/install/turtle_patrol_interfaces LD_LIBRARY_PATH=/home/charan/Mars-summer-tasks/task-2/install/turtle_patrol_interfaces/lib:${LD_LIBRARY_PATH} PYTHONPATH=/home/charan/Mars-summer-tasks/task-2/build/turtle_patrol/prefix_override:/usr/lib/python3/dist-packages/colcon_core/task/python/colcon_distutils_commands:/home/charan/Mars-summer-tasks/task-2/install/turtle_patrol/lib/python3.10/site-packages:/home/charan/Mars-summer-tasks/task-2/install/turtle_patrol_interfaces/local/lib/python3.10/dist-packages:${PYTHONPATH} /usr/bin/python3 -W ignore:setup.py install is deprecated -W ignore:easy_install command is deprecated setup.py egg_info --egg-base ../../../build/turtle_patrol build --build-base /home/charan/Mars-summer-tasks/task-2/build/turtle_patrol/build install --record /home/charan/Mars-summer-tasks/task-2/build/turtle_patrol/install.log --single-version-externally-managed install_data
