running egg_info
writing ../../build/turtle_patrol/turtle_patrol.egg-info/PKG-INFO
writing dependency_links to ../../build/turtle_patrol/turtle_patrol.egg-info/dependency_links.txt
writing entry points to ../../build/turtle_patrol/turtle_patrol.egg-info/entry_points.txt
writing requirements to ../../build/turtle_patrol/turtle_patrol.egg-info/requires.txt
writing top-level names to ../../build/turtle_patrol/turtle_patrol.egg-info/top_level.txt
reading manifest file '../../build/turtle_patrol/turtle_patrol.egg-info/SOURCES.txt'
writing manifest file '../../build/turtle_patrol/turtle_patrol.egg-info/SOURCES.txt'
running build
running build_py
copying turtle_patrol/circle_patrol_server.py -> /home/charan/Mars-summer-tasks/task-2/ros_ws/build/turtle_patrol/build/lib/turtle_patrol
running install
running install_lib
copying /home/charan/Mars-summer-tasks/task-2/ros_ws/build/turtle_patrol/build/lib/turtle_patrol/circle_patrol_server.py -> /home/charan/Mars-summer-tasks/task-2/ros_ws/install/turtle_patrol/lib/python3.10/site-packages/turtle_patrol
byte-compiling /home/charan/Mars-summer-tasks/task-2/ros_ws/install/turtle_patrol/lib/python3.10/site-packages/turtle_patrol/circle_patrol_server.py to circle_patrol_server.cpython-310.pyc
running install_data
running install_egg_info
removing '/home/charan/Mars-summer-tasks/task-2/ros_ws/install/turtle_patrol/lib/python3.10/site-packages/turtle_patrol-0.0.0-py3.10.egg-info' (and everything under it)
Copying ../../build/turtle_patrol/turtle_patrol.egg-info to /home/charan/Mars-summer-tasks/task-2/ros_ws/install/turtle_patrol/lib/python3.10/site-packages/turtle_patrol-0.0.0-py3.10.egg-info
running install_scripts
Installing circle_patrol_client script to /home/charan/Mars-summer-tasks/task-2/ros_ws/install/turtle_patrol/lib/turtle_patrol
Installing circle_patrol_server script to /home/charan/Mars-summer-tasks/task-2/ros_ws/install/turtle_patrol/lib/turtle_patrol
writing list of installed files to '/home/charan/Mars-summer-tasks/task-2/ros_ws/build/turtle_patrol/install.log'
