running egg_info
creating ../../build/turtle_patrol/turtle_patrol.egg-info
writing ../../build/turtle_patrol/turtle_patrol.egg-info/PKG-INFO
writing dependency_links to ../../build/turtle_patrol/turtle_patrol.egg-info/dependency_links.txt
writing entry points to ../../build/turtle_patrol/turtle_patrol.egg-info/entry_points.txt
writing requirements to ../../build/turtle_patrol/turtle_patrol.egg-info/requires.txt
writing top-level names to ../../build/turtle_patrol/turtle_patrol.egg-info/top_level.txt
writing manifest file '../../build/turtle_patrol/turtle_patrol.egg-info/SOURCES.txt'
reading manifest file '../../build/turtle_patrol/turtle_patrol.egg-info/SOURCES.txt'
writing manifest file '../../build/turtle_patrol/turtle_patrol.egg-info/SOURCES.txt'
running build
running build_py
creating /home/charan/Mars-summer-tasks/task-2/ros_ws/build/turtle_patrol/build
creating /home/charan/Mars-summer-tasks/task-2/ros_ws/build/turtle_patrol/build/lib
creating /home/charan/Mars-summer-tasks/task-2/ros_ws/build/turtle_patrol/build/lib/turtle_patrol
copying turtle_patrol/__init__.py -> /home/charan/Mars-summer-tasks/task-2/ros_ws/build/turtle_patrol/build/lib/turtle_patrol
copying turtle_patrol/circle_patrol_server.py -> /home/charan/Mars-summer-tasks/task-2/ros_ws/build/turtle_patrol/build/lib/turtle_patrol
copying turtle_patrol/circle_patrol_client.py -> /home/charan/Mars-summer-tasks/task-2/ros_ws/build/turtle_patrol/build/lib/turtle_patrol
running install
running install_lib
creating /home/charan/Mars-summer-tasks/task-2/ros_ws/install/turtle_patrol/lib/python3.10/site-packages/turtle_patrol
copying /home/charan/Mars-summer-tasks/task-2/ros_ws/build/turtle_patrol/build/lib/turtle_patrol/__init__.py -> /home/charan/Mars-summer-tasks/task-2/ros_ws/install/turtle_patrol/lib/python3.10/site-packages/turtle_patrol
copying /home/charan/Mars-summer-tasks/task-2/ros_ws/build/turtle_patrol/build/lib/turtle_patrol/circle_patrol_server.py -> /home/charan/Mars-summer-tasks/task-2/ros_ws/install/turtle_patrol/lib/python3.10/site-packages/turtle_patrol
copying /home/charan/Mars-summer-tasks/task-2/ros_ws/build/turtle_patrol/build/lib/turtle_patrol/circle_patrol_client.py -> /home/charan/Mars-summer-tasks/task-2/ros_ws/install/turtle_patrol/lib/python3.10/site-packages/turtle_patrol
byte-compiling /home/charan/Mars-summer-tasks/task-2/ros_ws/install/turtle_patrol/lib/python3.10/site-packages/turtle_patrol/__init__.py to __init__.cpython-310.pyc
byte-compiling /home/charan/Mars-summer-tasks/task-2/ros_ws/install/turtle_patrol/lib/python3.10/site-packages/turtle_patrol/circle_patrol_server.py to circle_patrol_server.cpython-310.pyc
byte-compiling /home/charan/Mars-summer-tasks/task-2/ros_ws/install/turtle_patrol/lib/python3.10/site-packages/turtle_patrol/circle_patrol_client.py to circle_patrol_client.cpython-310.pyc
running install_data
creating /home/charan/Mars-summer-tasks/task-2/ros_ws/install/turtle_patrol/share/ament_index
creating /home/charan/Mars-summer-tasks/task-2/ros_ws/install/turtle_patrol/share/ament_index/resource_index
creating /home/charan/Mars-summer-tasks/task-2/ros_ws/install/turtle_patrol/share/ament_index/resource_index/packages
copying resource/turtle_patrol -> /home/charan/Mars-summer-tasks/task-2/ros_ws/install/turtle_patrol/share/ament_index/resource_index/packages
copying package.xml -> /home/charan/Mars-summer-tasks/task-2/ros_ws/install/turtle_patrol/share/turtle_patrol
running install_egg_info
Copying ../../build/turtle_patrol/turtle_patrol.egg-info to /home/charan/Mars-summer-tasks/task-2/ros_ws/install/turtle_patrol/lib/python3.10/site-packages/turtle_patrol-0.0.0-py3.10.egg-info
running install_scripts
Installing circle_patrol_client script to /home/charan/Mars-summer-tasks/task-2/ros_ws/install/turtle_patrol/lib/turtle_patrol
Installing circle_patrol_server script to /home/charan/Mars-summer-tasks/task-2/ros_ws/install/turtle_patrol/lib/turtle_patrol
writing list of installed files to '/home/charan/Mars-summer-tasks/task-2/ros_ws/build/turtle_patrol/install.log'
