[0.378s] Invoking command in '/home/charan/Mars-summer-tasks/task-2/ros_ws/src/turtle_patrol': PYTHONPATH=/home/charan/Mars-summer-tasks/task-2/ros_ws/build/turtle_patrol/prefix_override:/usr/lib/python3/dist-packages/colcon_core/task/python/colcon_distutils_commands:/home/charan/Mars-summer-tasks/task-2/ros_ws/install/turtle_patrol/lib/python3.10/site-packages:${PYTHONPATH} /usr/bin/python3 -W ignore:setup.py install is deprecated -W ignore:easy_install command is deprecated setup.py egg_info --egg-base ../../build/turtle_patrol build --build-base /home/charan/Mars-summer-tasks/task-2/ros_ws/build/turtle_patrol/build install --record /home/charan/Mars-summer-tasks/task-2/ros_ws/build/turtle_patrol/install.log --single-version-externally-managed install_data
[0.475s] running egg_info
[0.475s] creating ../../build/turtle_patrol/turtle_patrol.egg-info
[0.476s] writing ../../build/turtle_patrol/turtle_patrol.egg-info/PKG-INFO
[0.476s] writing dependency_links to ../../build/turtle_patrol/turtle_patrol.egg-info/dependency_links.txt
[0.476s] writing entry points to ../../build/turtle_patrol/turtle_patrol.egg-info/entry_points.txt
[0.476s] writing requirements to ../../build/turtle_patrol/turtle_patrol.egg-info/requires.txt
[0.476s] writing top-level names to ../../build/turtle_patrol/turtle_patrol.egg-info/top_level.txt
[0.476s] writing manifest file '../../build/turtle_patrol/turtle_patrol.egg-info/SOURCES.txt'
[0.477s] reading manifest file '../../build/turtle_patrol/turtle_patrol.egg-info/SOURCES.txt'
[0.477s] writing manifest file '../../build/turtle_patrol/turtle_patrol.egg-info/SOURCES.txt'
[0.477s] running build
[0.477s] running build_py
[0.478s] creating /home/charan/Mars-summer-tasks/task-2/ros_ws/build/turtle_patrol/build
[0.478s] creating /home/charan/Mars-summer-tasks/task-2/ros_ws/build/turtle_patrol/build/lib
[0.478s] creating /home/charan/Mars-summer-tasks/task-2/ros_ws/build/turtle_patrol/build/lib/turtle_patrol
[0.478s] copying turtle_patrol/__init__.py -> /home/charan/Mars-summer-tasks/task-2/ros_ws/build/turtle_patrol/build/lib/turtle_patrol
[0.478s] copying turtle_patrol/circle_patrol_server.py -> /home/charan/Mars-summer-tasks/task-2/ros_ws/build/turtle_patrol/build/lib/turtle_patrol
[0.478s] copying turtle_patrol/circle_patrol_client.py -> /home/charan/Mars-summer-tasks/task-2/ros_ws/build/turtle_patrol/build/lib/turtle_patrol
[0.478s] running install
[0.478s] running install_lib
[0.478s] creating /home/charan/Mars-summer-tasks/task-2/ros_ws/install/turtle_patrol/lib/python3.10/site-packages/turtle_patrol
[0.478s] copying /home/charan/Mars-summer-tasks/task-2/ros_ws/build/turtle_patrol/build/lib/turtle_patrol/__init__.py -> /home/charan/Mars-summer-tasks/task-2/ros_ws/install/turtle_patrol/lib/python3.10/site-packages/turtle_patrol
[0.479s] copying /home/charan/Mars-summer-tasks/task-2/ros_ws/build/turtle_patrol/build/lib/turtle_patrol/circle_patrol_server.py -> /home/charan/Mars-summer-tasks/task-2/ros_ws/install/turtle_patrol/lib/python3.10/site-packages/turtle_patrol
[0.479s] copying /home/charan/Mars-summer-tasks/task-2/ros_ws/build/turtle_patrol/build/lib/turtle_patrol/circle_patrol_client.py -> /home/charan/Mars-summer-tasks/task-2/ros_ws/install/turtle_patrol/lib/python3.10/site-packages/turtle_patrol
[0.479s] byte-compiling /home/charan/Mars-summer-tasks/task-2/ros_ws/install/turtle_patrol/lib/python3.10/site-packages/turtle_patrol/__init__.py to __init__.cpython-310.pyc
[0.480s] byte-compiling /home/charan/Mars-summer-tasks/task-2/ros_ws/install/turtle_patrol/lib/python3.10/site-packages/turtle_patrol/circle_patrol_server.py to circle_patrol_server.cpython-310.pyc
[0.481s] byte-compiling /home/charan/Mars-summer-tasks/task-2/ros_ws/install/turtle_patrol/lib/python3.10/site-packages/turtle_patrol/circle_patrol_client.py to circle_patrol_client.cpython-310.pyc
[0.481s] running install_data
[0.481s] creating /home/charan/Mars-summer-tasks/task-2/ros_ws/install/turtle_patrol/share/ament_index
[0.481s] creating /home/charan/Mars-summer-tasks/task-2/ros_ws/install/turtle_patrol/share/ament_index/resource_index
[0.481s] creating /home/charan/Mars-summer-tasks/task-2/ros_ws/install/turtle_patrol/share/ament_index/resource_index/packages
[0.481s] copying resource/turtle_patrol -> /home/charan/Mars-summer-tasks/task-2/ros_ws/install/turtle_patrol/share/ament_index/resource_index/packages
[0.482s] copying package.xml -> /home/charan/Mars-summer-tasks/task-2/ros_ws/install/turtle_patrol/share/turtle_patrol
[0.482s] running install_egg_info
[0.483s] Copying ../../build/turtle_patrol/turtle_patrol.egg-info to /home/charan/Mars-summer-tasks/task-2/ros_ws/install/turtle_patrol/lib/python3.10/site-packages/turtle_patrol-0.0.0-py3.10.egg-info
[0.483s] running install_scripts
[0.492s] Installing circle_patrol_client script to /home/charan/Mars-summer-tasks/task-2/ros_ws/install/turtle_patrol/lib/turtle_patrol
[0.492s] Installing circle_patrol_server script to /home/charan/Mars-summer-tasks/task-2/ros_ws/install/turtle_patrol/lib/turtle_patrol
[0.492s] writing list of installed files to '/home/charan/Mars-summer-tasks/task-2/ros_ws/build/turtle_patrol/install.log'
[0.504s] Invoked command in '/home/charan/Mars-summer-tasks/task-2/ros_ws/src/turtle_patrol' returned '0': PYTHONPATH=/home/charan/Mars-summer-tasks/task-2/ros_ws/build/turtle_patrol/prefix_override:/usr/lib/python3/dist-packages/colcon_core/task/python/colcon_distutils_commands:/home/charan/Mars-summer-tasks/task-2/ros_ws/install/turtle_patrol/lib/python3.10/site-packages:${PYTHONPATH} /usr/bin/python3 -W ignore:setup.py install is deprecated -W ignore:easy_install command is deprecated setup.py egg_info --egg-base ../../build/turtle_patrol build --build-base /home/charan/Mars-summer-tasks/task-2/ros_ws/build/turtle_patrol/build install --record /home/charan/Mars-summer-tasks/task-2/ros_ws/build/turtle_patrol/install.log --single-version-externally-managed install_data
