[0.194s] DEBUG:colcon:Command line arguments: ['/usr/bin/colcon', 'build']
[0.194s] DEBUG:colcon:Parsed command line arguments: Namespace(log_base=None, log_level=None, verb_name='build', build_base='build', install_base='install', merge_install=False, symlink_install=False, test_result_base=None, continue_on_error=False, executor='parallel', parallel_workers=4, event_handlers=None, ignore_user_meta=False, metas=['./colcon.meta'], base_paths=['.'], packages_ignore=None, packages_ignore_regex=None, paths=None, packages_up_to=None, packages_up_to_regex=None, packages_above=None, packages_above_and_dependencies=None, packages_above_depth=None, packages_select_by_dep=None, packages_skip_by_dep=None, packages_skip_up_to=None, packages_select_build_failed=False, packages_skip_build_finished=False, packages_select_test_failures=False, packages_skip_test_passed=False, packages_select=None, packages_skip=None, packages_select_regex=None, packages_skip_regex=None, packages_start=None, packages_end=None, allow_overriding=[], cmake_args=None, cmake_target=None, cmake_target_skip_unavailable=False, cmake_clean_cache=False, cmake_clean_first=False, cmake_force_configure=False, ament_cmake_args=None, catkin_cmake_args=None, catkin_skip_building_tests=False, mixin_files=None, mixin=None, verb_parser=<colcon_mixin.mixin.mixin_argument.MixinArgumentDecorator object at 0xffff98335ae0>, verb_extension=<colcon_core.verb.build.BuildVerb object at 0xffff98335000>, main=<bound method BuildVerb.main of <colcon_core.verb.build.BuildVerb object at 0xffff98335000>>, mixin_verb=('build',))
[0.386s] Level 1:colcon.colcon_core.package_discovery:discover_packages(colcon_meta) check parameters
[0.386s] Level 1:colcon.colcon_core.package_discovery:discover_packages(recursive) check parameters
[0.387s] Level 1:colcon.colcon_core.package_discovery:discover_packages(ignore) check parameters
[0.387s] Level 1:colcon.colcon_core.package_discovery:discover_packages(path) check parameters
[0.387s] Level 1:colcon.colcon_core.package_discovery:discover_packages(colcon_meta) discover
[0.387s] Level 1:colcon.colcon_core.package_discovery:discover_packages(recursive) discover
[0.387s] INFO:colcon.colcon_core.package_discovery:Crawling recursively for packages in '/home/charan/Mars-summer-tasks/task-2/ros_ws'
[0.387s] Level 1:colcon.colcon_core.package_identification:_identify(.) by extensions ['ignore', 'ignore_ament_install']
[0.387s] Level 1:colcon.colcon_core.package_identification:_identify(.) by extension 'ignore'
[0.387s] Level 1:colcon.colcon_core.package_identification:_identify(.) by extension 'ignore_ament_install'
[0.387s] Level 1:colcon.colcon_core.package_identification:_identify(.) by extensions ['colcon_pkg']
[0.387s] Level 1:colcon.colcon_core.package_identification:_identify(.) by extension 'colcon_pkg'
[0.387s] Level 1:colcon.colcon_core.package_identification:_identify(.) by extensions ['colcon_meta']
[0.387s] Level 1:colcon.colcon_core.package_identification:_identify(.) by extension 'colcon_meta'
[0.387s] Level 1:colcon.colcon_core.package_identification:_identify(.) by extensions ['ros']
[0.387s] Level 1:colcon.colcon_core.package_identification:_identify(.) by extension 'ros'
[0.398s] Level 1:colcon.colcon_core.package_identification:_identify(.) by extensions ['cmake', 'python']
[0.399s] Level 1:colcon.colcon_core.package_identification:_identify(.) by extension 'cmake'
[0.399s] Level 1:colcon.colcon_core.package_identification:_identify(.) by extension 'python'
[0.399s] Level 1:colcon.colcon_core.package_identification:_identify(.) by extensions ['python_setup_py']
[0.399s] Level 1:colcon.colcon_core.package_identification:_identify(.) by extension 'python_setup_py'
[0.399s] Level 1:colcon.colcon_core.package_identification:_identify(build) by extensions ['ignore', 'ignore_ament_install']
[0.399s] Level 1:colcon.colcon_core.package_identification:_identify(build) by extension 'ignore'
[0.399s] Level 1:colcon.colcon_core.package_identification:_identify(build) ignored
[0.399s] Level 1:colcon.colcon_core.package_identification:_identify(install) by extensions ['ignore', 'ignore_ament_install']
[0.399s] Level 1:colcon.colcon_core.package_identification:_identify(install) by extension 'ignore'
[0.399s] Level 1:colcon.colcon_core.package_identification:_identify(install) ignored
[0.399s] Level 1:colcon.colcon_core.package_identification:_identify(log) by extensions ['ignore', 'ignore_ament_install']
[0.399s] Level 1:colcon.colcon_core.package_identification:_identify(log) by extension 'ignore'
[0.399s] Level 1:colcon.colcon_core.package_identification:_identify(log) ignored
[0.399s] Level 1:colcon.colcon_core.package_identification:_identify(src) by extensions ['ignore', 'ignore_ament_install']
[0.399s] Level 1:colcon.colcon_core.package_identification:_identify(src) by extension 'ignore'
[0.399s] Level 1:colcon.colcon_core.package_identification:_identify(src) by extension 'ignore_ament_install'
[0.399s] Level 1:colcon.colcon_core.package_identification:_identify(src) by extensions ['colcon_pkg']
[0.399s] Level 1:colcon.colcon_core.package_identification:_identify(src) by extension 'colcon_pkg'
[0.399s] Level 1:colcon.colcon_core.package_identification:_identify(src) by extensions ['colcon_meta']
[0.399s] Level 1:colcon.colcon_core.package_identification:_identify(src) by extension 'colcon_meta'
[0.399s] Level 1:colcon.colcon_core.package_identification:_identify(src) by extensions ['ros']
[0.399s] Level 1:colcon.colcon_core.package_identification:_identify(src) by extension 'ros'
[0.399s] Level 1:colcon.colcon_core.package_identification:_identify(src) by extensions ['cmake', 'python']
[0.399s] Level 1:colcon.colcon_core.package_identification:_identify(src) by extension 'cmake'
[0.399s] Level 1:colcon.colcon_core.package_identification:_identify(src) by extension 'python'
[0.399s] Level 1:colcon.colcon_core.package_identification:_identify(src) by extensions ['python_setup_py']
[0.399s] Level 1:colcon.colcon_core.package_identification:_identify(src) by extension 'python_setup_py'
[0.400s] Level 1:colcon.colcon_core.package_identification:_identify(src/turtle_collision_avoidance) by extensions ['ignore', 'ignore_ament_install']
[0.400s] Level 1:colcon.colcon_core.package_identification:_identify(src/turtle_collision_avoidance) by extension 'ignore'
[0.400s] Level 1:colcon.colcon_core.package_identification:_identify(src/turtle_collision_avoidance) by extension 'ignore_ament_install'
[0.400s] Level 1:colcon.colcon_core.package_identification:_identify(src/turtle_collision_avoidance) by extensions ['colcon_pkg']
[0.400s] Level 1:colcon.colcon_core.package_identification:_identify(src/turtle_collision_avoidance) by extension 'colcon_pkg'
[0.400s] Level 1:colcon.colcon_core.package_identification:_identify(src/turtle_collision_avoidance) by extensions ['colcon_meta']
[0.400s] Level 1:colcon.colcon_core.package_identification:_identify(src/turtle_collision_avoidance) by extension 'colcon_meta'
[0.400s] Level 1:colcon.colcon_core.package_identification:_identify(src/turtle_collision_avoidance) by extensions ['ros']
[0.400s] Level 1:colcon.colcon_core.package_identification:_identify(src/turtle_collision_avoidance) by extension 'ros'
[0.402s] DEBUG:colcon.colcon_core.package_identification:Package 'src/turtle_collision_avoidance' with type 'ros.ament_python' and name 'turtle_collision_avoidance'
[0.402s] Level 1:colcon.colcon_core.package_identification:_identify(src/turtle_patrol) by extensions ['ignore', 'ignore_ament_install']
[0.402s] Level 1:colcon.colcon_core.package_identification:_identify(src/turtle_patrol) by extension 'ignore'
[0.402s] Level 1:colcon.colcon_core.package_identification:_identify(src/turtle_patrol) by extension 'ignore_ament_install'
[0.402s] Level 1:colcon.colcon_core.package_identification:_identify(src/turtle_patrol) by extensions ['colcon_pkg']
[0.402s] Level 1:colcon.colcon_core.package_identification:_identify(src/turtle_patrol) by extension 'colcon_pkg'
[0.402s] Level 1:colcon.colcon_core.package_identification:_identify(src/turtle_patrol) by extensions ['colcon_meta']
[0.402s] Level 1:colcon.colcon_core.package_identification:_identify(src/turtle_patrol) by extension 'colcon_meta'
[0.402s] Level 1:colcon.colcon_core.package_identification:_identify(src/turtle_patrol) by extensions ['ros']
[0.402s] Level 1:colcon.colcon_core.package_identification:_identify(src/turtle_patrol) by extension 'ros'
[0.403s] DEBUG:colcon.colcon_core.package_identification:Package 'src/turtle_patrol' with type 'ros.ament_python' and name 'turtle_patrol'
[0.403s] Level 1:colcon.colcon_core.package_identification:_identify(src/turtle_patrol_interfaces) by extensions ['ignore', 'ignore_ament_install']
[0.403s] Level 1:colcon.colcon_core.package_identification:_identify(src/turtle_patrol_interfaces) by extension 'ignore'
[0.403s] Level 1:colcon.colcon_core.package_identification:_identify(src/turtle_patrol_interfaces) by extension 'ignore_ament_install'
[0.403s] Level 1:colcon.colcon_core.package_identification:_identify(src/turtle_patrol_interfaces) by extensions ['colcon_pkg']
[0.403s] Level 1:colcon.colcon_core.package_identification:_identify(src/turtle_patrol_interfaces) by extension 'colcon_pkg'
[0.403s] Level 1:colcon.colcon_core.package_identification:_identify(src/turtle_patrol_interfaces) by extensions ['colcon_meta']
[0.403s] Level 1:colcon.colcon_core.package_identification:_identify(src/turtle_patrol_interfaces) by extension 'colcon_meta'
[0.403s] Level 1:colcon.colcon_core.package_identification:_identify(src/turtle_patrol_interfaces) by extensions ['ros']
[0.403s] Level 1:colcon.colcon_core.package_identification:_identify(src/turtle_patrol_interfaces) by extension 'ros'
[0.404s] DEBUG:colcon.colcon_core.package_identification:Package 'src/turtle_patrol_interfaces' with type 'ros.ament_cmake' and name 'turtle_patrol_interfaces'
[0.404s] Level 1:colcon.colcon_core.package_discovery:discover_packages(recursive) using defaults
[0.404s] Level 1:colcon.colcon_core.package_discovery:discover_packages(ignore) discover
[0.404s] Level 1:colcon.colcon_core.package_discovery:discover_packages(ignore) using defaults
[0.404s] Level 1:colcon.colcon_core.package_discovery:discover_packages(path) discover
[0.404s] Level 1:colcon.colcon_core.package_discovery:discover_packages(path) using defaults
[0.429s] Level 1:colcon.colcon_core.package_discovery:discover_packages(prefix_path) check parameters
[0.429s] Level 1:colcon.colcon_core.package_discovery:discover_packages(prefix_path) discover
[0.431s] DEBUG:colcon.colcon_installed_package_information.package_discovery:Found 273 installed packages in /opt/ros/humble
[0.432s] Level 1:colcon.colcon_core.package_discovery:discover_packages(prefix_path) using defaults
[0.453s] Level 5:colcon.colcon_core.verb:set package 'turtle_collision_avoidance' build argument 'cmake_args' from command line to 'None'
[0.453s] Level 5:colcon.colcon_core.verb:set package 'turtle_collision_avoidance' build argument 'cmake_target' from command line to 'None'
[0.453s] Level 5:colcon.colcon_core.verb:set package 'turtle_collision_avoidance' build argument 'cmake_target_skip_unavailable' from command line to 'False'
[0.453s] Level 5:colcon.colcon_core.verb:set package 'turtle_collision_avoidance' build argument 'cmake_clean_cache' from command line to 'False'
[0.453s] Level 5:colcon.colcon_core.verb:set package 'turtle_collision_avoidance' build argument 'cmake_clean_first' from command line to 'False'
[0.453s] Level 5:colcon.colcon_core.verb:set package 'turtle_collision_avoidance' build argument 'cmake_force_configure' from command line to 'False'
[0.453s] Level 5:colcon.colcon_core.verb:set package 'turtle_collision_avoidance' build argument 'ament_cmake_args' from command line to 'None'
[0.453s] Level 5:colcon.colcon_core.verb:set package 'turtle_collision_avoidance' build argument 'catkin_cmake_args' from command line to 'None'
[0.453s] Level 5:colcon.colcon_core.verb:set package 'turtle_collision_avoidance' build argument 'catkin_skip_building_tests' from command line to 'False'
[0.453s] DEBUG:colcon.colcon_core.verb:Building package 'turtle_collision_avoidance' with the following arguments: {'ament_cmake_args': None, 'build_base': '/home/charan/Mars-summer-tasks/task-2/ros_ws/build/turtle_collision_avoidance', 'catkin_cmake_args': None, 'catkin_skip_building_tests': False, 'cmake_args': None, 'cmake_clean_cache': False, 'cmake_clean_first': False, 'cmake_force_configure': False, 'cmake_target': None, 'cmake_target_skip_unavailable': False, 'install_base': '/home/charan/Mars-summer-tasks/task-2/ros_ws/install/turtle_collision_avoidance', 'merge_install': False, 'path': '/home/charan/Mars-summer-tasks/task-2/ros_ws/src/turtle_collision_avoidance', 'symlink_install': False, 'test_result_base': None}
[0.453s] Level 5:colcon.colcon_core.verb:set package 'turtle_patrol_interfaces' build argument 'cmake_args' from command line to 'None'
[0.453s] Level 5:colcon.colcon_core.verb:set package 'turtle_patrol_interfaces' build argument 'cmake_target' from command line to 'None'
[0.453s] Level 5:colcon.colcon_core.verb:set package 'turtle_patrol_interfaces' build argument 'cmake_target_skip_unavailable' from command line to 'False'
[0.453s] Level 5:colcon.colcon_core.verb:set package 'turtle_patrol_interfaces' build argument 'cmake_clean_cache' from command line to 'False'
[0.453s] Level 5:colcon.colcon_core.verb:set package 'turtle_patrol_interfaces' build argument 'cmake_clean_first' from command line to 'False'
[0.453s] Level 5:colcon.colcon_core.verb:set package 'turtle_patrol_interfaces' build argument 'cmake_force_configure' from command line to 'False'
[0.453s] Level 5:colcon.colcon_core.verb:set package 'turtle_patrol_interfaces' build argument 'ament_cmake_args' from command line to 'None'
[0.453s] Level 5:colcon.colcon_core.verb:set package 'turtle_patrol_interfaces' build argument 'catkin_cmake_args' from command line to 'None'
[0.453s] Level 5:colcon.colcon_core.verb:set package 'turtle_patrol_interfaces' build argument 'catkin_skip_building_tests' from command line to 'False'
[0.453s] DEBUG:colcon.colcon_core.verb:Building package 'turtle_patrol_interfaces' with the following arguments: {'ament_cmake_args': None, 'build_base': '/home/charan/Mars-summer-tasks/task-2/ros_ws/build/turtle_patrol_interfaces', 'catkin_cmake_args': None, 'catkin_skip_building_tests': False, 'cmake_args': None, 'cmake_clean_cache': False, 'cmake_clean_first': False, 'cmake_force_configure': False, 'cmake_target': None, 'cmake_target_skip_unavailable': False, 'install_base': '/home/charan/Mars-summer-tasks/task-2/ros_ws/install/turtle_patrol_interfaces', 'merge_install': False, 'path': '/home/charan/Mars-summer-tasks/task-2/ros_ws/src/turtle_patrol_interfaces', 'symlink_install': False, 'test_result_base': None}
[0.454s] Level 5:colcon.colcon_core.verb:set package 'turtle_patrol' build argument 'cmake_args' from command line to 'None'
[0.454s] Level 5:colcon.colcon_core.verb:set package 'turtle_patrol' build argument 'cmake_target' from command line to 'None'
[0.454s] Level 5:colcon.colcon_core.verb:set package 'turtle_patrol' build argument 'cmake_target_skip_unavailable' from command line to 'False'
[0.454s] Level 5:colcon.colcon_core.verb:set package 'turtle_patrol' build argument 'cmake_clean_cache' from command line to 'False'
[0.454s] Level 5:colcon.colcon_core.verb:set package 'turtle_patrol' build argument 'cmake_clean_first' from command line to 'False'
[0.454s] Level 5:colcon.colcon_core.verb:set package 'turtle_patrol' build argument 'cmake_force_configure' from command line to 'False'
[0.454s] Level 5:colcon.colcon_core.verb:set package 'turtle_patrol' build argument 'ament_cmake_args' from command line to 'None'
[0.454s] Level 5:colcon.colcon_core.verb:set package 'turtle_patrol' build argument 'catkin_cmake_args' from command line to 'None'
[0.454s] Level 5:colcon.colcon_core.verb:set package 'turtle_patrol' build argument 'catkin_skip_building_tests' from command line to 'False'
[0.454s] DEBUG:colcon.colcon_core.verb:Building package 'turtle_patrol' with the following arguments: {'ament_cmake_args': None, 'build_base': '/home/charan/Mars-summer-tasks/task-2/ros_ws/build/turtle_patrol', 'catkin_cmake_args': None, 'catkin_skip_building_tests': False, 'cmake_args': None, 'cmake_clean_cache': False, 'cmake_clean_first': False, 'cmake_force_configure': False, 'cmake_target': None, 'cmake_target_skip_unavailable': False, 'install_base': '/home/charan/Mars-summer-tasks/task-2/ros_ws/install/turtle_patrol', 'merge_install': False, 'path': '/home/charan/Mars-summer-tasks/task-2/ros_ws/src/turtle_patrol', 'symlink_install': False, 'test_result_base': None}
[0.454s] INFO:colcon.colcon_core.executor:Executing jobs using 'parallel' executor
[0.454s] DEBUG:colcon.colcon_parallel_executor.executor.parallel:run_until_complete
[0.455s] INFO:colcon.colcon_ros.task.ament_cmake.build:Building ROS package in '/home/charan/Mars-summer-tasks/task-2/ros_ws/src/turtle_patrol_interfaces' with build type 'ament_cmake'
[0.455s] INFO:colcon.colcon_cmake.task.cmake.build:Building CMake package in '/home/charan/Mars-summer-tasks/task-2/ros_ws/src/turtle_patrol_interfaces'
[0.458s] INFO:colcon.colcon_core.plugin_system:Skipping extension 'colcon_core.shell.bat': Not used on non-Windows systems
[0.458s] INFO:colcon.colcon_core.shell:Skip shell extension 'powershell' for command environment: Not usable outside of PowerShell
[0.458s] DEBUG:colcon.colcon_core.shell:Skip shell extension 'dsv' for command environment
[0.460s] INFO:colcon.colcon_ros.task.ament_python.build:Building ROS package in '/home/charan/Mars-summer-tasks/task-2/ros_ws/src/turtle_collision_avoidance' with build type 'ament_python'
[0.460s] Level 1:colcon.colcon_core.shell:create_environment_hook('turtle_collision_avoidance', 'ament_prefix_path')
[0.460s] INFO:colcon.colcon_core.shell:Creating environment hook '/home/charan/Mars-summer-tasks/task-2/ros_ws/install/turtle_collision_avoidance/share/turtle_collision_avoidance/hook/ament_prefix_path.ps1'
[0.462s] INFO:colcon.colcon_core.shell:Creating environment descriptor '/home/charan/Mars-summer-tasks/task-2/ros_ws/install/turtle_collision_avoidance/share/turtle_collision_avoidance/hook/ament_prefix_path.dsv'
[0.464s] INFO:colcon.colcon_core.shell:Creating environment hook '/home/charan/Mars-summer-tasks/task-2/ros_ws/install/turtle_collision_avoidance/share/turtle_collision_avoidance/hook/ament_prefix_path.sh'
[0.465s] INFO:colcon.colcon_core.shell:Skip shell extension 'powershell' for command environment: Not usable outside of PowerShell
[0.465s] DEBUG:colcon.colcon_core.shell:Skip shell extension 'dsv' for command environment
[0.470s] DEBUG:colcon.colcon_core.event_handler.log_command:Invoking command in '/home/charan/Mars-summer-tasks/task-2/ros_ws/build/turtle_patrol_interfaces': CMAKE_PREFIX_PATH=/opt/ros/humble /usr/bin/cmake --build /home/charan/Mars-summer-tasks/task-2/ros_ws/build/turtle_patrol_interfaces -- -j4 -l4
[0.626s] INFO:colcon.colcon_core.task.python.build:Building Python package in '/home/charan/Mars-summer-tasks/task-2/ros_ws/src/turtle_collision_avoidance'
[0.626s] INFO:colcon.colcon_core.shell:Skip shell extension 'powershell' for command environment: Not usable outside of PowerShell
[0.626s] DEBUG:colcon.colcon_core.shell:Skip shell extension 'dsv' for command environment
[0.753s] DEBUG:colcon.colcon_core.event_handler.log_command:Invoked command in '/home/charan/Mars-summer-tasks/task-2/ros_ws/build/turtle_patrol_interfaces' returned '0': CMAKE_PREFIX_PATH=/opt/ros/humble /usr/bin/cmake --build /home/charan/Mars-summer-tasks/task-2/ros_ws/build/turtle_patrol_interfaces -- -j4 -l4
[0.758s] DEBUG:colcon.colcon_core.event_handler.log_command:Invoking command in '/home/charan/Mars-summer-tasks/task-2/ros_ws/build/turtle_patrol_interfaces': CMAKE_PREFIX_PATH=/opt/ros/humble /usr/bin/cmake --install /home/charan/Mars-summer-tasks/task-2/ros_ws/build/turtle_patrol_interfaces
[0.799s] Level 1:colcon.colcon_core.environment:create_environment_scripts_only(turtle_patrol_interfaces)
[0.800s] DEBUG:colcon.colcon_core.event_handler.log_command:Invoked command in '/home/charan/Mars-summer-tasks/task-2/ros_ws/build/turtle_patrol_interfaces' returned '0': CMAKE_PREFIX_PATH=/opt/ros/humble /usr/bin/cmake --install /home/charan/Mars-summer-tasks/task-2/ros_ws/build/turtle_patrol_interfaces
[0.802s] Level 1:colcon.colcon_core.environment:checking '/home/charan/Mars-summer-tasks/task-2/ros_ws/install/turtle_patrol_interfaces' for CMake module files
[0.803s] Level 1:colcon.colcon_core.environment:checking '/home/charan/Mars-summer-tasks/task-2/ros_ws/install/turtle_patrol_interfaces' for CMake config files
[0.803s] Level 1:colcon.colcon_core.shell:create_environment_hook('turtle_patrol_interfaces', 'cmake_prefix_path')
[0.803s] INFO:colcon.colcon_core.shell:Creating environment hook '/home/charan/Mars-summer-tasks/task-2/ros_ws/install/turtle_patrol_interfaces/share/turtle_patrol_interfaces/hook/cmake_prefix_path.ps1'
[0.803s] INFO:colcon.colcon_core.shell:Creating environment descriptor '/home/charan/Mars-summer-tasks/task-2/ros_ws/install/turtle_patrol_interfaces/share/turtle_patrol_interfaces/hook/cmake_prefix_path.dsv'
[0.803s] INFO:colcon.colcon_core.shell:Creating environment hook '/home/charan/Mars-summer-tasks/task-2/ros_ws/install/turtle_patrol_interfaces/share/turtle_patrol_interfaces/hook/cmake_prefix_path.sh'
[0.804s] Level 1:colcon.colcon_core.environment:checking '/home/charan/Mars-summer-tasks/task-2/ros_ws/install/turtle_patrol_interfaces/lib'
[0.804s] Level 1:colcon.colcon_core.shell:create_environment_hook('turtle_patrol_interfaces', 'ld_library_path_lib')
[0.804s] INFO:colcon.colcon_core.shell:Creating environment hook '/home/charan/Mars-summer-tasks/task-2/ros_ws/install/turtle_patrol_interfaces/share/turtle_patrol_interfaces/hook/ld_library_path_lib.ps1'
[0.805s] INFO:colcon.colcon_core.shell:Creating environment descriptor '/home/charan/Mars-summer-tasks/task-2/ros_ws/install/turtle_patrol_interfaces/share/turtle_patrol_interfaces/hook/ld_library_path_lib.dsv'
[0.805s] INFO:colcon.colcon_core.shell:Creating environment hook '/home/charan/Mars-summer-tasks/task-2/ros_ws/install/turtle_patrol_interfaces/share/turtle_patrol_interfaces/hook/ld_library_path_lib.sh'
[0.805s] Level 1:colcon.colcon_core.environment:checking '/home/charan/Mars-summer-tasks/task-2/ros_ws/install/turtle_patrol_interfaces/bin'
[0.805s] Level 1:colcon.colcon_core.environment:checking '/home/charan/Mars-summer-tasks/task-2/ros_ws/install/turtle_patrol_interfaces/lib/pkgconfig/turtle_patrol_interfaces.pc'
[0.805s] Level 1:colcon.colcon_core.environment:checking '/home/charan/Mars-summer-tasks/task-2/ros_ws/install/turtle_patrol_interfaces/lib/python3.10/site-packages'
[0.805s] Level 1:colcon.colcon_core.environment:checking '/home/charan/Mars-summer-tasks/task-2/ros_ws/install/turtle_patrol_interfaces/bin'
[0.806s] INFO:colcon.colcon_core.shell:Creating package script '/home/charan/Mars-summer-tasks/task-2/ros_ws/install/turtle_patrol_interfaces/share/turtle_patrol_interfaces/package.ps1'
[0.806s] INFO:colcon.colcon_core.shell:Creating package descriptor '/home/charan/Mars-summer-tasks/task-2/ros_ws/install/turtle_patrol_interfaces/share/turtle_patrol_interfaces/package.dsv'
[0.807s] INFO:colcon.colcon_core.shell:Creating package script '/home/charan/Mars-summer-tasks/task-2/ros_ws/install/turtle_patrol_interfaces/share/turtle_patrol_interfaces/package.sh'
[0.807s] INFO:colcon.colcon_core.shell:Creating package script '/home/charan/Mars-summer-tasks/task-2/ros_ws/install/turtle_patrol_interfaces/share/turtle_patrol_interfaces/package.bash'
[0.808s] INFO:colcon.colcon_core.shell:Creating package script '/home/charan/Mars-summer-tasks/task-2/ros_ws/install/turtle_patrol_interfaces/share/turtle_patrol_interfaces/package.zsh'
[0.808s] Level 1:colcon.colcon_core.environment:create_file_with_runtime_dependencies(/home/charan/Mars-summer-tasks/task-2/ros_ws/install/turtle_patrol_interfaces/share/colcon-core/packages/turtle_patrol_interfaces)
[0.809s] Level 1:colcon.colcon_core.environment:create_environment_scripts_only(turtle_patrol_interfaces)
[0.809s] Level 1:colcon.colcon_core.environment:checking '/home/charan/Mars-summer-tasks/task-2/ros_ws/install/turtle_patrol_interfaces' for CMake module files
[0.809s] Level 1:colcon.colcon_core.environment:checking '/home/charan/Mars-summer-tasks/task-2/ros_ws/install/turtle_patrol_interfaces' for CMake config files
[0.810s] Level 1:colcon.colcon_core.shell:create_environment_hook('turtle_patrol_interfaces', 'cmake_prefix_path')
[0.810s] INFO:colcon.colcon_core.shell:Creating environment hook '/home/charan/Mars-summer-tasks/task-2/ros_ws/install/turtle_patrol_interfaces/share/turtle_patrol_interfaces/hook/cmake_prefix_path.ps1'
[0.810s] INFO:colcon.colcon_core.shell:Creating environment descriptor '/home/charan/Mars-summer-tasks/task-2/ros_ws/install/turtle_patrol_interfaces/share/turtle_patrol_interfaces/hook/cmake_prefix_path.dsv'
[0.810s] INFO:colcon.colcon_core.shell:Creating environment hook '/home/charan/Mars-summer-tasks/task-2/ros_ws/install/turtle_patrol_interfaces/share/turtle_patrol_interfaces/hook/cmake_prefix_path.sh'
[0.810s] Level 1:colcon.colcon_core.environment:checking '/home/charan/Mars-summer-tasks/task-2/ros_ws/install/turtle_patrol_interfaces/lib'
[0.810s] Level 1:colcon.colcon_core.shell:create_environment_hook('turtle_patrol_interfaces', 'ld_library_path_lib')
[0.810s] INFO:colcon.colcon_core.shell:Creating environment hook '/home/charan/Mars-summer-tasks/task-2/ros_ws/install/turtle_patrol_interfaces/share/turtle_patrol_interfaces/hook/ld_library_path_lib.ps1'
[0.811s] INFO:colcon.colcon_core.shell:Creating environment descriptor '/home/charan/Mars-summer-tasks/task-2/ros_ws/install/turtle_patrol_interfaces/share/turtle_patrol_interfaces/hook/ld_library_path_lib.dsv'
[0.811s] INFO:colcon.colcon_core.shell:Creating environment hook '/home/charan/Mars-summer-tasks/task-2/ros_ws/install/turtle_patrol_interfaces/share/turtle_patrol_interfaces/hook/ld_library_path_lib.sh'
[0.811s] Level 1:colcon.colcon_core.environment:checking '/home/charan/Mars-summer-tasks/task-2/ros_ws/install/turtle_patrol_interfaces/bin'
[0.811s] Level 1:colcon.colcon_core.environment:checking '/home/charan/Mars-summer-tasks/task-2/ros_ws/install/turtle_patrol_interfaces/lib/pkgconfig/turtle_patrol_interfaces.pc'
[0.811s] Level 1:colcon.colcon_core.environment:checking '/home/charan/Mars-summer-tasks/task-2/ros_ws/install/turtle_patrol_interfaces/lib/python3.10/site-packages'
[0.811s] Level 1:colcon.colcon_core.environment:checking '/home/charan/Mars-summer-tasks/task-2/ros_ws/install/turtle_patrol_interfaces/bin'
[0.811s] INFO:colcon.colcon_core.shell:Creating package script '/home/charan/Mars-summer-tasks/task-2/ros_ws/install/turtle_patrol_interfaces/share/turtle_patrol_interfaces/package.ps1'
[0.812s] INFO:colcon.colcon_core.shell:Creating package descriptor '/home/charan/Mars-summer-tasks/task-2/ros_ws/install/turtle_patrol_interfaces/share/turtle_patrol_interfaces/package.dsv'
[0.812s] INFO:colcon.colcon_core.shell:Creating package script '/home/charan/Mars-summer-tasks/task-2/ros_ws/install/turtle_patrol_interfaces/share/turtle_patrol_interfaces/package.sh'
[0.812s] INFO:colcon.colcon_core.shell:Creating package script '/home/charan/Mars-summer-tasks/task-2/ros_ws/install/turtle_patrol_interfaces/share/turtle_patrol_interfaces/package.bash'
[0.812s] INFO:colcon.colcon_core.shell:Creating package script '/home/charan/Mars-summer-tasks/task-2/ros_ws/install/turtle_patrol_interfaces/share/turtle_patrol_interfaces/package.zsh'
[0.813s] Level 1:colcon.colcon_core.environment:create_file_with_runtime_dependencies(/home/charan/Mars-summer-tasks/task-2/ros_ws/install/turtle_patrol_interfaces/share/colcon-core/packages/turtle_patrol_interfaces)
[0.813s] INFO:colcon.colcon_ros.task.ament_python.build:Building ROS package in '/home/charan/Mars-summer-tasks/task-2/ros_ws/src/turtle_patrol' with build type 'ament_python'
[0.813s] Level 1:colcon.colcon_core.shell:create_environment_hook('turtle_patrol', 'ament_prefix_path')
[0.814s] INFO:colcon.colcon_core.shell:Creating environment hook '/home/charan/Mars-summer-tasks/task-2/ros_ws/install/turtle_patrol/share/turtle_patrol/hook/ament_prefix_path.ps1'
[0.814s] INFO:colcon.colcon_core.shell:Creating environment descriptor '/home/charan/Mars-summer-tasks/task-2/ros_ws/install/turtle_patrol/share/turtle_patrol/hook/ament_prefix_path.dsv'
[0.815s] INFO:colcon.colcon_core.shell:Creating environment hook '/home/charan/Mars-summer-tasks/task-2/ros_ws/install/turtle_patrol/share/turtle_patrol/hook/ament_prefix_path.sh'
[0.815s] INFO:colcon.colcon_core.shell:Skip shell extension 'powershell' for command environment: Not usable outside of PowerShell
[0.815s] DEBUG:colcon.colcon_core.shell:Skip shell extension 'dsv' for command environment
[0.943s] INFO:colcon.colcon_core.task.python.build:Building Python package in '/home/charan/Mars-summer-tasks/task-2/ros_ws/src/turtle_patrol'
[0.943s] INFO:colcon.colcon_core.shell:Skip shell extension 'powershell' for command environment: Not usable outside of PowerShell
[0.943s] DEBUG:colcon.colcon_core.shell:Skip shell extension 'dsv' for command environment
[0.946s] DEBUG:colcon.colcon_core.event_handler.log_command:Invoking command in '/home/charan/Mars-summer-tasks/task-2/ros_ws/src/turtle_collision_avoidance': PYTHONPATH=/home/charan/Mars-summer-tasks/task-2/ros_ws/build/turtle_collision_avoidance/prefix_override:/usr/lib/python3/dist-packages/colcon_core/task/python/colcon_distutils_commands:/home/charan/Mars-summer-tasks/task-2/ros_ws/install/turtle_collision_avoidance/lib/python3.10/site-packages:${PYTHONPATH} /usr/bin/python3 -W ignore:setup.py install is deprecated -W ignore:easy_install command is deprecated setup.py egg_info --egg-base ../../build/turtle_collision_avoidance build --build-base /home/charan/Mars-summer-tasks/task-2/ros_ws/build/turtle_collision_avoidance/build install --record /home/charan/Mars-summer-tasks/task-2/ros_ws/build/turtle_collision_avoidance/install.log --single-version-externally-managed install_data
[1.084s] Level 1:colcon.colcon_core.environment:checking '/home/charan/Mars-summer-tasks/task-2/ros_ws/install/turtle_collision_avoidance' for CMake module files
[1.084s] DEBUG:colcon.colcon_core.event_handler.log_command:Invoked command in '/home/charan/Mars-summer-tasks/task-2/ros_ws/src/turtle_collision_avoidance' returned '0': PYTHONPATH=/home/charan/Mars-summer-tasks/task-2/ros_ws/build/turtle_collision_avoidance/prefix_override:/usr/lib/python3/dist-packages/colcon_core/task/python/colcon_distutils_commands:/home/charan/Mars-summer-tasks/task-2/ros_ws/install/turtle_collision_avoidance/lib/python3.10/site-packages:${PYTHONPATH} /usr/bin/python3 -W ignore:setup.py install is deprecated -W ignore:easy_install command is deprecated setup.py egg_info --egg-base ../../build/turtle_collision_avoidance build --build-base /home/charan/Mars-summer-tasks/task-2/ros_ws/build/turtle_collision_avoidance/build install --record /home/charan/Mars-summer-tasks/task-2/ros_ws/build/turtle_collision_avoidance/install.log --single-version-externally-managed install_data
[1.085s] Level 1:colcon.colcon_core.environment:checking '/home/charan/Mars-summer-tasks/task-2/ros_ws/install/turtle_collision_avoidance' for CMake config files
[1.086s] Level 1:colcon.colcon_core.environment:checking '/home/charan/Mars-summer-tasks/task-2/ros_ws/install/turtle_collision_avoidance/lib'
[1.086s] Level 1:colcon.colcon_core.environment:checking '/home/charan/Mars-summer-tasks/task-2/ros_ws/install/turtle_collision_avoidance/bin'
[1.086s] Level 1:colcon.colcon_core.environment:checking '/home/charan/Mars-summer-tasks/task-2/ros_ws/install/turtle_collision_avoidance/lib/pkgconfig/turtle_collision_avoidance.pc'
[1.086s] Level 1:colcon.colcon_core.environment:checking '/home/charan/Mars-summer-tasks/task-2/ros_ws/install/turtle_collision_avoidance/lib/python3.10/site-packages'
[1.086s] Level 1:colcon.colcon_core.shell:create_environment_hook('turtle_collision_avoidance', 'pythonpath')
[1.086s] INFO:colcon.colcon_core.shell:Creating environment hook '/home/charan/Mars-summer-tasks/task-2/ros_ws/install/turtle_collision_avoidance/share/turtle_collision_avoidance/hook/pythonpath.ps1'
[1.086s] INFO:colcon.colcon_core.shell:Creating environment descriptor '/home/charan/Mars-summer-tasks/task-2/ros_ws/install/turtle_collision_avoidance/share/turtle_collision_avoidance/hook/pythonpath.dsv'
[1.087s] INFO:colcon.colcon_core.shell:Creating environment hook '/home/charan/Mars-summer-tasks/task-2/ros_ws/install/turtle_collision_avoidance/share/turtle_collision_avoidance/hook/pythonpath.sh'
[1.087s] Level 1:colcon.colcon_core.environment:checking '/home/charan/Mars-summer-tasks/task-2/ros_ws/install/turtle_collision_avoidance/bin'
[1.087s] Level 1:colcon.colcon_core.environment:create_environment_scripts_only(turtle_collision_avoidance)
[1.087s] INFO:colcon.colcon_core.shell:Creating package script '/home/charan/Mars-summer-tasks/task-2/ros_ws/install/turtle_collision_avoidance/share/turtle_collision_avoidance/package.ps1'
[1.087s] INFO:colcon.colcon_core.shell:Creating package descriptor '/home/charan/Mars-summer-tasks/task-2/ros_ws/install/turtle_collision_avoidance/share/turtle_collision_avoidance/package.dsv'
[1.088s] INFO:colcon.colcon_core.shell:Creating package script '/home/charan/Mars-summer-tasks/task-2/ros_ws/install/turtle_collision_avoidance/share/turtle_collision_avoidance/package.sh'
[1.088s] INFO:colcon.colcon_core.shell:Creating package script '/home/charan/Mars-summer-tasks/task-2/ros_ws/install/turtle_collision_avoidance/share/turtle_collision_avoidance/package.bash'
[1.088s] INFO:colcon.colcon_core.shell:Creating package script '/home/charan/Mars-summer-tasks/task-2/ros_ws/install/turtle_collision_avoidance/share/turtle_collision_avoidance/package.zsh'
[1.088s] Level 1:colcon.colcon_core.environment:create_file_with_runtime_dependencies(/home/charan/Mars-summer-tasks/task-2/ros_ws/install/turtle_collision_avoidance/share/colcon-core/packages/turtle_collision_avoidance)
[1.109s] DEBUG:colcon.colcon_core.event_handler.log_command:Invoking command in '/home/charan/Mars-summer-tasks/task-2/ros_ws/src/turtle_patrol': AMENT_PREFIX_PATH=/home/charan/Mars-summer-tasks/task-2/ros_ws/install/turtle_patrol_interfaces:${AMENT_PREFIX_PATH} CMAKE_PREFIX_PATH=/home/charan/Mars-summer-tasks/task-2/ros_ws/install/turtle_patrol_interfaces LD_LIBRARY_PATH=/home/charan/Mars-summer-tasks/task-2/ros_ws/install/turtle_patrol_interfaces/lib:${LD_LIBRARY_PATH} PYTHONPATH=/home/charan/Mars-summer-tasks/task-2/ros_ws/build/turtle_patrol/prefix_override:/usr/lib/python3/dist-packages/colcon_core/task/python/colcon_distutils_commands:/home/charan/Mars-summer-tasks/task-2/ros_ws/install/turtle_patrol/lib/python3.10/site-packages:/home/charan/Mars-summer-tasks/task-2/ros_ws/install/turtle_patrol_interfaces/local/lib/python3.10/dist-packages:${PYTHONPATH} /usr/bin/python3 -W ignore:setup.py install is deprecated -W ignore:easy_install command is deprecated setup.py egg_info --egg-base ../../build/turtle_patrol build --build-base /home/charan/Mars-summer-tasks/task-2/ros_ws/build/turtle_patrol/build install --record /home/charan/Mars-summer-tasks/task-2/ros_ws/build/turtle_patrol/install.log --single-version-externally-managed install_data
[1.239s] Level 1:colcon.colcon_core.environment:checking '/home/charan/Mars-summer-tasks/task-2/ros_ws/install/turtle_patrol' for CMake module files
[1.240s] DEBUG:colcon.colcon_core.event_handler.log_command:Invoked command in '/home/charan/Mars-summer-tasks/task-2/ros_ws/src/turtle_patrol' returned '0': AMENT_PREFIX_PATH=/home/charan/Mars-summer-tasks/task-2/ros_ws/install/turtle_patrol_interfaces:${AMENT_PREFIX_PATH} CMAKE_PREFIX_PATH=/home/charan/Mars-summer-tasks/task-2/ros_ws/install/turtle_patrol_interfaces LD_LIBRARY_PATH=/home/charan/Mars-summer-tasks/task-2/ros_ws/install/turtle_patrol_interfaces/lib:${LD_LIBRARY_PATH} PYTHONPATH=/home/charan/Mars-summer-tasks/task-2/ros_ws/build/turtle_patrol/prefix_override:/usr/lib/python3/dist-packages/colcon_core/task/python/colcon_distutils_commands:/home/charan/Mars-summer-tasks/task-2/ros_ws/install/turtle_patrol/lib/python3.10/site-packages:/home/charan/Mars-summer-tasks/task-2/ros_ws/install/turtle_patrol_interfaces/local/lib/python3.10/dist-packages:${PYTHONPATH} /usr/bin/python3 -W ignore:setup.py install is deprecated -W ignore:easy_install command is deprecated setup.py egg_info --egg-base ../../build/turtle_patrol build --build-base /home/charan/Mars-summer-tasks/task-2/ros_ws/build/turtle_patrol/build install --record /home/charan/Mars-summer-tasks/task-2/ros_ws/build/turtle_patrol/install.log --single-version-externally-managed install_data
[1.240s] Level 1:colcon.colcon_core.environment:checking '/home/charan/Mars-summer-tasks/task-2/ros_ws/install/turtle_patrol' for CMake config files
[1.240s] Level 1:colcon.colcon_core.environment:checking '/home/charan/Mars-summer-tasks/task-2/ros_ws/install/turtle_patrol/lib'
[1.240s] Level 1:colcon.colcon_core.environment:checking '/home/charan/Mars-summer-tasks/task-2/ros_ws/install/turtle_patrol/bin'
[1.240s] Level 1:colcon.colcon_core.environment:checking '/home/charan/Mars-summer-tasks/task-2/ros_ws/install/turtle_patrol/lib/pkgconfig/turtle_patrol.pc'
[1.241s] Level 1:colcon.colcon_core.environment:checking '/home/charan/Mars-summer-tasks/task-2/ros_ws/install/turtle_patrol/lib/python3.10/site-packages'
[1.241s] Level 1:colcon.colcon_core.shell:create_environment_hook('turtle_patrol', 'pythonpath')
[1.241s] INFO:colcon.colcon_core.shell:Creating environment hook '/home/charan/Mars-summer-tasks/task-2/ros_ws/install/turtle_patrol/share/turtle_patrol/hook/pythonpath.ps1'
[1.241s] INFO:colcon.colcon_core.shell:Creating environment descriptor '/home/charan/Mars-summer-tasks/task-2/ros_ws/install/turtle_patrol/share/turtle_patrol/hook/pythonpath.dsv'
[1.241s] INFO:colcon.colcon_core.shell:Creating environment hook '/home/charan/Mars-summer-tasks/task-2/ros_ws/install/turtle_patrol/share/turtle_patrol/hook/pythonpath.sh'
[1.242s] Level 1:colcon.colcon_core.environment:checking '/home/charan/Mars-summer-tasks/task-2/ros_ws/install/turtle_patrol/bin'
[1.242s] Level 1:colcon.colcon_core.environment:create_environment_scripts_only(turtle_patrol)
[1.242s] INFO:colcon.colcon_core.shell:Creating package script '/home/charan/Mars-summer-tasks/task-2/ros_ws/install/turtle_patrol/share/turtle_patrol/package.ps1'
[1.242s] INFO:colcon.colcon_core.shell:Creating package descriptor '/home/charan/Mars-summer-tasks/task-2/ros_ws/install/turtle_patrol/share/turtle_patrol/package.dsv'
[1.242s] INFO:colcon.colcon_core.shell:Creating package script '/home/charan/Mars-summer-tasks/task-2/ros_ws/install/turtle_patrol/share/turtle_patrol/package.sh'
[1.242s] INFO:colcon.colcon_core.shell:Creating package script '/home/charan/Mars-summer-tasks/task-2/ros_ws/install/turtle_patrol/share/turtle_patrol/package.bash'
[1.243s] INFO:colcon.colcon_core.shell:Creating package script '/home/charan/Mars-summer-tasks/task-2/ros_ws/install/turtle_patrol/share/turtle_patrol/package.zsh'
[1.243s] Level 1:colcon.colcon_core.environment:create_file_with_runtime_dependencies(/home/charan/Mars-summer-tasks/task-2/ros_ws/install/turtle_patrol/share/colcon-core/packages/turtle_patrol)
[1.243s] DEBUG:colcon.colcon_parallel_executor.executor.parallel:closing loop
[1.243s] DEBUG:colcon.colcon_parallel_executor.executor.parallel:loop closed
[1.243s] DEBUG:colcon.colcon_parallel_executor.executor.parallel:run_until_complete finished with '0'
[1.243s] DEBUG:colcon.colcon_core.event_reactor:joining thread
[1.248s] INFO:colcon.colcon_core.plugin_system:Skipping extension 'colcon_notification.desktop_notification.terminal_notifier': Not used on non-Darwin systems
[1.248s] INFO:colcon.colcon_core.plugin_system:Skipping extension 'colcon_notification.desktop_notification.win32': Not used on non-Windows systems
[1.248s] INFO:colcon.colcon_notification.desktop_notification:Sending desktop notification using 'notify2'
[1.272s] DEBUG:colcon.colcon_core.event_reactor:joined thread
[1.272s] INFO:colcon.colcon_core.shell:Creating prefix script '/home/charan/Mars-summer-tasks/task-2/ros_ws/install/local_setup.ps1'
[1.273s] INFO:colcon.colcon_core.shell:Creating prefix util module '/home/charan/Mars-summer-tasks/task-2/ros_ws/install/_local_setup_util_ps1.py'
[1.274s] INFO:colcon.colcon_core.shell:Creating prefix chain script '/home/charan/Mars-summer-tasks/task-2/ros_ws/install/setup.ps1'
[1.275s] INFO:colcon.colcon_core.shell:Creating prefix script '/home/charan/Mars-summer-tasks/task-2/ros_ws/install/local_setup.sh'
[1.276s] INFO:colcon.colcon_core.shell:Creating prefix util module '/home/charan/Mars-summer-tasks/task-2/ros_ws/install/_local_setup_util_sh.py'
[1.276s] INFO:colcon.colcon_core.shell:Creating prefix chain script '/home/charan/Mars-summer-tasks/task-2/ros_ws/install/setup.sh'
[1.277s] INFO:colcon.colcon_core.shell:Creating prefix script '/home/charan/Mars-summer-tasks/task-2/ros_ws/install/local_setup.bash'
[1.277s] INFO:colcon.colcon_core.shell:Creating prefix chain script '/home/charan/Mars-summer-tasks/task-2/ros_ws/install/setup.bash'
[1.278s] INFO:colcon.colcon_core.shell:Creating prefix script '/home/charan/Mars-summer-tasks/task-2/ros_ws/install/local_setup.zsh'
[1.278s] INFO:colcon.colcon_core.shell:Creating prefix chain script '/home/charan/Mars-summer-tasks/task-2/ros_ws/install/setup.zsh'
