[0.016s] Invoking command in '/home/charan/Mars-summer-tasks/task-2/ros_ws/build/turtle_patrol_interfaces': CMAKE_PREFIX_PATH=/opt/ros/humble /usr/bin/cmake --build /home/charan/Mars-summer-tasks/task-2/ros_ws/build/turtle_patrol_interfaces -- -j4 -l4
[0.149s] [35m[1mConsolidate compiler generated dependencies of target turtle_patrol_interfaces__rosidl_generator_c[0m
[0.153s] [  3%] Built target turtle_patrol_interfaces__rs
[0.153s] [  6%] Built target turtle_patrol_interfaces__cpp
[0.155s] [ 15%] Built target turtle_patrol_interfaces__rosidl_generator_c
[0.165s] [35m[1mConsolidate compiler generated dependencies of target turtle_patrol_interfaces__rosidl_typesupport_fastrtps_cpp[0m
[0.165s] [35m[1mConsolidate compiler generated dependencies of target turtle_patrol_interfaces__rosidl_typesupport_introspection_cpp[0m
[0.167s] [35m[1mConsolidate compiler generated dependencies of target turtle_patrol_interfaces__rosidl_typesupport_cpp[0m
[0.171s] [ 15%] Built target ament_cmake_python_copy_turtle_patrol_interfaces
[0.177s] [ 40%] Built target turtle_patrol_interfaces__rosidl_typesupport_fastrtps_cpp
[0.177s] [ 43%] Built target turtle_patrol_interfaces__rosidl_typesupport_introspection_cpp
[0.177s] [ 43%] Built target turtle_patrol_interfaces__rosidl_typesupport_cpp
[0.179s] [35m[1mConsolidate compiler generated dependencies of target turtle_patrol_interfaces__rosidl_typesupport_fastrtps_c[0m
[0.183s] [35m[1mConsolidate compiler generated dependencies of target turtle_patrol_interfaces__rosidl_typesupport_introspection_c[0m
[0.185s] [ 53%] Built target turtle_patrol_interfaces__rosidl_typesupport_fastrtps_c
[0.192s] [35m[1mConsolidate compiler generated dependencies of target turtle_patrol_interfaces__rosidl_typesupport_c[0m
[0.194s] [ 62%] Built target turtle_patrol_interfaces__rosidl_typesupport_introspection_c
[0.198s] [ 71%] Built target turtle_patrol_interfaces__rosidl_typesupport_c
[0.205s] [ 71%] Built target turtle_patrol_interfaces
[0.214s] [ 75%] Built target turtle_patrol_interfaces__py
[0.223s] [35m[1mConsolidate compiler generated dependencies of target turtle_patrol_interfaces__rosidl_generator_py[0m
[0.233s] [ 81%] Built target turtle_patrol_interfaces__rosidl_generator_py
[0.239s] [35m[1mConsolidate compiler generated dependencies of target turtle_patrol_interfaces__rosidl_typesupport_c__pyext[0m
[0.239s] [35m[1mConsolidate compiler generated dependencies of target turtle_patrol_interfaces__rosidl_typesupport_fastrtps_c__pyext[0m
[0.239s] [35m[1mConsolidate compiler generated dependencies of target turtle_patrol_interfaces__rosidl_typesupport_introspection_c__pyext[0m
[0.245s] [ 87%] Built target turtle_patrol_interfaces__rosidl_typesupport_c__pyext
[0.245s] [ 93%] Built target turtle_patrol_interfaces__rosidl_typesupport_introspection_c__pyext
[0.245s] [100%] Built target turtle_patrol_interfaces__rosidl_typesupport_fastrtps_c__pyext
[0.300s] running egg_info
[0.301s] writing turtle_patrol_interfaces.egg-info/PKG-INFO
[0.303s] writing dependency_links to turtle_patrol_interfaces.egg-info/dependency_links.txt
[0.303s] writing top-level names to turtle_patrol_interfaces.egg-info/top_level.txt
[0.304s] reading manifest file 'turtle_patrol_interfaces.egg-info/SOURCES.txt'
[0.304s] writing manifest file 'turtle_patrol_interfaces.egg-info/SOURCES.txt'
[0.317s] [100%] Built target ament_cmake_python_build_turtle_patrol_interfaces_egg
[0.321s] Invoked command in '/home/charan/Mars-summer-tasks/task-2/ros_ws/build/turtle_patrol_interfaces' returned '0': CMAKE_PREFIX_PATH=/opt/ros/humble /usr/bin/cmake --build /home/charan/Mars-summer-tasks/task-2/ros_ws/build/turtle_patrol_interfaces -- -j4 -l4
[0.326s] Invoking command in '/home/charan/Mars-summer-tasks/task-2/ros_ws/build/turtle_patrol_interfaces': CMAKE_PREFIX_PATH=/opt/ros/humble /usr/bin/cmake --install /home/charan/Mars-summer-tasks/task-2/ros_ws/build/turtle_patrol_interfaces
[0.331s] -- Install configuration: ""
[0.332s] -- Up-to-date: /home/charan/Mars-summer-tasks/task-2/ros_ws/install/turtle_patrol_interfaces/share/ament_index/resource_index/rosidl_interfaces/turtle_patrol_interfaces
[0.332s] -- Up-to-date: /home/charan/Mars-summer-tasks/task-2/ros_ws/install/turtle_patrol_interfaces/include/turtle_patrol_interfaces/turtle_patrol_interfaces
[0.332s] -- Up-to-date: /home/charan/Mars-summer-tasks/task-2/ros_ws/install/turtle_patrol_interfaces/include/turtle_patrol_interfaces/turtle_patrol_interfaces/action
[0.332s] -- Up-to-date: /home/charan/Mars-summer-tasks/task-2/ros_ws/install/turtle_patrol_interfaces/include/turtle_patrol_interfaces/turtle_patrol_interfaces/action/execute_circle.h
[0.332s] -- Up-to-date: /home/charan/Mars-summer-tasks/task-2/ros_ws/install/turtle_patrol_interfaces/include/turtle_patrol_interfaces/turtle_patrol_interfaces/action/detail
[0.332s] -- Up-to-date: /home/charan/Mars-summer-tasks/task-2/ros_ws/install/turtle_patrol_interfaces/include/turtle_patrol_interfaces/turtle_patrol_interfaces/action/detail/execute_circle__functions.c
[0.332s] -- Up-to-date: /home/charan/Mars-summer-tasks/task-2/ros_ws/install/turtle_patrol_interfaces/include/turtle_patrol_interfaces/turtle_patrol_interfaces/action/detail/execute_circle__functions.h
[0.333s] -- Up-to-date: /home/charan/Mars-summer-tasks/task-2/ros_ws/install/turtle_patrol_interfaces/include/turtle_patrol_interfaces/turtle_patrol_interfaces/action/detail/execute_circle__type_support.h
[0.333s] -- Up-to-date: /home/charan/Mars-summer-tasks/task-2/ros_ws/install/turtle_patrol_interfaces/include/turtle_patrol_interfaces/turtle_patrol_interfaces/action/detail/execute_circle__struct.h
[0.333s] -- Up-to-date: /home/charan/Mars-summer-tasks/task-2/ros_ws/install/turtle_patrol_interfaces/include/turtle_patrol_interfaces/turtle_patrol_interfaces/msg
[0.333s] -- Up-to-date: /home/charan/Mars-summer-tasks/task-2/ros_ws/install/turtle_patrol_interfaces/include/turtle_patrol_interfaces/turtle_patrol_interfaces/msg/rosidl_generator_c__visibility_control.h
[0.333s] -- Up-to-date: /home/charan/Mars-summer-tasks/task-2/ros_ws/install/turtle_patrol_interfaces/share/turtle_patrol_interfaces/environment/library_path.sh
[0.333s] -- Up-to-date: /home/charan/Mars-summer-tasks/task-2/ros_ws/install/turtle_patrol_interfaces/share/turtle_patrol_interfaces/environment/library_path.dsv
[0.333s] -- Up-to-date: /home/charan/Mars-summer-tasks/task-2/ros_ws/install/turtle_patrol_interfaces/lib/libturtle_patrol_interfaces__rosidl_generator_c.so
[0.333s] -- Up-to-date: /home/charan/Mars-summer-tasks/task-2/ros_ws/install/turtle_patrol_interfaces/include/turtle_patrol_interfaces/turtle_patrol_interfaces
[0.333s] -- Up-to-date: /home/charan/Mars-summer-tasks/task-2/ros_ws/install/turtle_patrol_interfaces/include/turtle_patrol_interfaces/turtle_patrol_interfaces/action
[0.333s] -- Up-to-date: /home/charan/Mars-summer-tasks/task-2/ros_ws/install/turtle_patrol_interfaces/include/turtle_patrol_interfaces/turtle_patrol_interfaces/action/detail
[0.333s] -- Up-to-date: /home/charan/Mars-summer-tasks/task-2/ros_ws/install/turtle_patrol_interfaces/include/turtle_patrol_interfaces/turtle_patrol_interfaces/action/detail/execute_circle__rosidl_typesupport_fastrtps_c.h
[0.333s] -- Up-to-date: /home/charan/Mars-summer-tasks/task-2/ros_ws/install/turtle_patrol_interfaces/include/turtle_patrol_interfaces/turtle_patrol_interfaces/msg
[0.333s] -- Up-to-date: /home/charan/Mars-summer-tasks/task-2/ros_ws/install/turtle_patrol_interfaces/include/turtle_patrol_interfaces/turtle_patrol_interfaces/msg/rosidl_typesupport_fastrtps_c__visibility_control.h
[0.333s] -- Up-to-date: /home/charan/Mars-summer-tasks/task-2/ros_ws/install/turtle_patrol_interfaces/lib/libturtle_patrol_interfaces__rosidl_typesupport_fastrtps_c.so
[0.333s] -- Up-to-date: /home/charan/Mars-summer-tasks/task-2/ros_ws/install/turtle_patrol_interfaces/include/turtle_patrol_interfaces/turtle_patrol_interfaces
[0.334s] -- Up-to-date: /home/charan/Mars-summer-tasks/task-2/ros_ws/install/turtle_patrol_interfaces/include/turtle_patrol_interfaces/turtle_patrol_interfaces/action
[0.334s] -- Up-to-date: /home/charan/Mars-summer-tasks/task-2/ros_ws/install/turtle_patrol_interfaces/include/turtle_patrol_interfaces/turtle_patrol_interfaces/action/detail
[0.334s] -- Up-to-date: /home/charan/Mars-summer-tasks/task-2/ros_ws/install/turtle_patrol_interfaces/include/turtle_patrol_interfaces/turtle_patrol_interfaces/action/detail/execute_circle__rosidl_typesupport_introspection_c.h
[0.334s] -- Up-to-date: /home/charan/Mars-summer-tasks/task-2/ros_ws/install/turtle_patrol_interfaces/include/turtle_patrol_interfaces/turtle_patrol_interfaces/action/detail/execute_circle__type_support.c
[0.334s] -- Up-to-date: /home/charan/Mars-summer-tasks/task-2/ros_ws/install/turtle_patrol_interfaces/include/turtle_patrol_interfaces/turtle_patrol_interfaces/msg
[0.334s] -- Up-to-date: /home/charan/Mars-summer-tasks/task-2/ros_ws/install/turtle_patrol_interfaces/include/turtle_patrol_interfaces/turtle_patrol_interfaces/msg/rosidl_typesupport_introspection_c__visibility_control.h
[0.335s] -- Up-to-date: /home/charan/Mars-summer-tasks/task-2/ros_ws/install/turtle_patrol_interfaces/lib/libturtle_patrol_interfaces__rosidl_typesupport_introspection_c.so
[0.335s] -- Up-to-date: /home/charan/Mars-summer-tasks/task-2/ros_ws/install/turtle_patrol_interfaces/lib/libturtle_patrol_interfaces__rosidl_typesupport_c.so
[0.335s] -- Up-to-date: /home/charan/Mars-summer-tasks/task-2/ros_ws/install/turtle_patrol_interfaces/include/turtle_patrol_interfaces/turtle_patrol_interfaces
[0.335s] -- Up-to-date: /home/charan/Mars-summer-tasks/task-2/ros_ws/install/turtle_patrol_interfaces/include/turtle_patrol_interfaces/turtle_patrol_interfaces/action
[0.336s] -- Up-to-date: /home/charan/Mars-summer-tasks/task-2/ros_ws/install/turtle_patrol_interfaces/include/turtle_patrol_interfaces/turtle_patrol_interfaces/action/execute_circle.hpp
[0.336s] -- Up-to-date: /home/charan/Mars-summer-tasks/task-2/ros_ws/install/turtle_patrol_interfaces/include/turtle_patrol_interfaces/turtle_patrol_interfaces/action/detail
[0.336s] -- Up-to-date: /home/charan/Mars-summer-tasks/task-2/ros_ws/install/turtle_patrol_interfaces/include/turtle_patrol_interfaces/turtle_patrol_interfaces/action/detail/execute_circle__builder.hpp
[0.336s] -- Up-to-date: /home/charan/Mars-summer-tasks/task-2/ros_ws/install/turtle_patrol_interfaces/include/turtle_patrol_interfaces/turtle_patrol_interfaces/action/detail/execute_circle__traits.hpp
[0.336s] -- Up-to-date: /home/charan/Mars-summer-tasks/task-2/ros_ws/install/turtle_patrol_interfaces/include/turtle_patrol_interfaces/turtle_patrol_interfaces/action/detail/execute_circle__type_support.hpp
[0.336s] -- Up-to-date: /home/charan/Mars-summer-tasks/task-2/ros_ws/install/turtle_patrol_interfaces/include/turtle_patrol_interfaces/turtle_patrol_interfaces/action/detail/execute_circle__struct.hpp
[0.336s] -- Up-to-date: /home/charan/Mars-summer-tasks/task-2/ros_ws/install/turtle_patrol_interfaces/include/turtle_patrol_interfaces/turtle_patrol_interfaces/msg
[0.336s] -- Up-to-date: /home/charan/Mars-summer-tasks/task-2/ros_ws/install/turtle_patrol_interfaces/include/turtle_patrol_interfaces/turtle_patrol_interfaces/msg/rosidl_generator_cpp__visibility_control.hpp
[0.336s] -- Up-to-date: /home/charan/Mars-summer-tasks/task-2/ros_ws/install/turtle_patrol_interfaces/include/turtle_patrol_interfaces/turtle_patrol_interfaces
[0.336s] -- Up-to-date: /home/charan/Mars-summer-tasks/task-2/ros_ws/install/turtle_patrol_interfaces/include/turtle_patrol_interfaces/turtle_patrol_interfaces/action
[0.336s] -- Up-to-date: /home/charan/Mars-summer-tasks/task-2/ros_ws/install/turtle_patrol_interfaces/include/turtle_patrol_interfaces/turtle_patrol_interfaces/action/detail
[0.336s] -- Up-to-date: /home/charan/Mars-summer-tasks/task-2/ros_ws/install/turtle_patrol_interfaces/include/turtle_patrol_interfaces/turtle_patrol_interfaces/action/detail/execute_circle__rosidl_typesupport_fastrtps_cpp.hpp
[0.336s] -- Up-to-date: /home/charan/Mars-summer-tasks/task-2/ros_ws/install/turtle_patrol_interfaces/include/turtle_patrol_interfaces/turtle_patrol_interfaces/action/detail/dds_fastrtps
[0.336s] -- Up-to-date: /home/charan/Mars-summer-tasks/task-2/ros_ws/install/turtle_patrol_interfaces/include/turtle_patrol_interfaces/turtle_patrol_interfaces/msg
[0.336s] -- Up-to-date: /home/charan/Mars-summer-tasks/task-2/ros_ws/install/turtle_patrol_interfaces/include/turtle_patrol_interfaces/turtle_patrol_interfaces/msg/rosidl_typesupport_fastrtps_cpp__visibility_control.h
[0.337s] -- Up-to-date: /home/charan/Mars-summer-tasks/task-2/ros_ws/install/turtle_patrol_interfaces/lib/libturtle_patrol_interfaces__rosidl_typesupport_fastrtps_cpp.so
[0.337s] -- Up-to-date: /home/charan/Mars-summer-tasks/task-2/ros_ws/install/turtle_patrol_interfaces/include/turtle_patrol_interfaces/turtle_patrol_interfaces
[0.337s] -- Up-to-date: /home/charan/Mars-summer-tasks/task-2/ros_ws/install/turtle_patrol_interfaces/include/turtle_patrol_interfaces/turtle_patrol_interfaces/action
[0.337s] -- Up-to-date: /home/charan/Mars-summer-tasks/task-2/ros_ws/install/turtle_patrol_interfaces/include/turtle_patrol_interfaces/turtle_patrol_interfaces/action/detail
[0.338s] -- Up-to-date: /home/charan/Mars-summer-tasks/task-2/ros_ws/install/turtle_patrol_interfaces/include/turtle_patrol_interfaces/turtle_patrol_interfaces/action/detail/execute_circle__type_support.cpp
[0.338s] -- Up-to-date: /home/charan/Mars-summer-tasks/task-2/ros_ws/install/turtle_patrol_interfaces/include/turtle_patrol_interfaces/turtle_patrol_interfaces/action/detail/execute_circle__rosidl_typesupport_introspection_cpp.hpp
[0.338s] -- Up-to-date: /home/charan/Mars-summer-tasks/task-2/ros_ws/install/turtle_patrol_interfaces/lib/libturtle_patrol_interfaces__rosidl_typesupport_introspection_cpp.so
[0.338s] -- Up-to-date: /home/charan/Mars-summer-tasks/task-2/ros_ws/install/turtle_patrol_interfaces/lib/libturtle_patrol_interfaces__rosidl_typesupport_cpp.so
[0.338s] -- Up-to-date: /home/charan/Mars-summer-tasks/task-2/ros_ws/install/turtle_patrol_interfaces/share/turtle_patrol_interfaces/environment/pythonpath.sh
[0.339s] -- Up-to-date: /home/charan/Mars-summer-tasks/task-2/ros_ws/install/turtle_patrol_interfaces/share/turtle_patrol_interfaces/environment/pythonpath.dsv
[0.339s] -- Up-to-date: /home/charan/Mars-summer-tasks/task-2/ros_ws/install/turtle_patrol_interfaces/local/lib/python3.10/dist-packages/turtle_patrol_interfaces-0.0.0-py3.10.egg-info
[0.339s] -- Installing: /home/charan/Mars-summer-tasks/task-2/ros_ws/install/turtle_patrol_interfaces/local/lib/python3.10/dist-packages/turtle_patrol_interfaces-0.0.0-py3.10.egg-info/PKG-INFO
[0.339s] -- Installing: /home/charan/Mars-summer-tasks/task-2/ros_ws/install/turtle_patrol_interfaces/local/lib/python3.10/dist-packages/turtle_patrol_interfaces-0.0.0-py3.10.egg-info/dependency_links.txt
[0.339s] -- Installing: /home/charan/Mars-summer-tasks/task-2/ros_ws/install/turtle_patrol_interfaces/local/lib/python3.10/dist-packages/turtle_patrol_interfaces-0.0.0-py3.10.egg-info/top_level.txt
[0.339s] -- Installing: /home/charan/Mars-summer-tasks/task-2/ros_ws/install/turtle_patrol_interfaces/local/lib/python3.10/dist-packages/turtle_patrol_interfaces-0.0.0-py3.10.egg-info/SOURCES.txt
[0.339s] -- Up-to-date: /home/charan/Mars-summer-tasks/task-2/ros_ws/install/turtle_patrol_interfaces/local/lib/python3.10/dist-packages/turtle_patrol_interfaces
[0.339s] -- Up-to-date: /home/charan/Mars-summer-tasks/task-2/ros_ws/install/turtle_patrol_interfaces/local/lib/python3.10/dist-packages/turtle_patrol_interfaces/__init__.py
[0.339s] -- Up-to-date: /home/charan/Mars-summer-tasks/task-2/ros_ws/install/turtle_patrol_interfaces/local/lib/python3.10/dist-packages/turtle_patrol_interfaces/_turtle_patrol_interfaces_s.ep.rosidl_typesupport_c.c
[0.339s] -- Up-to-date: /home/charan/Mars-summer-tasks/task-2/ros_ws/install/turtle_patrol_interfaces/local/lib/python3.10/dist-packages/turtle_patrol_interfaces/_turtle_patrol_interfaces_s.ep.rosidl_typesupport_introspection_c.c
[0.340s] -- Up-to-date: /home/charan/Mars-summer-tasks/task-2/ros_ws/install/turtle_patrol_interfaces/local/lib/python3.10/dist-packages/turtle_patrol_interfaces/action
[0.340s] -- Up-to-date: /home/charan/Mars-summer-tasks/task-2/ros_ws/install/turtle_patrol_interfaces/local/lib/python3.10/dist-packages/turtle_patrol_interfaces/action/__init__.py
[0.340s] -- Up-to-date: /home/charan/Mars-summer-tasks/task-2/ros_ws/install/turtle_patrol_interfaces/local/lib/python3.10/dist-packages/turtle_patrol_interfaces/action/_execute_circle_s.c
[0.340s] -- Up-to-date: /home/charan/Mars-summer-tasks/task-2/ros_ws/install/turtle_patrol_interfaces/local/lib/python3.10/dist-packages/turtle_patrol_interfaces/action/_execute_circle.py
[0.340s] -- Up-to-date: /home/charan/Mars-summer-tasks/task-2/ros_ws/install/turtle_patrol_interfaces/local/lib/python3.10/dist-packages/turtle_patrol_interfaces/turtle_patrol_interfaces_s__rosidl_typesupport_c.cpython-310-aarch64-linux-gnu.so
[0.340s] -- Up-to-date: /home/charan/Mars-summer-tasks/task-2/ros_ws/install/turtle_patrol_interfaces/local/lib/python3.10/dist-packages/turtle_patrol_interfaces/libturtle_patrol_interfaces__rosidl_generator_py.so
[0.340s] -- Up-to-date: /home/charan/Mars-summer-tasks/task-2/ros_ws/install/turtle_patrol_interfaces/local/lib/python3.10/dist-packages/turtle_patrol_interfaces/_turtle_patrol_interfaces_s.ep.rosidl_typesupport_fastrtps_c.c
[0.340s] -- Up-to-date: /home/charan/Mars-summer-tasks/task-2/ros_ws/install/turtle_patrol_interfaces/local/lib/python3.10/dist-packages/turtle_patrol_interfaces/turtle_patrol_interfaces_s__rosidl_typesupport_introspection_c.cpython-310-aarch64-linux-gnu.so
[0.340s] -- Up-to-date: /home/charan/Mars-summer-tasks/task-2/ros_ws/install/turtle_patrol_interfaces/local/lib/python3.10/dist-packages/turtle_patrol_interfaces/turtle_patrol_interfaces_s__rosidl_typesupport_fastrtps_c.cpython-310-aarch64-linux-gnu.so
[0.355s] Listing '/home/charan/Mars-summer-tasks/task-2/ros_ws/install/turtle_patrol_interfaces/local/lib/python3.10/dist-packages/turtle_patrol_interfaces'...
[0.355s] Listing '/home/charan/Mars-summer-tasks/task-2/ros_ws/install/turtle_patrol_interfaces/local/lib/python3.10/dist-packages/turtle_patrol_interfaces/action'...
[0.361s] -- Up-to-date: /home/charan/Mars-summer-tasks/task-2/ros_ws/install/turtle_patrol_interfaces/local/lib/python3.10/dist-packages/turtle_patrol_interfaces/turtle_patrol_interfaces_s__rosidl_typesupport_fastrtps_c.cpython-310-aarch64-linux-gnu.so
[0.362s] -- Up-to-date: /home/charan/Mars-summer-tasks/task-2/ros_ws/install/turtle_patrol_interfaces/local/lib/python3.10/dist-packages/turtle_patrol_interfaces/turtle_patrol_interfaces_s__rosidl_typesupport_introspection_c.cpython-310-aarch64-linux-gnu.so
[0.363s] -- Up-to-date: /home/charan/Mars-summer-tasks/task-2/ros_ws/install/turtle_patrol_interfaces/local/lib/python3.10/dist-packages/turtle_patrol_interfaces/turtle_patrol_interfaces_s__rosidl_typesupport_c.cpython-310-aarch64-linux-gnu.so
[0.363s] -- Up-to-date: /home/charan/Mars-summer-tasks/task-2/ros_ws/install/turtle_patrol_interfaces/lib/libturtle_patrol_interfaces__rosidl_generator_py.so
[0.363s] -- Up-to-date: /home/charan/Mars-summer-tasks/task-2/ros_ws/install/turtle_patrol_interfaces/share/ament_index/resource_index/rust_packages/turtle_patrol_interfaces
[0.364s] -- Up-to-date: /home/charan/Mars-summer-tasks/task-2/ros_ws/install/turtle_patrol_interfaces/share/turtle_patrol_interfaces/rust
[0.364s] -- Up-to-date: /home/charan/Mars-summer-tasks/task-2/ros_ws/install/turtle_patrol_interfaces/share/turtle_patrol_interfaces/rust/src
[0.364s] -- Up-to-date: /home/charan/Mars-summer-tasks/task-2/ros_ws/install/turtle_patrol_interfaces/share/turtle_patrol_interfaces/rust/src/action
[0.364s] -- Up-to-date: /home/charan/Mars-summer-tasks/task-2/ros_ws/install/turtle_patrol_interfaces/share/turtle_patrol_interfaces/rust/src/action/rmw.rs
[0.364s] -- Up-to-date: /home/charan/Mars-summer-tasks/task-2/ros_ws/install/turtle_patrol_interfaces/share/turtle_patrol_interfaces/rust/src/lib.rs
[0.364s] -- Up-to-date: /home/charan/Mars-summer-tasks/task-2/ros_ws/install/turtle_patrol_interfaces/share/turtle_patrol_interfaces/rust/src/action.rs
[0.365s] -- Up-to-date: /home/charan/Mars-summer-tasks/task-2/ros_ws/install/turtle_patrol_interfaces/share/turtle_patrol_interfaces/rust/Cargo.toml
[0.365s] -- Up-to-date: /home/charan/Mars-summer-tasks/task-2/ros_ws/install/turtle_patrol_interfaces/share/turtle_patrol_interfaces/rust/build.rs
[0.365s] -- Up-to-date: /home/charan/Mars-summer-tasks/task-2/ros_ws/install/turtle_patrol_interfaces/share/turtle_patrol_interfaces/action/ExecuteCircle.idl
[0.365s] -- Up-to-date: /home/charan/Mars-summer-tasks/task-2/ros_ws/install/turtle_patrol_interfaces/share/turtle_patrol_interfaces/action/ExecuteCircle.action
[0.365s] -- Up-to-date: /home/charan/Mars-summer-tasks/task-2/ros_ws/install/turtle_patrol_interfaces/share/ament_index/resource_index/package_run_dependencies/turtle_patrol_interfaces
[0.365s] -- Up-to-date: /home/charan/Mars-summer-tasks/task-2/ros_ws/install/turtle_patrol_interfaces/share/ament_index/resource_index/parent_prefix_path/turtle_patrol_interfaces
[0.365s] -- Up-to-date: /home/charan/Mars-summer-tasks/task-2/ros_ws/install/turtle_patrol_interfaces/share/turtle_patrol_interfaces/environment/ament_prefix_path.sh
[0.365s] -- Up-to-date: /home/charan/Mars-summer-tasks/task-2/ros_ws/install/turtle_patrol_interfaces/share/turtle_patrol_interfaces/environment/ament_prefix_path.dsv
[0.365s] -- Up-to-date: /home/charan/Mars-summer-tasks/task-2/ros_ws/install/turtle_patrol_interfaces/share/turtle_patrol_interfaces/environment/path.sh
[0.365s] -- Up-to-date: /home/charan/Mars-summer-tasks/task-2/ros_ws/install/turtle_patrol_interfaces/share/turtle_patrol_interfaces/environment/path.dsv
[0.365s] -- Up-to-date: /home/charan/Mars-summer-tasks/task-2/ros_ws/install/turtle_patrol_interfaces/share/turtle_patrol_interfaces/local_setup.bash
[0.365s] -- Up-to-date: /home/charan/Mars-summer-tasks/task-2/ros_ws/install/turtle_patrol_interfaces/share/turtle_patrol_interfaces/local_setup.sh
[0.365s] -- Up-to-date: /home/charan/Mars-summer-tasks/task-2/ros_ws/install/turtle_patrol_interfaces/share/turtle_patrol_interfaces/local_setup.zsh
[0.365s] -- Up-to-date: /home/charan/Mars-summer-tasks/task-2/ros_ws/install/turtle_patrol_interfaces/share/turtle_patrol_interfaces/local_setup.dsv
[0.365s] -- Installing: /home/charan/Mars-summer-tasks/task-2/ros_ws/install/turtle_patrol_interfaces/share/turtle_patrol_interfaces/package.dsv
[0.365s] -- Up-to-date: /home/charan/Mars-summer-tasks/task-2/ros_ws/install/turtle_patrol_interfaces/share/ament_index/resource_index/packages/turtle_patrol_interfaces
[0.365s] -- Up-to-date: /home/charan/Mars-summer-tasks/task-2/ros_ws/install/turtle_patrol_interfaces/share/turtle_patrol_interfaces/cmake/export_turtle_patrol_interfaces__rosidl_generator_cExport.cmake
[0.365s] -- Up-to-date: /home/charan/Mars-summer-tasks/task-2/ros_ws/install/turtle_patrol_interfaces/share/turtle_patrol_interfaces/cmake/export_turtle_patrol_interfaces__rosidl_generator_cExport-noconfig.cmake
[0.365s] -- Up-to-date: /home/charan/Mars-summer-tasks/task-2/ros_ws/install/turtle_patrol_interfaces/share/turtle_patrol_interfaces/cmake/export_turtle_patrol_interfaces__rosidl_typesupport_fastrtps_cExport.cmake
[0.365s] -- Up-to-date: /home/charan/Mars-summer-tasks/task-2/ros_ws/install/turtle_patrol_interfaces/share/turtle_patrol_interfaces/cmake/export_turtle_patrol_interfaces__rosidl_typesupport_fastrtps_cExport-noconfig.cmake
[0.366s] -- Up-to-date: /home/charan/Mars-summer-tasks/task-2/ros_ws/install/turtle_patrol_interfaces/share/turtle_patrol_interfaces/cmake/turtle_patrol_interfaces__rosidl_typesupport_introspection_cExport.cmake
[0.366s] -- Up-to-date: /home/charan/Mars-summer-tasks/task-2/ros_ws/install/turtle_patrol_interfaces/share/turtle_patrol_interfaces/cmake/turtle_patrol_interfaces__rosidl_typesupport_introspection_cExport-noconfig.cmake
[0.367s] -- Up-to-date: /home/charan/Mars-summer-tasks/task-2/ros_ws/install/turtle_patrol_interfaces/share/turtle_patrol_interfaces/cmake/turtle_patrol_interfaces__rosidl_typesupport_cExport.cmake
[0.367s] -- Up-to-date: /home/charan/Mars-summer-tasks/task-2/ros_ws/install/turtle_patrol_interfaces/share/turtle_patrol_interfaces/cmake/turtle_patrol_interfaces__rosidl_typesupport_cExport-noconfig.cmake
[0.367s] -- Up-to-date: /home/charan/Mars-summer-tasks/task-2/ros_ws/install/turtle_patrol_interfaces/share/turtle_patrol_interfaces/cmake/export_turtle_patrol_interfaces__rosidl_generator_cppExport.cmake
[0.367s] -- Up-to-date: /home/charan/Mars-summer-tasks/task-2/ros_ws/install/turtle_patrol_interfaces/share/turtle_patrol_interfaces/cmake/export_turtle_patrol_interfaces__rosidl_typesupport_fastrtps_cppExport.cmake
[0.367s] -- Up-to-date: /home/charan/Mars-summer-tasks/task-2/ros_ws/install/turtle_patrol_interfaces/share/turtle_patrol_interfaces/cmake/export_turtle_patrol_interfaces__rosidl_typesupport_fastrtps_cppExport-noconfig.cmake
[0.367s] -- Up-to-date: /home/charan/Mars-summer-tasks/task-2/ros_ws/install/turtle_patrol_interfaces/share/turtle_patrol_interfaces/cmake/turtle_patrol_interfaces__rosidl_typesupport_introspection_cppExport.cmake
[0.368s] -- Up-to-date: /home/charan/Mars-summer-tasks/task-2/ros_ws/install/turtle_patrol_interfaces/share/turtle_patrol_interfaces/cmake/turtle_patrol_interfaces__rosidl_typesupport_introspection_cppExport-noconfig.cmake
[0.368s] -- Up-to-date: /home/charan/Mars-summer-tasks/task-2/ros_ws/install/turtle_patrol_interfaces/share/turtle_patrol_interfaces/cmake/turtle_patrol_interfaces__rosidl_typesupport_cppExport.cmake
[0.368s] -- Up-to-date: /home/charan/Mars-summer-tasks/task-2/ros_ws/install/turtle_patrol_interfaces/share/turtle_patrol_interfaces/cmake/turtle_patrol_interfaces__rosidl_typesupport_cppExport-noconfig.cmake
[0.368s] -- Up-to-date: /home/charan/Mars-summer-tasks/task-2/ros_ws/install/turtle_patrol_interfaces/share/turtle_patrol_interfaces/cmake/export_turtle_patrol_interfaces__rosidl_generator_pyExport.cmake
[0.368s] -- Up-to-date: /home/charan/Mars-summer-tasks/task-2/ros_ws/install/turtle_patrol_interfaces/share/turtle_patrol_interfaces/cmake/export_turtle_patrol_interfaces__rosidl_generator_pyExport-noconfig.cmake
[0.368s] -- Up-to-date: /home/charan/Mars-summer-tasks/task-2/ros_ws/install/turtle_patrol_interfaces/share/turtle_patrol_interfaces/cmake/rosidl_cmake-extras.cmake
[0.368s] -- Up-to-date: /home/charan/Mars-summer-tasks/task-2/ros_ws/install/turtle_patrol_interfaces/share/turtle_patrol_interfaces/cmake/ament_cmake_export_dependencies-extras.cmake
[0.368s] -- Up-to-date: /home/charan/Mars-summer-tasks/task-2/ros_ws/install/turtle_patrol_interfaces/share/turtle_patrol_interfaces/cmake/ament_cmake_export_include_directories-extras.cmake
[0.368s] -- Up-to-date: /home/charan/Mars-summer-tasks/task-2/ros_ws/install/turtle_patrol_interfaces/share/turtle_patrol_interfaces/cmake/ament_cmake_export_libraries-extras.cmake
[0.368s] -- Up-to-date: /home/charan/Mars-summer-tasks/task-2/ros_ws/install/turtle_patrol_interfaces/share/turtle_patrol_interfaces/cmake/ament_cmake_export_targets-extras.cmake
[0.368s] -- Up-to-date: /home/charan/Mars-summer-tasks/task-2/ros_ws/install/turtle_patrol_interfaces/share/turtle_patrol_interfaces/cmake/rosidl_cmake_export_typesupport_targets-extras.cmake
[0.368s] -- Up-to-date: /home/charan/Mars-summer-tasks/task-2/ros_ws/install/turtle_patrol_interfaces/share/turtle_patrol_interfaces/cmake/rosidl_cmake_export_typesupport_libraries-extras.cmake
[0.368s] -- Up-to-date: /home/charan/Mars-summer-tasks/task-2/ros_ws/install/turtle_patrol_interfaces/share/turtle_patrol_interfaces/cmake/turtle_patrol_interfacesConfig.cmake
[0.368s] -- Up-to-date: /home/charan/Mars-summer-tasks/task-2/ros_ws/install/turtle_patrol_interfaces/share/turtle_patrol_interfaces/cmake/turtle_patrol_interfacesConfig-version.cmake
[0.368s] -- Up-to-date: /home/charan/Mars-summer-tasks/task-2/ros_ws/install/turtle_patrol_interfaces/share/turtle_patrol_interfaces/package.xml
[0.372s] Invoked command in '/home/charan/Mars-summer-tasks/task-2/ros_ws/build/turtle_patrol_interfaces' returned '0': CMAKE_PREFIX_PATH=/opt/ros/humble /usr/bin/cmake --install /home/charan/Mars-summer-tasks/task-2/ros_ws/build/turtle_patrol_interfaces
