[0.292s] Invoking command in '/home/charan/Mars-summer-tasks/task-2/ros_ws/src/turtle_collision_avoidance': PYTHONPATH=/home/charan/Mars-summer-tasks/task-2/ros_ws/build/turtle_collision_avoidance/prefix_override:/usr/lib/python3/dist-packages/colcon_core/task/python/colcon_distutils_commands:/home/charan/Mars-summer-tasks/task-2/ros_ws/install/turtle_collision_avoidance/lib/python3.10/site-packages:${PYTHONPATH} /usr/bin/python3 -W ignore:setup.py install is deprecated -W ignore:easy_install command is deprecated setup.py egg_info --egg-base ../../build/turtle_collision_avoidance build --build-base /home/charan/Mars-summer-tasks/task-2/ros_ws/build/turtle_collision_avoidance/build install --record /home/charan/Mars-summer-tasks/task-2/ros_ws/build/turtle_collision_avoidance/install.log --single-version-externally-managed install_data
[0.396s] running egg_info
[0.396s] writing ../../build/turtle_collision_avoidance/turtle_collision_avoidance.egg-info/PKG-INFO
[0.397s] writing dependency_links to ../../build/turtle_collision_avoidance/turtle_collision_avoidance.egg-info/dependency_links.txt
[0.397s] writing entry points to ../../build/turtle_collision_avoidance/turtle_collision_avoidance.egg-info/entry_points.txt
[0.397s] writing requirements to ../../build/turtle_collision_avoidance/turtle_collision_avoidance.egg-info/requires.txt
[0.397s] writing top-level names to ../../build/turtle_collision_avoidance/turtle_collision_avoidance.egg-info/top_level.txt
[0.398s] reading manifest file '../../build/turtle_collision_avoidance/turtle_collision_avoidance.egg-info/SOURCES.txt'
[0.398s] adding license file 'LICENSE'
[0.398s] writing manifest file '../../build/turtle_collision_avoidance/turtle_collision_avoidance.egg-info/SOURCES.txt'
[0.398s] running build
[0.398s] running build_py
[0.399s] copying turtle_collision_avoidance/collision_avoidance_node.py -> /home/charan/Mars-summer-tasks/task-2/ros_ws/build/turtle_collision_avoidance/build/lib/turtle_collision_avoidance
[0.399s] running install
[0.399s] running install_lib
[0.399s] copying /home/charan/Mars-summer-tasks/task-2/ros_ws/build/turtle_collision_avoidance/build/lib/turtle_collision_avoidance/collision_avoidance_node.py -> /home/charan/Mars-summer-tasks/task-2/ros_ws/install/turtle_collision_avoidance/lib/python3.10/site-packages/turtle_collision_avoidance
[0.399s] byte-compiling /home/charan/Mars-summer-tasks/task-2/ros_ws/install/turtle_collision_avoidance/lib/python3.10/site-packages/turtle_collision_avoidance/collision_avoidance_node.py to collision_avoidance_node.cpython-310.pyc
[0.400s] running install_data
[0.400s] running install_egg_info
[0.401s] removing '/home/charan/Mars-summer-tasks/task-2/ros_ws/install/turtle_collision_avoidance/lib/python3.10/site-packages/turtle_collision_avoidance-0.0.0-py3.10.egg-info' (and everything under it)
[0.401s] Copying ../../build/turtle_collision_avoidance/turtle_collision_avoidance.egg-info to /home/charan/Mars-summer-tasks/task-2/ros_ws/install/turtle_collision_avoidance/lib/python3.10/site-packages/turtle_collision_avoidance-0.0.0-py3.10.egg-info
[0.402s] running install_scripts
[0.411s] Installing collision_avoidance_node script to /home/charan/Mars-summer-tasks/task-2/ros_ws/install/turtle_collision_avoidance/lib/turtle_collision_avoidance
[0.411s] writing list of installed files to '/home/charan/Mars-summer-tasks/task-2/ros_ws/build/turtle_collision_avoidance/install.log'
[0.424s] Invoked command in '/home/charan/Mars-summer-tasks/task-2/ros_ws/src/turtle_collision_avoidance' returned '0': PYTHONPATH=/home/charan/Mars-summer-tasks/task-2/ros_ws/build/turtle_collision_avoidance/prefix_override:/usr/lib/python3/dist-packages/colcon_core/task/python/colcon_distutils_commands:/home/charan/Mars-summer-tasks/task-2/ros_ws/install/turtle_collision_avoidance/lib/python3.10/site-packages:${PYTHONPATH} /usr/bin/python3 -W ignore:setup.py install is deprecated -W ignore:easy_install command is deprecated setup.py egg_info --egg-base ../../build/turtle_collision_avoidance build --build-base /home/charan/Mars-summer-tasks/task-2/ros_ws/build/turtle_collision_avoidance/build install --record /home/charan/Mars-summer-tasks/task-2/ros_ws/build/turtle_collision_avoidance/install.log --single-version-externally-managed install_data
