[0.015s] Invoking command in '/home/charan/Mars-summer-tasks/task-2/ros_ws/build/turtle_patrol_interfaces': CMAKE_PREFIX_PATH=/opt/ros/humble /usr/bin/cmake --build /home/charan/Mars-summer-tasks/task-2/ros_ws/build/turtle_patrol_interfaces -- -j4 -l4
[0.122s] [  3%] Built target turtle_patrol_interfaces__rs
[0.123s] [  6%] Built target turtle_patrol_interfaces__cpp
[0.133s] [ 15%] Built target turtle_patrol_interfaces__rosidl_generator_c
[0.140s] [ 15%] Built target ament_cmake_python_copy_turtle_patrol_interfaces
[0.152s] [ 25%] Built target turtle_patrol_interfaces__rosidl_typesupport_introspection_cpp
[0.153s] [ 34%] Built target turtle_patrol_interfaces__rosidl_typesupport_cpp
[0.156s] [ 43%] Built target turtle_patrol_interfaces__rosidl_typesupport_fastrtps_c
[0.157s] [ 53%] Built target turtle_patrol_interfaces__rosidl_typesupport_fastrtps_cpp
[0.165s] [ 62%] Built target turtle_patrol_interfaces__rosidl_typesupport_introspection_c
[0.169s] [ 71%] Built target turtle_patrol_interfaces__rosidl_typesupport_c
[0.179s] [ 71%] Built target turtle_patrol_interfaces
[0.188s] [ 75%] Built target turtle_patrol_interfaces__py
[0.204s] [ 81%] Built target turtle_patrol_interfaces__rosidl_generator_py
[0.216s] [ 87%] Built target turtle_patrol_interfaces__rosidl_typesupport_introspection_c__pyext
[0.222s] [ 93%] Built target turtle_patrol_interfaces__rosidl_typesupport_c__pyext
[0.227s] [100%] Built target turtle_patrol_interfaces__rosidl_typesupport_fastrtps_c__pyext
[0.274s] running egg_info
[0.275s] writing turtle_patrol_interfaces.egg-info/PKG-INFO
[0.275s] writing dependency_links to turtle_patrol_interfaces.egg-info/dependency_links.txt
[0.275s] writing top-level names to turtle_patrol_interfaces.egg-info/top_level.txt
[0.278s] reading manifest file 'turtle_patrol_interfaces.egg-info/SOURCES.txt'
[0.279s] writing manifest file 'turtle_patrol_interfaces.egg-info/SOURCES.txt'
[0.293s] [100%] Built target ament_cmake_python_build_turtle_patrol_interfaces_egg
[0.298s] Invoked command in '/home/charan/Mars-summer-tasks/task-2/ros_ws/build/turtle_patrol_interfaces' returned '0': CMAKE_PREFIX_PATH=/opt/ros/humble /usr/bin/cmake --build /home/charan/Mars-summer-tasks/task-2/ros_ws/build/turtle_patrol_interfaces -- -j4 -l4
[0.303s] Invoking command in '/home/charan/Mars-summer-tasks/task-2/ros_ws/build/turtle_patrol_interfaces': CMAKE_PREFIX_PATH=/opt/ros/humble /usr/bin/cmake --install /home/charan/Mars-summer-tasks/task-2/ros_ws/build/turtle_patrol_interfaces
[0.306s] -- Install configuration: ""
[0.307s] -- Up-to-date: /home/charan/Mars-summer-tasks/task-2/ros_ws/install/turtle_patrol_interfaces/share/ament_index/resource_index/rosidl_interfaces/turtle_patrol_interfaces
[0.307s] -- Up-to-date: /home/charan/Mars-summer-tasks/task-2/ros_ws/install/turtle_patrol_interfaces/include/turtle_patrol_interfaces/turtle_patrol_interfaces
[0.307s] -- Up-to-date: /home/charan/Mars-summer-tasks/task-2/ros_ws/install/turtle_patrol_interfaces/include/turtle_patrol_interfaces/turtle_patrol_interfaces/action
[0.307s] -- Up-to-date: /home/charan/Mars-summer-tasks/task-2/ros_ws/install/turtle_patrol_interfaces/include/turtle_patrol_interfaces/turtle_patrol_interfaces/action/execute_circle.h
[0.307s] -- Up-to-date: /home/charan/Mars-summer-tasks/task-2/ros_ws/install/turtle_patrol_interfaces/include/turtle_patrol_interfaces/turtle_patrol_interfaces/action/detail
[0.308s] -- Up-to-date: /home/charan/Mars-summer-tasks/task-2/ros_ws/install/turtle_patrol_interfaces/include/turtle_patrol_interfaces/turtle_patrol_interfaces/action/detail/execute_circle__functions.c
[0.308s] -- Up-to-date: /home/charan/Mars-summer-tasks/task-2/ros_ws/install/turtle_patrol_interfaces/include/turtle_patrol_interfaces/turtle_patrol_interfaces/action/detail/execute_circle__functions.h
[0.308s] -- Up-to-date: /home/charan/Mars-summer-tasks/task-2/ros_ws/install/turtle_patrol_interfaces/include/turtle_patrol_interfaces/turtle_patrol_interfaces/action/detail/execute_circle__type_support.h
[0.308s] -- Up-to-date: /home/charan/Mars-summer-tasks/task-2/ros_ws/install/turtle_patrol_interfaces/include/turtle_patrol_interfaces/turtle_patrol_interfaces/action/detail/execute_circle__struct.h
[0.308s] -- Up-to-date: /home/charan/Mars-summer-tasks/task-2/ros_ws/install/turtle_patrol_interfaces/include/turtle_patrol_interfaces/turtle_patrol_interfaces/msg
[0.308s] -- Up-to-date: /home/charan/Mars-summer-tasks/task-2/ros_ws/install/turtle_patrol_interfaces/include/turtle_patrol_interfaces/turtle_patrol_interfaces/msg/rosidl_generator_c__visibility_control.h
[0.308s] -- Up-to-date: /home/charan/Mars-summer-tasks/task-2/ros_ws/install/turtle_patrol_interfaces/share/turtle_patrol_interfaces/environment/library_path.sh
[0.308s] -- Up-to-date: /home/charan/Mars-summer-tasks/task-2/ros_ws/install/turtle_patrol_interfaces/share/turtle_patrol_interfaces/environment/library_path.dsv
[0.309s] -- Up-to-date: /home/charan/Mars-summer-tasks/task-2/ros_ws/install/turtle_patrol_interfaces/lib/libturtle_patrol_interfaces__rosidl_generator_c.so
[0.309s] -- Up-to-date: /home/charan/Mars-summer-tasks/task-2/ros_ws/install/turtle_patrol_interfaces/include/turtle_patrol_interfaces/turtle_patrol_interfaces
[0.309s] -- Up-to-date: /home/charan/Mars-summer-tasks/task-2/ros_ws/install/turtle_patrol_interfaces/include/turtle_patrol_interfaces/turtle_patrol_interfaces/action
[0.309s] -- Up-to-date: /home/charan/Mars-summer-tasks/task-2/ros_ws/install/turtle_patrol_interfaces/include/turtle_patrol_interfaces/turtle_patrol_interfaces/action/detail
[0.309s] -- Up-to-date: /home/charan/Mars-summer-tasks/task-2/ros_ws/install/turtle_patrol_interfaces/include/turtle_patrol_interfaces/turtle_patrol_interfaces/action/detail/execute_circle__rosidl_typesupport_fastrtps_c.h
[0.309s] -- Up-to-date: /home/charan/Mars-summer-tasks/task-2/ros_ws/install/turtle_patrol_interfaces/include/turtle_patrol_interfaces/turtle_patrol_interfaces/msg
[0.309s] -- Up-to-date: /home/charan/Mars-summer-tasks/task-2/ros_ws/install/turtle_patrol_interfaces/include/turtle_patrol_interfaces/turtle_patrol_interfaces/msg/rosidl_typesupport_fastrtps_c__visibility_control.h
[0.310s] -- Up-to-date: /home/charan/Mars-summer-tasks/task-2/ros_ws/install/turtle_patrol_interfaces/lib/libturtle_patrol_interfaces__rosidl_typesupport_fastrtps_c.so
[0.310s] -- Up-to-date: /home/charan/Mars-summer-tasks/task-2/ros_ws/install/turtle_patrol_interfaces/include/turtle_patrol_interfaces/turtle_patrol_interfaces
[0.310s] -- Up-to-date: /home/charan/Mars-summer-tasks/task-2/ros_ws/install/turtle_patrol_interfaces/include/turtle_patrol_interfaces/turtle_patrol_interfaces/action
[0.310s] -- Up-to-date: /home/charan/Mars-summer-tasks/task-2/ros_ws/install/turtle_patrol_interfaces/include/turtle_patrol_interfaces/turtle_patrol_interfaces/action/detail
[0.310s] -- Up-to-date: /home/charan/Mars-summer-tasks/task-2/ros_ws/install/turtle_patrol_interfaces/include/turtle_patrol_interfaces/turtle_patrol_interfaces/action/detail/execute_circle__rosidl_typesupport_introspection_c.h
[0.310s] -- Up-to-date: /home/charan/Mars-summer-tasks/task-2/ros_ws/install/turtle_patrol_interfaces/include/turtle_patrol_interfaces/turtle_patrol_interfaces/action/detail/execute_circle__type_support.c
[0.310s] -- Up-to-date: /home/charan/Mars-summer-tasks/task-2/ros_ws/install/turtle_patrol_interfaces/include/turtle_patrol_interfaces/turtle_patrol_interfaces/msg
[0.310s] -- Up-to-date: /home/charan/Mars-summer-tasks/task-2/ros_ws/install/turtle_patrol_interfaces/include/turtle_patrol_interfaces/turtle_patrol_interfaces/msg/rosidl_typesupport_introspection_c__visibility_control.h
[0.310s] -- Up-to-date: /home/charan/Mars-summer-tasks/task-2/ros_ws/install/turtle_patrol_interfaces/lib/libturtle_patrol_interfaces__rosidl_typesupport_introspection_c.so
[0.311s] -- Up-to-date: /home/charan/Mars-summer-tasks/task-2/ros_ws/install/turtle_patrol_interfaces/lib/libturtle_patrol_interfaces__rosidl_typesupport_c.so
[0.311s] -- Up-to-date: /home/charan/Mars-summer-tasks/task-2/ros_ws/install/turtle_patrol_interfaces/include/turtle_patrol_interfaces/turtle_patrol_interfaces
[0.311s] -- Up-to-date: /home/charan/Mars-summer-tasks/task-2/ros_ws/install/turtle_patrol_interfaces/include/turtle_patrol_interfaces/turtle_patrol_interfaces/action
[0.311s] -- Up-to-date: /home/charan/Mars-summer-tasks/task-2/ros_ws/install/turtle_patrol_interfaces/include/turtle_patrol_interfaces/turtle_patrol_interfaces/action/execute_circle.hpp
[0.311s] -- Up-to-date: /home/charan/Mars-summer-tasks/task-2/ros_ws/install/turtle_patrol_interfaces/include/turtle_patrol_interfaces/turtle_patrol_interfaces/action/detail
[0.311s] -- Up-to-date: /home/charan/Mars-summer-tasks/task-2/ros_ws/install/turtle_patrol_interfaces/include/turtle_patrol_interfaces/turtle_patrol_interfaces/action/detail/execute_circle__builder.hpp
[0.311s] -- Up-to-date: /home/charan/Mars-summer-tasks/task-2/ros_ws/install/turtle_patrol_interfaces/include/turtle_patrol_interfaces/turtle_patrol_interfaces/action/detail/execute_circle__traits.hpp
[0.311s] -- Up-to-date: /home/charan/Mars-summer-tasks/task-2/ros_ws/install/turtle_patrol_interfaces/include/turtle_patrol_interfaces/turtle_patrol_interfaces/action/detail/execute_circle__type_support.hpp
[0.311s] -- Up-to-date: /home/charan/Mars-summer-tasks/task-2/ros_ws/install/turtle_patrol_interfaces/include/turtle_patrol_interfaces/turtle_patrol_interfaces/action/detail/execute_circle__struct.hpp
[0.311s] -- Up-to-date: /home/charan/Mars-summer-tasks/task-2/ros_ws/install/turtle_patrol_interfaces/include/turtle_patrol_interfaces/turtle_patrol_interfaces/msg
[0.311s] -- Up-to-date: /home/charan/Mars-summer-tasks/task-2/ros_ws/install/turtle_patrol_interfaces/include/turtle_patrol_interfaces/turtle_patrol_interfaces/msg/rosidl_generator_cpp__visibility_control.hpp
[0.311s] -- Up-to-date: /home/charan/Mars-summer-tasks/task-2/ros_ws/install/turtle_patrol_interfaces/include/turtle_patrol_interfaces/turtle_patrol_interfaces
[0.311s] -- Up-to-date: /home/charan/Mars-summer-tasks/task-2/ros_ws/install/turtle_patrol_interfaces/include/turtle_patrol_interfaces/turtle_patrol_interfaces/action
[0.311s] -- Up-to-date: /home/charan/Mars-summer-tasks/task-2/ros_ws/install/turtle_patrol_interfaces/include/turtle_patrol_interfaces/turtle_patrol_interfaces/action/detail
[0.311s] -- Up-to-date: /home/charan/Mars-summer-tasks/task-2/ros_ws/install/turtle_patrol_interfaces/include/turtle_patrol_interfaces/turtle_patrol_interfaces/action/detail/execute_circle__rosidl_typesupport_fastrtps_cpp.hpp
[0.311s] -- Up-to-date: /home/charan/Mars-summer-tasks/task-2/ros_ws/install/turtle_patrol_interfaces/include/turtle_patrol_interfaces/turtle_patrol_interfaces/action/detail/dds_fastrtps
[0.311s] -- Up-to-date: /home/charan/Mars-summer-tasks/task-2/ros_ws/install/turtle_patrol_interfaces/include/turtle_patrol_interfaces/turtle_patrol_interfaces/msg
[0.311s] -- Up-to-date: /home/charan/Mars-summer-tasks/task-2/ros_ws/install/turtle_patrol_interfaces/include/turtle_patrol_interfaces/turtle_patrol_interfaces/msg/rosidl_typesupport_fastrtps_cpp__visibility_control.h
[0.312s] -- Up-to-date: /home/charan/Mars-summer-tasks/task-2/ros_ws/install/turtle_patrol_interfaces/lib/libturtle_patrol_interfaces__rosidl_typesupport_fastrtps_cpp.so
[0.312s] -- Up-to-date: /home/charan/Mars-summer-tasks/task-2/ros_ws/install/turtle_patrol_interfaces/include/turtle_patrol_interfaces/turtle_patrol_interfaces
[0.312s] -- Up-to-date: /home/charan/Mars-summer-tasks/task-2/ros_ws/install/turtle_patrol_interfaces/include/turtle_patrol_interfaces/turtle_patrol_interfaces/action
[0.312s] -- Up-to-date: /home/charan/Mars-summer-tasks/task-2/ros_ws/install/turtle_patrol_interfaces/include/turtle_patrol_interfaces/turtle_patrol_interfaces/action/detail
[0.312s] -- Up-to-date: /home/charan/Mars-summer-tasks/task-2/ros_ws/install/turtle_patrol_interfaces/include/turtle_patrol_interfaces/turtle_patrol_interfaces/action/detail/execute_circle__type_support.cpp
[0.312s] -- Up-to-date: /home/charan/Mars-summer-tasks/task-2/ros_ws/install/turtle_patrol_interfaces/include/turtle_patrol_interfaces/turtle_patrol_interfaces/action/detail/execute_circle__rosidl_typesupport_introspection_cpp.hpp
[0.313s] -- Up-to-date: /home/charan/Mars-summer-tasks/task-2/ros_ws/install/turtle_patrol_interfaces/lib/libturtle_patrol_interfaces__rosidl_typesupport_introspection_cpp.so
[0.313s] -- Up-to-date: /home/charan/Mars-summer-tasks/task-2/ros_ws/install/turtle_patrol_interfaces/lib/libturtle_patrol_interfaces__rosidl_typesupport_cpp.so
[0.314s] -- Up-to-date: /home/charan/Mars-summer-tasks/task-2/ros_ws/install/turtle_patrol_interfaces/share/turtle_patrol_interfaces/environment/pythonpath.sh
[0.314s] -- Up-to-date: /home/charan/Mars-summer-tasks/task-2/ros_ws/install/turtle_patrol_interfaces/share/turtle_patrol_interfaces/environment/pythonpath.dsv
[0.314s] -- Up-to-date: /home/charan/Mars-summer-tasks/task-2/ros_ws/install/turtle_patrol_interfaces/local/lib/python3.10/dist-packages/turtle_patrol_interfaces-0.0.0-py3.10.egg-info
[0.314s] -- Installing: /home/charan/Mars-summer-tasks/task-2/ros_ws/install/turtle_patrol_interfaces/local/lib/python3.10/dist-packages/turtle_patrol_interfaces-0.0.0-py3.10.egg-info/PKG-INFO
[0.314s] -- Installing: /home/charan/Mars-summer-tasks/task-2/ros_ws/install/turtle_patrol_interfaces/local/lib/python3.10/dist-packages/turtle_patrol_interfaces-0.0.0-py3.10.egg-info/dependency_links.txt
[0.315s] -- Installing: /home/charan/Mars-summer-tasks/task-2/ros_ws/install/turtle_patrol_interfaces/local/lib/python3.10/dist-packages/turtle_patrol_interfaces-0.0.0-py3.10.egg-info/top_level.txt
[0.315s] -- Installing: /home/charan/Mars-summer-tasks/task-2/ros_ws/install/turtle_patrol_interfaces/local/lib/python3.10/dist-packages/turtle_patrol_interfaces-0.0.0-py3.10.egg-info/SOURCES.txt
[0.315s] -- Up-to-date: /home/charan/Mars-summer-tasks/task-2/ros_ws/install/turtle_patrol_interfaces/local/lib/python3.10/dist-packages/turtle_patrol_interfaces
[0.315s] -- Up-to-date: /home/charan/Mars-summer-tasks/task-2/ros_ws/install/turtle_patrol_interfaces/local/lib/python3.10/dist-packages/turtle_patrol_interfaces/__init__.py
[0.315s] -- Up-to-date: /home/charan/Mars-summer-tasks/task-2/ros_ws/install/turtle_patrol_interfaces/local/lib/python3.10/dist-packages/turtle_patrol_interfaces/_turtle_patrol_interfaces_s.ep.rosidl_typesupport_c.c
[0.315s] -- Up-to-date: /home/charan/Mars-summer-tasks/task-2/ros_ws/install/turtle_patrol_interfaces/local/lib/python3.10/dist-packages/turtle_patrol_interfaces/_turtle_patrol_interfaces_s.ep.rosidl_typesupport_introspection_c.c
[0.315s] -- Up-to-date: /home/charan/Mars-summer-tasks/task-2/ros_ws/install/turtle_patrol_interfaces/local/lib/python3.10/dist-packages/turtle_patrol_interfaces/action
[0.315s] -- Up-to-date: /home/charan/Mars-summer-tasks/task-2/ros_ws/install/turtle_patrol_interfaces/local/lib/python3.10/dist-packages/turtle_patrol_interfaces/action/__init__.py
[0.315s] -- Up-to-date: /home/charan/Mars-summer-tasks/task-2/ros_ws/install/turtle_patrol_interfaces/local/lib/python3.10/dist-packages/turtle_patrol_interfaces/action/_execute_circle_s.c
[0.315s] -- Up-to-date: /home/charan/Mars-summer-tasks/task-2/ros_ws/install/turtle_patrol_interfaces/local/lib/python3.10/dist-packages/turtle_patrol_interfaces/action/_execute_circle.py
[0.315s] -- Up-to-date: /home/charan/Mars-summer-tasks/task-2/ros_ws/install/turtle_patrol_interfaces/local/lib/python3.10/dist-packages/turtle_patrol_interfaces/turtle_patrol_interfaces_s__rosidl_typesupport_c.cpython-310-aarch64-linux-gnu.so
[0.315s] -- Up-to-date: /home/charan/Mars-summer-tasks/task-2/ros_ws/install/turtle_patrol_interfaces/local/lib/python3.10/dist-packages/turtle_patrol_interfaces/libturtle_patrol_interfaces__rosidl_generator_py.so
[0.315s] -- Up-to-date: /home/charan/Mars-summer-tasks/task-2/ros_ws/install/turtle_patrol_interfaces/local/lib/python3.10/dist-packages/turtle_patrol_interfaces/_turtle_patrol_interfaces_s.ep.rosidl_typesupport_fastrtps_c.c
[0.315s] -- Up-to-date: /home/charan/Mars-summer-tasks/task-2/ros_ws/install/turtle_patrol_interfaces/local/lib/python3.10/dist-packages/turtle_patrol_interfaces/turtle_patrol_interfaces_s__rosidl_typesupport_introspection_c.cpython-310-aarch64-linux-gnu.so
[0.315s] -- Up-to-date: /home/charan/Mars-summer-tasks/task-2/ros_ws/install/turtle_patrol_interfaces/local/lib/python3.10/dist-packages/turtle_patrol_interfaces/turtle_patrol_interfaces_s__rosidl_typesupport_fastrtps_c.cpython-310-aarch64-linux-gnu.so
[0.331s] Listing '/home/charan/Mars-summer-tasks/task-2/ros_ws/install/turtle_patrol_interfaces/local/lib/python3.10/dist-packages/turtle_patrol_interfaces'...
[0.331s] Listing '/home/charan/Mars-summer-tasks/task-2/ros_ws/install/turtle_patrol_interfaces/local/lib/python3.10/dist-packages/turtle_patrol_interfaces/action'...
[0.334s] -- Up-to-date: /home/charan/Mars-summer-tasks/task-2/ros_ws/install/turtle_patrol_interfaces/local/lib/python3.10/dist-packages/turtle_patrol_interfaces/turtle_patrol_interfaces_s__rosidl_typesupport_fastrtps_c.cpython-310-aarch64-linux-gnu.so
[0.335s] -- Up-to-date: /home/charan/Mars-summer-tasks/task-2/ros_ws/install/turtle_patrol_interfaces/local/lib/python3.10/dist-packages/turtle_patrol_interfaces/turtle_patrol_interfaces_s__rosidl_typesupport_introspection_c.cpython-310-aarch64-linux-gnu.so
[0.335s] -- Up-to-date: /home/charan/Mars-summer-tasks/task-2/ros_ws/install/turtle_patrol_interfaces/local/lib/python3.10/dist-packages/turtle_patrol_interfaces/turtle_patrol_interfaces_s__rosidl_typesupport_c.cpython-310-aarch64-linux-gnu.so
[0.336s] -- Up-to-date: /home/charan/Mars-summer-tasks/task-2/ros_ws/install/turtle_patrol_interfaces/lib/libturtle_patrol_interfaces__rosidl_generator_py.so
[0.336s] -- Up-to-date: /home/charan/Mars-summer-tasks/task-2/ros_ws/install/turtle_patrol_interfaces/share/ament_index/resource_index/rust_packages/turtle_patrol_interfaces
[0.336s] -- Up-to-date: /home/charan/Mars-summer-tasks/task-2/ros_ws/install/turtle_patrol_interfaces/share/turtle_patrol_interfaces/rust
[0.336s] -- Up-to-date: /home/charan/Mars-summer-tasks/task-2/ros_ws/install/turtle_patrol_interfaces/share/turtle_patrol_interfaces/rust/src
[0.336s] -- Up-to-date: /home/charan/Mars-summer-tasks/task-2/ros_ws/install/turtle_patrol_interfaces/share/turtle_patrol_interfaces/rust/src/action
[0.337s] -- Up-to-date: /home/charan/Mars-summer-tasks/task-2/ros_ws/install/turtle_patrol_interfaces/share/turtle_patrol_interfaces/rust/src/action/rmw.rs
[0.337s] -- Up-to-date: /home/charan/Mars-summer-tasks/task-2/ros_ws/install/turtle_patrol_interfaces/share/turtle_patrol_interfaces/rust/src/lib.rs
[0.337s] -- Up-to-date: /home/charan/Mars-summer-tasks/task-2/ros_ws/install/turtle_patrol_interfaces/share/turtle_patrol_interfaces/rust/src/action.rs
[0.337s] -- Up-to-date: /home/charan/Mars-summer-tasks/task-2/ros_ws/install/turtle_patrol_interfaces/share/turtle_patrol_interfaces/rust/Cargo.toml
[0.337s] -- Up-to-date: /home/charan/Mars-summer-tasks/task-2/ros_ws/install/turtle_patrol_interfaces/share/turtle_patrol_interfaces/rust/build.rs
[0.337s] -- Up-to-date: /home/charan/Mars-summer-tasks/task-2/ros_ws/install/turtle_patrol_interfaces/share/turtle_patrol_interfaces/action/ExecuteCircle.idl
[0.337s] -- Up-to-date: /home/charan/Mars-summer-tasks/task-2/ros_ws/install/turtle_patrol_interfaces/share/turtle_patrol_interfaces/action/ExecuteCircle.action
[0.337s] -- Up-to-date: /home/charan/Mars-summer-tasks/task-2/ros_ws/install/turtle_patrol_interfaces/share/ament_index/resource_index/package_run_dependencies/turtle_patrol_interfaces
[0.337s] -- Up-to-date: /home/charan/Mars-summer-tasks/task-2/ros_ws/install/turtle_patrol_interfaces/share/ament_index/resource_index/parent_prefix_path/turtle_patrol_interfaces
[0.337s] -- Up-to-date: /home/charan/Mars-summer-tasks/task-2/ros_ws/install/turtle_patrol_interfaces/share/turtle_patrol_interfaces/environment/ament_prefix_path.sh
[0.337s] -- Up-to-date: /home/charan/Mars-summer-tasks/task-2/ros_ws/install/turtle_patrol_interfaces/share/turtle_patrol_interfaces/environment/ament_prefix_path.dsv
[0.337s] -- Up-to-date: /home/charan/Mars-summer-tasks/task-2/ros_ws/install/turtle_patrol_interfaces/share/turtle_patrol_interfaces/environment/path.sh
[0.337s] -- Up-to-date: /home/charan/Mars-summer-tasks/task-2/ros_ws/install/turtle_patrol_interfaces/share/turtle_patrol_interfaces/environment/path.dsv
[0.337s] -- Up-to-date: /home/charan/Mars-summer-tasks/task-2/ros_ws/install/turtle_patrol_interfaces/share/turtle_patrol_interfaces/local_setup.bash
[0.337s] -- Up-to-date: /home/charan/Mars-summer-tasks/task-2/ros_ws/install/turtle_patrol_interfaces/share/turtle_patrol_interfaces/local_setup.sh
[0.337s] -- Up-to-date: /home/charan/Mars-summer-tasks/task-2/ros_ws/install/turtle_patrol_interfaces/share/turtle_patrol_interfaces/local_setup.zsh
[0.337s] -- Up-to-date: /home/charan/Mars-summer-tasks/task-2/ros_ws/install/turtle_patrol_interfaces/share/turtle_patrol_interfaces/local_setup.dsv
[0.337s] -- Installing: /home/charan/Mars-summer-tasks/task-2/ros_ws/install/turtle_patrol_interfaces/share/turtle_patrol_interfaces/package.dsv
[0.338s] -- Up-to-date: /home/charan/Mars-summer-tasks/task-2/ros_ws/install/turtle_patrol_interfaces/share/ament_index/resource_index/packages/turtle_patrol_interfaces
[0.340s] -- Up-to-date: /home/charan/Mars-summer-tasks/task-2/ros_ws/install/turtle_patrol_interfaces/share/turtle_patrol_interfaces/cmake/export_turtle_patrol_interfaces__rosidl_generator_cExport.cmake
[0.340s] -- Up-to-date: /home/charan/Mars-summer-tasks/task-2/ros_ws/install/turtle_patrol_interfaces/share/turtle_patrol_interfaces/cmake/export_turtle_patrol_interfaces__rosidl_generator_cExport-noconfig.cmake
[0.340s] -- Up-to-date: /home/charan/Mars-summer-tasks/task-2/ros_ws/install/turtle_patrol_interfaces/share/turtle_patrol_interfaces/cmake/export_turtle_patrol_interfaces__rosidl_typesupport_fastrtps_cExport.cmake
[0.340s] -- Up-to-date: /home/charan/Mars-summer-tasks/task-2/ros_ws/install/turtle_patrol_interfaces/share/turtle_patrol_interfaces/cmake/export_turtle_patrol_interfaces__rosidl_typesupport_fastrtps_cExport-noconfig.cmake
[0.340s] -- Up-to-date: /home/charan/Mars-summer-tasks/task-2/ros_ws/install/turtle_patrol_interfaces/share/turtle_patrol_interfaces/cmake/turtle_patrol_interfaces__rosidl_typesupport_introspection_cExport.cmake
[0.340s] -- Up-to-date: /home/charan/Mars-summer-tasks/task-2/ros_ws/install/turtle_patrol_interfaces/share/turtle_patrol_interfaces/cmake/turtle_patrol_interfaces__rosidl_typesupport_introspection_cExport-noconfig.cmake
[0.340s] -- Up-to-date: /home/charan/Mars-summer-tasks/task-2/ros_ws/install/turtle_patrol_interfaces/share/turtle_patrol_interfaces/cmake/turtle_patrol_interfaces__rosidl_typesupport_cExport.cmake
[0.340s] -- Up-to-date: /home/charan/Mars-summer-tasks/task-2/ros_ws/install/turtle_patrol_interfaces/share/turtle_patrol_interfaces/cmake/turtle_patrol_interfaces__rosidl_typesupport_cExport-noconfig.cmake
[0.341s] -- Up-to-date: /home/charan/Mars-summer-tasks/task-2/ros_ws/install/turtle_patrol_interfaces/share/turtle_patrol_interfaces/cmake/export_turtle_patrol_interfaces__rosidl_generator_cppExport.cmake
[0.341s] -- Up-to-date: /home/charan/Mars-summer-tasks/task-2/ros_ws/install/turtle_patrol_interfaces/share/turtle_patrol_interfaces/cmake/export_turtle_patrol_interfaces__rosidl_typesupport_fastrtps_cppExport.cmake
[0.341s] -- Up-to-date: /home/charan/Mars-summer-tasks/task-2/ros_ws/install/turtle_patrol_interfaces/share/turtle_patrol_interfaces/cmake/export_turtle_patrol_interfaces__rosidl_typesupport_fastrtps_cppExport-noconfig.cmake
[0.342s] -- Up-to-date: /home/charan/Mars-summer-tasks/task-2/ros_ws/install/turtle_patrol_interfaces/share/turtle_patrol_interfaces/cmake/turtle_patrol_interfaces__rosidl_typesupport_introspection_cppExport.cmake
[0.342s] -- Up-to-date: /home/charan/Mars-summer-tasks/task-2/ros_ws/install/turtle_patrol_interfaces/share/turtle_patrol_interfaces/cmake/turtle_patrol_interfaces__rosidl_typesupport_introspection_cppExport-noconfig.cmake
[0.342s] -- Up-to-date: /home/charan/Mars-summer-tasks/task-2/ros_ws/install/turtle_patrol_interfaces/share/turtle_patrol_interfaces/cmake/turtle_patrol_interfaces__rosidl_typesupport_cppExport.cmake
[0.342s] -- Up-to-date: /home/charan/Mars-summer-tasks/task-2/ros_ws/install/turtle_patrol_interfaces/share/turtle_patrol_interfaces/cmake/turtle_patrol_interfaces__rosidl_typesupport_cppExport-noconfig.cmake
[0.343s] -- Up-to-date: /home/charan/Mars-summer-tasks/task-2/ros_ws/install/turtle_patrol_interfaces/share/turtle_patrol_interfaces/cmake/export_turtle_patrol_interfaces__rosidl_generator_pyExport.cmake
[0.343s] -- Up-to-date: /home/charan/Mars-summer-tasks/task-2/ros_ws/install/turtle_patrol_interfaces/share/turtle_patrol_interfaces/cmake/export_turtle_patrol_interfaces__rosidl_generator_pyExport-noconfig.cmake
[0.343s] -- Up-to-date: /home/charan/Mars-summer-tasks/task-2/ros_ws/install/turtle_patrol_interfaces/share/turtle_patrol_interfaces/cmake/rosidl_cmake-extras.cmake
[0.343s] -- Up-to-date: /home/charan/Mars-summer-tasks/task-2/ros_ws/install/turtle_patrol_interfaces/share/turtle_patrol_interfaces/cmake/ament_cmake_export_dependencies-extras.cmake
[0.343s] -- Up-to-date: /home/charan/Mars-summer-tasks/task-2/ros_ws/install/turtle_patrol_interfaces/share/turtle_patrol_interfaces/cmake/ament_cmake_export_include_directories-extras.cmake
[0.343s] -- Up-to-date: /home/charan/Mars-summer-tasks/task-2/ros_ws/install/turtle_patrol_interfaces/share/turtle_patrol_interfaces/cmake/ament_cmake_export_libraries-extras.cmake
[0.343s] -- Up-to-date: /home/charan/Mars-summer-tasks/task-2/ros_ws/install/turtle_patrol_interfaces/share/turtle_patrol_interfaces/cmake/ament_cmake_export_targets-extras.cmake
[0.343s] -- Up-to-date: /home/charan/Mars-summer-tasks/task-2/ros_ws/install/turtle_patrol_interfaces/share/turtle_patrol_interfaces/cmake/rosidl_cmake_export_typesupport_targets-extras.cmake
[0.343s] -- Up-to-date: /home/charan/Mars-summer-tasks/task-2/ros_ws/install/turtle_patrol_interfaces/share/turtle_patrol_interfaces/cmake/rosidl_cmake_export_typesupport_libraries-extras.cmake
[0.343s] -- Up-to-date: /home/charan/Mars-summer-tasks/task-2/ros_ws/install/turtle_patrol_interfaces/share/turtle_patrol_interfaces/cmake/turtle_patrol_interfacesConfig.cmake
[0.343s] -- Up-to-date: /home/charan/Mars-summer-tasks/task-2/ros_ws/install/turtle_patrol_interfaces/share/turtle_patrol_interfaces/cmake/turtle_patrol_interfacesConfig-version.cmake
[0.343s] -- Up-to-date: /home/charan/Mars-summer-tasks/task-2/ros_ws/install/turtle_patrol_interfaces/share/turtle_patrol_interfaces/package.xml
[0.345s] Invoked command in '/home/charan/Mars-summer-tasks/task-2/ros_ws/build/turtle_patrol_interfaces' returned '0': CMAKE_PREFIX_PATH=/opt/ros/humble /usr/bin/cmake --install /home/charan/Mars-summer-tasks/task-2/ros_ws/build/turtle_patrol_interfaces
