running egg_info
creating ../../build/turtle_collision_avoidance/turtle_collision_avoidance.egg-info
writing ../../build/turtle_collision_avoidance/turtle_collision_avoidance.egg-info/PKG-INFO
writing dependency_links to ../../build/turtle_collision_avoidance/turtle_collision_avoidance.egg-info/dependency_links.txt
writing entry points to ../../build/turtle_collision_avoidance/turtle_collision_avoidance.egg-info/entry_points.txt
writing requirements to ../../build/turtle_collision_avoidance/turtle_collision_avoidance.egg-info/requires.txt
writing top-level names to ../../build/turtle_collision_avoidance/turtle_collision_avoidance.egg-info/top_level.txt
writing manifest file '../../build/turtle_collision_avoidance/turtle_collision_avoidance.egg-info/SOURCES.txt'
reading manifest file '../../build/turtle_collision_avoidance/turtle_collision_avoidance.egg-info/SOURCES.txt'
adding license file 'LICENSE'
writing manifest file '../../build/turtle_collision_avoidance/turtle_collision_avoidance.egg-info/SOURCES.txt'
running build
running build_py
creating /home/charan/Mars-summer-tasks/task-2/ros_ws/build/turtle_collision_avoidance/build
creating /home/charan/Mars-summer-tasks/task-2/ros_ws/build/turtle_collision_avoidance/build/lib
creating /home/charan/Mars-summer-tasks/task-2/ros_ws/build/turtle_collision_avoidance/build/lib/turtle_collision_avoidance
copying turtle_collision_avoidance/__init__.py -> /home/charan/Mars-summer-tasks/task-2/ros_ws/build/turtle_collision_avoidance/build/lib/turtle_collision_avoidance
copying turtle_collision_avoidance/collision_avoidance_node.py -> /home/charan/Mars-summer-tasks/task-2/ros_ws/build/turtle_collision_avoidance/build/lib/turtle_collision_avoidance
running install
running install_lib
creating /home/charan/Mars-summer-tasks/task-2/ros_ws/install/turtle_collision_avoidance/lib/python3.10/site-packages/turtle_collision_avoidance
copying /home/charan/Mars-summer-tasks/task-2/ros_ws/build/turtle_collision_avoidance/build/lib/turtle_collision_avoidance/__init__.py -> /home/charan/Mars-summer-tasks/task-2/ros_ws/install/turtle_collision_avoidance/lib/python3.10/site-packages/turtle_collision_avoidance
copying /home/charan/Mars-summer-tasks/task-2/ros_ws/build/turtle_collision_avoidance/build/lib/turtle_collision_avoidance/collision_avoidance_node.py -> /home/charan/Mars-summer-tasks/task-2/ros_ws/install/turtle_collision_avoidance/lib/python3.10/site-packages/turtle_collision_avoidance
byte-compiling /home/charan/Mars-summer-tasks/task-2/ros_ws/install/turtle_collision_avoidance/lib/python3.10/site-packages/turtle_collision_avoidance/__init__.py to __init__.cpython-310.pyc
byte-compiling /home/charan/Mars-summer-tasks/task-2/ros_ws/install/turtle_collision_avoidance/lib/python3.10/site-packages/turtle_collision_avoidance/collision_avoidance_node.py to collision_avoidance_node.cpython-310.pyc
running install_data
creating /home/charan/Mars-summer-tasks/task-2/ros_ws/install/turtle_collision_avoidance/share/ament_index
creating /home/charan/Mars-summer-tasks/task-2/ros_ws/install/turtle_collision_avoidance/share/ament_index/resource_index
creating /home/charan/Mars-summer-tasks/task-2/ros_ws/install/turtle_collision_avoidance/share/ament_index/resource_index/packages
copying resource/turtle_collision_avoidance -> /home/charan/Mars-summer-tasks/task-2/ros_ws/install/turtle_collision_avoidance/share/ament_index/resource_index/packages
copying package.xml -> /home/charan/Mars-summer-tasks/task-2/ros_ws/install/turtle_collision_avoidance/share/turtle_collision_avoidance
creating /home/charan/Mars-summer-tasks/task-2/ros_ws/install/turtle_collision_avoidance/share/turtle_collision_avoidance/launch
copying launch/avoidance_launch.py -> /home/charan/Mars-summer-tasks/task-2/ros_ws/install/turtle_collision_avoidance/share/turtle_collision_avoidance/launch
running install_egg_info
Copying ../../build/turtle_collision_avoidance/turtle_collision_avoidance.egg-info to /home/charan/Mars-summer-tasks/task-2/ros_ws/install/turtle_collision_avoidance/lib/python3.10/site-packages/turtle_collision_avoidance-0.0.0-py3.10.egg-info
running install_scripts
Installing collision_avoidance_node script to /home/charan/Mars-summer-tasks/task-2/ros_ws/install/turtle_collision_avoidance/lib/turtle_collision_avoidance
writing list of installed files to '/home/charan/Mars-summer-tasks/task-2/ros_ws/build/turtle_collision_avoidance/install.log'
