[0.292s] Invoking command in '/home/charan/Mars-summer-tasks/task-2/ros_ws/src/turtle_collision_avoidance': PYTHONPATH=/home/charan/Mars-summer-tasks/task-2/ros_ws/build/turtle_collision_avoidance/prefix_override:/usr/lib/python3/dist-packages/colcon_core/task/python/colcon_distutils_commands:/home/charan/Mars-summer-tasks/task-2/ros_ws/install/turtle_collision_avoidance/lib/python3.10/site-packages:${PYTHONPATH} /usr/bin/python3 -W ignore:setup.py install is deprecated -W ignore:easy_install command is deprecated setup.py egg_info --egg-base ../../build/turtle_collision_avoidance build --build-base /home/charan/Mars-summer-tasks/task-2/ros_ws/build/turtle_collision_avoidance/build install --record /home/charan/Mars-summer-tasks/task-2/ros_ws/build/turtle_collision_avoidance/install.log --single-version-externally-managed install_data
[0.393s] running egg_info
[0.393s] creating ../../build/turtle_collision_avoidance/turtle_collision_avoidance.egg-info
[0.393s] writing ../../build/turtle_collision_avoidance/turtle_collision_avoidance.egg-info/PKG-INFO
[0.393s] writing dependency_links to ../../build/turtle_collision_avoidance/turtle_collision_avoidance.egg-info/dependency_links.txt
[0.394s] writing entry points to ../../build/turtle_collision_avoidance/turtle_collision_avoidance.egg-info/entry_points.txt
[0.394s] writing requirements to ../../build/turtle_collision_avoidance/turtle_collision_avoidance.egg-info/requires.txt
[0.395s] writing top-level names to ../../build/turtle_collision_avoidance/turtle_collision_avoidance.egg-info/top_level.txt
[0.395s] writing manifest file '../../build/turtle_collision_avoidance/turtle_collision_avoidance.egg-info/SOURCES.txt'
[0.397s] reading manifest file '../../build/turtle_collision_avoidance/turtle_collision_avoidance.egg-info/SOURCES.txt'
[0.397s] adding license file 'LICENSE'
[0.398s] writing manifest file '../../build/turtle_collision_avoidance/turtle_collision_avoidance.egg-info/SOURCES.txt'
[0.398s] running build
[0.398s] running build_py
[0.398s] creating /home/charan/Mars-summer-tasks/task-2/ros_ws/build/turtle_collision_avoidance/build
[0.398s] creating /home/charan/Mars-summer-tasks/task-2/ros_ws/build/turtle_collision_avoidance/build/lib
[0.398s] creating /home/charan/Mars-summer-tasks/task-2/ros_ws/build/turtle_collision_avoidance/build/lib/turtle_collision_avoidance
[0.399s] copying turtle_collision_avoidance/__init__.py -> /home/charan/Mars-summer-tasks/task-2/ros_ws/build/turtle_collision_avoidance/build/lib/turtle_collision_avoidance
[0.399s] copying turtle_collision_avoidance/collision_avoidance_node.py -> /home/charan/Mars-summer-tasks/task-2/ros_ws/build/turtle_collision_avoidance/build/lib/turtle_collision_avoidance
[0.400s] running install
[0.400s] running install_lib
[0.400s] creating /home/charan/Mars-summer-tasks/task-2/ros_ws/install/turtle_collision_avoidance/lib/python3.10/site-packages/turtle_collision_avoidance
[0.401s] copying /home/charan/Mars-summer-tasks/task-2/ros_ws/build/turtle_collision_avoidance/build/lib/turtle_collision_avoidance/__init__.py -> /home/charan/Mars-summer-tasks/task-2/ros_ws/install/turtle_collision_avoidance/lib/python3.10/site-packages/turtle_collision_avoidance
[0.401s] copying /home/charan/Mars-summer-tasks/task-2/ros_ws/build/turtle_collision_avoidance/build/lib/turtle_collision_avoidance/collision_avoidance_node.py -> /home/charan/Mars-summer-tasks/task-2/ros_ws/install/turtle_collision_avoidance/lib/python3.10/site-packages/turtle_collision_avoidance
[0.401s] byte-compiling /home/charan/Mars-summer-tasks/task-2/ros_ws/install/turtle_collision_avoidance/lib/python3.10/site-packages/turtle_collision_avoidance/__init__.py to __init__.cpython-310.pyc
[0.402s] byte-compiling /home/charan/Mars-summer-tasks/task-2/ros_ws/install/turtle_collision_avoidance/lib/python3.10/site-packages/turtle_collision_avoidance/collision_avoidance_node.py to collision_avoidance_node.cpython-310.pyc
[0.403s] running install_data
[0.403s] creating /home/charan/Mars-summer-tasks/task-2/ros_ws/install/turtle_collision_avoidance/share/ament_index
[0.403s] creating /home/charan/Mars-summer-tasks/task-2/ros_ws/install/turtle_collision_avoidance/share/ament_index/resource_index
[0.403s] creating /home/charan/Mars-summer-tasks/task-2/ros_ws/install/turtle_collision_avoidance/share/ament_index/resource_index/packages
[0.403s] copying resource/turtle_collision_avoidance -> /home/charan/Mars-summer-tasks/task-2/ros_ws/install/turtle_collision_avoidance/share/ament_index/resource_index/packages
[0.404s] copying package.xml -> /home/charan/Mars-summer-tasks/task-2/ros_ws/install/turtle_collision_avoidance/share/turtle_collision_avoidance
[0.404s] creating /home/charan/Mars-summer-tasks/task-2/ros_ws/install/turtle_collision_avoidance/share/turtle_collision_avoidance/launch
[0.404s] copying launch/avoidance_launch.py -> /home/charan/Mars-summer-tasks/task-2/ros_ws/install/turtle_collision_avoidance/share/turtle_collision_avoidance/launch
[0.405s] running install_egg_info
[0.406s] Copying ../../build/turtle_collision_avoidance/turtle_collision_avoidance.egg-info to /home/charan/Mars-summer-tasks/task-2/ros_ws/install/turtle_collision_avoidance/lib/python3.10/site-packages/turtle_collision_avoidance-0.0.0-py3.10.egg-info
[0.407s] running install_scripts
[0.416s] Installing collision_avoidance_node script to /home/charan/Mars-summer-tasks/task-2/ros_ws/install/turtle_collision_avoidance/lib/turtle_collision_avoidance
[0.416s] writing list of installed files to '/home/charan/Mars-summer-tasks/task-2/ros_ws/build/turtle_collision_avoidance/install.log'
[0.428s] Invoked command in '/home/charan/Mars-summer-tasks/task-2/ros_ws/src/turtle_collision_avoidance' returned '0': PYTHONPATH=/home/charan/Mars-summer-tasks/task-2/ros_ws/build/turtle_collision_avoidance/prefix_override:/usr/lib/python3/dist-packages/colcon_core/task/python/colcon_distutils_commands:/home/charan/Mars-summer-tasks/task-2/ros_ws/install/turtle_collision_avoidance/lib/python3.10/site-packages:${PYTHONPATH} /usr/bin/python3 -W ignore:setup.py install is deprecated -W ignore:easy_install command is deprecated setup.py egg_info --egg-base ../../build/turtle_collision_avoidance build --build-base /home/charan/Mars-summer-tasks/task-2/ros_ws/build/turtle_collision_avoidance/build install --record /home/charan/Mars-summer-tasks/task-2/ros_ws/build/turtle_collision_avoidance/install.log --single-version-externally-managed install_data
