[0.007s] Invoking command in '/home/saitejapcv/ros/Mars-summer-tasks/task-1/ros_ws/build/cpp_pubsub': CMAKE_PREFIX_PATH=/opt/ros/humble /usr/bin/cmake /home/saitejapcv/ros/Mars-summer-tasks/task-1/ros_ws/src/cpp_pubsub -DCMAKE_INSTALL_PREFIX=/home/saitejapcv/ros/Mars-summer-tasks/task-1/ros_ws/install/cpp_pubsub
[0.135s] -- The C compiler identification is GNU 11.4.0
[0.227s] -- The CXX compiler identification is GNU 11.4.0
[0.240s] -- Detecting C compiler ABI info
[0.281s] -- Detecting C compiler ABI info - done
[0.284s] -- Check for working C compiler: /usr/bin/cc - skipped
[0.285s] -- Detecting C compile features
[0.286s] -- Detecting C compile features - done
[0.287s] -- Detecting CXX compiler ABI info
[0.326s] -- Detecting CXX compiler ABI info - done
[0.329s] -- Check for working CXX compiler: /usr/bin/c++ - skipped
[0.330s] -- Detecting CXX compile features
[0.330s] -- Detecting CXX compile features - done
[0.342s] -- Found ament_cmake: 1.3.14 (/opt/ros/humble/share/ament_cmake/cmake)
[0.413s] -- Found Python3: /usr/bin/python3 (found version "3.10.12") found components: Interpreter 
[0.474s] -- Found rclcpp: 16.0.19 (/opt/ros/humble/share/rclcpp/cmake)
[0.510s] -- Found rosidl_generator_c: 3.1.8 (/opt/ros/humble/share/rosidl_generator_c/cmake)
[0.513s] -- Found rosidl_adapter: 3.1.8 (/opt/ros/humble/share/rosidl_adapter/cmake)
[0.519s] -- Found rosidl_generator_cpp: 3.1.8 (/opt/ros/humble/share/rosidl_generator_cpp/cmake)
[0.531s] -- Using all available rosidl_typesupport_c: rosidl_typesupport_fastrtps_c;rosidl_typesupport_introspection_c
[0.547s] -- Using all available rosidl_typesupport_cpp: rosidl_typesupport_fastrtps_cpp;rosidl_typesupport_introspection_cpp
[0.590s] -- Found rmw_implementation_cmake: 6.1.2 (/opt/ros/humble/share/rmw_implementation_cmake/cmake)
[0.594s] -- Found rmw_fastrtps_cpp: 6.2.10 (/opt/ros/humble/share/rmw_fastrtps_cpp/cmake)
[0.657s] -- Found OpenSSL: /usr/lib/aarch64-linux-gnu/libcrypto.so (found version "3.0.2")  
[0.672s] -- Found FastRTPS: /opt/ros/humble/include  
[0.693s] -- Using RMW implementation 'rmw_fastrtps_cpp' as default
[0.701s] -- Looking for pthread.h
[0.751s] -- Looking for pthread.h - found
[0.751s] -- Performing Test CMAKE_HAVE_LIBC_PTHREAD
[0.794s] -- Performing Test CMAKE_HAVE_LIBC_PTHREAD - Success
[0.794s] -- Found Threads: TRUE  
[0.835s] -- Found ament_lint_auto: 0.12.15 (/opt/ros/humble/share/ament_lint_auto/cmake)
[0.890s] -- Added test 'cppcheck' to perform static code analysis on C / C++ code
[0.890s] -- Configured cppcheck include dirs: 
[0.890s] -- Configured cppcheck exclude dirs and/or files: 
[0.890s] -- Added test 'lint_cmake' to check CMake code style
[0.891s] -- Added test 'uncrustify' to check C / C++ code style
[0.891s] -- Configured uncrustify additional arguments: 
[0.891s] -- Added test 'xmllint' to check XML markup files
[0.892s] -- Configuring done
[0.898s] -- Generating done
[0.901s] -- Build files have been written to: /home/saitejapcv/ros/Mars-summer-tasks/task-1/ros_ws/build/cpp_pubsub
[0.906s] Invoked command in '/home/saitejapcv/ros/Mars-summer-tasks/task-1/ros_ws/build/cpp_pubsub' returned '0': CMAKE_PREFIX_PATH=/opt/ros/humble /usr/bin/cmake /home/saitejapcv/ros/Mars-summer-tasks/task-1/ros_ws/src/cpp_pubsub -DCMAKE_INSTALL_PREFIX=/home/saitejapcv/ros/Mars-summer-tasks/task-1/ros_ws/install/cpp_pubsub
[0.907s] Invoking command in '/home/saitejapcv/ros/Mars-summer-tasks/task-1/ros_ws/build/cpp_pubsub': CMAKE_PREFIX_PATH=/opt/ros/humble /usr/bin/cmake --build /home/saitejapcv/ros/Mars-summer-tasks/task-1/ros_ws/build/cpp_pubsub -- -j4 -l4
[0.926s] [ 25%] [32mBuilding CXX object CMakeFiles/talker.dir/src/publisher_member_function.cpp.o[0m
[0.926s] [ 50%] [32mBuilding CXX object CMakeFiles/listener.dir/src/subscriber_member_function.cpp.o[0m
[3.931s] [ 75%] [32m[1mLinking CXX executable talker[0m
[4.085s] [ 75%] Built target talker
[5.803s] [100%] [32m[1mLinking CXX executable listener[0m
[6.011s] [100%] Built target listener
[6.129s] Invoked command in '/home/saitejapcv/ros/Mars-summer-tasks/task-1/ros_ws/build/cpp_pubsub' returned '0': CMAKE_PREFIX_PATH=/opt/ros/humble /usr/bin/cmake --build /home/saitejapcv/ros/Mars-summer-tasks/task-1/ros_ws/build/cpp_pubsub -- -j4 -l4
[6.197s] Invoking command in '/home/saitejapcv/ros/Mars-summer-tasks/task-1/ros_ws/build/cpp_pubsub': CMAKE_PREFIX_PATH=/opt/ros/humble /usr/bin/cmake --install /home/saitejapcv/ros/Mars-summer-tasks/task-1/ros_ws/build/cpp_pubsub
[6.204s] -- Install configuration: ""
[6.204s] -- Installing: /home/saitejapcv/ros/Mars-summer-tasks/task-1/ros_ws/install/cpp_pubsub/lib/cpp_pubsub/talker
[6.204s] -- Set runtime path of "/home/saitejapcv/ros/Mars-summer-tasks/task-1/ros_ws/install/cpp_pubsub/lib/cpp_pubsub/talker" to ""
[6.204s] -- Up-to-date: /home/saitejapcv/ros/Mars-summer-tasks/task-1/ros_ws/install/cpp_pubsub/lib/cpp_pubsub/talker
[6.204s] -- Installing: /home/saitejapcv/ros/Mars-summer-tasks/task-1/ros_ws/install/cpp_pubsub/lib/cpp_pubsub/listener
[6.204s] -- Set runtime path of "/home/saitejapcv/ros/Mars-summer-tasks/task-1/ros_ws/install/cpp_pubsub/lib/cpp_pubsub/listener" to ""
[6.204s] -- Installing: /home/saitejapcv/ros/Mars-summer-tasks/task-1/ros_ws/install/cpp_pubsub/share/ament_index/resource_index/package_run_dependencies/cpp_pubsub
[6.205s] -- Installing: /home/saitejapcv/ros/Mars-summer-tasks/task-1/ros_ws/install/cpp_pubsub/share/ament_index/resource_index/parent_prefix_path/cpp_pubsub
[6.205s] -- Installing: /home/saitejapcv/ros/Mars-summer-tasks/task-1/ros_ws/install/cpp_pubsub/share/cpp_pubsub/environment/ament_prefix_path.sh
[6.205s] -- Installing: /home/saitejapcv/ros/Mars-summer-tasks/task-1/ros_ws/install/cpp_pubsub/share/cpp_pubsub/environment/ament_prefix_path.dsv
[6.206s] -- Installing: /home/saitejapcv/ros/Mars-summer-tasks/task-1/ros_ws/install/cpp_pubsub/share/cpp_pubsub/environment/path.sh
[6.206s] -- Installing: /home/saitejapcv/ros/Mars-summer-tasks/task-1/ros_ws/install/cpp_pubsub/share/cpp_pubsub/environment/path.dsv
[6.206s] -- Installing: /home/saitejapcv/ros/Mars-summer-tasks/task-1/ros_ws/install/cpp_pubsub/share/cpp_pubsub/local_setup.bash
[6.206s] -- Installing: /home/saitejapcv/ros/Mars-summer-tasks/task-1/ros_ws/install/cpp_pubsub/share/cpp_pubsub/local_setup.sh
[6.206s] -- Installing: /home/saitejapcv/ros/Mars-summer-tasks/task-1/ros_ws/install/cpp_pubsub/share/cpp_pubsub/local_setup.zsh
[6.207s] -- Installing: /home/saitejapcv/ros/Mars-summer-tasks/task-1/ros_ws/install/cpp_pubsub/share/cpp_pubsub/local_setup.dsv
[6.207s] -- Installing: /home/saitejapcv/ros/Mars-summer-tasks/task-1/ros_ws/install/cpp_pubsub/share/cpp_pubsub/package.dsv
[6.207s] -- Installing: /home/saitejapcv/ros/Mars-summer-tasks/task-1/ros_ws/install/cpp_pubsub/share/ament_index/resource_index/packages/cpp_pubsub
[6.207s] -- Installing: /home/saitejapcv/ros/Mars-summer-tasks/task-1/ros_ws/install/cpp_pubsub/share/cpp_pubsub/cmake/cpp_pubsubConfig.cmake
[6.207s] -- Installing: /home/saitejapcv/ros/Mars-summer-tasks/task-1/ros_ws/install/cpp_pubsub/share/cpp_pubsub/cmake/cpp_pubsubConfig-version.cmake
[6.207s] -- Installing: /home/saitejapcv/ros/Mars-summer-tasks/task-1/ros_ws/install/cpp_pubsub/share/cpp_pubsub/package.xml
[6.211s] Invoked command in '/home/saitejapcv/ros/Mars-summer-tasks/task-1/ros_ws/build/cpp_pubsub' returned '0': CMAKE_PREFIX_PATH=/opt/ros/humble /usr/bin/cmake --install /home/saitejapcv/ros/Mars-summer-tasks/task-1/ros_ws/build/cpp_pubsub
