[0.010s] Invoking command in '/home/charan/Mars-summer-tasks/task-2/ros_ws/build/turtle_patrol_interfaces': CMAKE_PREFIX_PATH=/opt/ros/humble /usr/bin/cmake /home/charan/Mars-summer-tasks/task-2/ros_ws/src/turtle_patrol_interfaces -DCMAKE_INSTALL_PREFIX=/home/charan/Mars-summer-tasks/task-2/ros_ws/install/turtle_patrol_interfaces
[0.047s] -- Found ament_cmake: 1.3.14 (/opt/ros/humble/share/ament_cmake/cmake)
[0.113s] -- Found rosidl_default_generators: 1.2.1 (/opt/ros/humble/share/rosidl_default_generators/cmake)
[0.114s] -- Using all available rosidl_typesupport_c: rosidl_typesupport_fastrtps_c;rosidl_typesupport_introspection_c
[0.116s] -- Found rosidl_adapter: 3.1.8 (/opt/ros/humble/share/rosidl_adapter/cmake)
[0.135s] -- Using all available rosidl_typesupport_cpp: rosidl_typesupport_fastrtps_cpp;rosidl_typesupport_introspection_cpp
[0.279s] -- Found ament_cmake_ros: 0.10.0 (/opt/ros/humble/share/ament_cmake_ros/cmake)
[0.363s] -- Using all available rosidl_typesupport_c: rosidl_typesupport_fastrtps_c;rosidl_typesupport_introspection_c
[0.474s] -- Using all available rosidl_typesupport_cpp: rosidl_typesupport_fastrtps_cpp;rosidl_typesupport_introspection_cpp
[0.484s] -- Found python_cmake_module: 0.10.0 (/opt/ros/humble/share/python_cmake_module/cmake)
[0.494s] -- Using PYTHON_EXECUTABLE: /usr/bin/python3
[0.494s] -- Using PYTHON_INCLUDE_DIRS: /usr/include/python3.10
[0.494s] -- Using PYTHON_LIBRARIES: /usr/lib/aarch64-linux-gnu/libpython3.10.so
[0.532s] -- Found ament_lint_auto: 0.12.15 (/opt/ros/humble/share/ament_lint_auto/cmake)
[0.532s] -- Configuring incomplete, errors occurred!
[0.532s] See also "/home/charan/Mars-summer-tasks/task-2/ros_ws/build/turtle_patrol_interfaces/CMakeFiles/CMakeOutput.log".
[0.533s] [31mCMake Error at /opt/ros/humble/share/ament_lint_auto/cmake/ament_lint_auto-extras.cmake:18 (message):
[0.533s]   find_package(ament_lint_auto) must be called before ament_package()
[0.533s] Call Stack (most recent call first):
[0.533s]   /opt/ros/humble/share/ament_lint_auto/cmake/ament_lint_autoConfig.cmake:41 (include)
[0.533s]   CMakeLists.txt:28 (find_package)
[0.533s] 
[0.533s] [0m
[0.536s] Invoked command in '/home/charan/Mars-summer-tasks/task-2/ros_ws/build/turtle_patrol_interfaces' returned '1': CMAKE_PREFIX_PATH=/opt/ros/humble /usr/bin/cmake /home/charan/Mars-summer-tasks/task-2/ros_ws/src/turtle_patrol_interfaces -DCMAKE_INSTALL_PREFIX=/home/charan/Mars-summer-tasks/task-2/ros_ws/install/turtle_patrol_interfaces
