[0.345s] Invoking command in '/home/saitejapcv/ros/Mars-summer-tasks/task-1/ros_ws/src/py_pubsub': PYTHONPATH=/home/saitejapcv/ros/Mars-summer-tasks/task-1/ros_ws/build/py_pubsub/prefix_override:/usr/lib/python3/dist-packages/colcon_core/task/python/colcon_distutils_commands:/home/saitejapcv/ros/Mars-summer-tasks/task-1/ros_ws/install/py_pubsub/lib/python3.10/site-packages:${PYTHONPATH} /usr/bin/python3 -W ignore:setup.py install is deprecated -W ignore:easy_install command is deprecated setup.py egg_info --egg-base ../../build/py_pubsub build --build-base /home/saitejapcv/ros/Mars-summer-tasks/task-1/ros_ws/build/py_pubsub/build install --record /home/saitejapcv/ros/Mars-summer-tasks/task-1/ros_ws/build/py_pubsub/install.log --single-version-externally-managed install_data
[0.452s] running egg_info
[0.452s] creating ../../build/py_pubsub/py_pubsub.egg-info
[0.452s] writing ../../build/py_pubsub/py_pubsub.egg-info/PKG-INFO
[0.452s] writing dependency_links to ../../build/py_pubsub/py_pubsub.egg-info/dependency_links.txt
[0.452s] writing entry points to ../../build/py_pubsub/py_pubsub.egg-info/entry_points.txt
[0.453s] writing requirements to ../../build/py_pubsub/py_pubsub.egg-info/requires.txt
[0.453s] writing top-level names to ../../build/py_pubsub/py_pubsub.egg-info/top_level.txt
[0.453s] writing manifest file '../../build/py_pubsub/py_pubsub.egg-info/SOURCES.txt'
[0.453s] reading manifest file '../../build/py_pubsub/py_pubsub.egg-info/SOURCES.txt'
[0.454s] adding license file 'LICENSE'
[0.454s] writing manifest file '../../build/py_pubsub/py_pubsub.egg-info/SOURCES.txt'
[0.454s] running build
[0.454s] running build_py
[0.454s] creating /home/saitejapcv/ros/Mars-summer-tasks/task-1/ros_ws/build/py_pubsub/build
[0.454s] creating /home/saitejapcv/ros/Mars-summer-tasks/task-1/ros_ws/build/py_pubsub/build/lib
[0.454s] creating /home/saitejapcv/ros/Mars-summer-tasks/task-1/ros_ws/build/py_pubsub/build/lib/py_pubsub
[0.454s] copying py_pubsub/subscriber_member_function.py -> /home/saitejapcv/ros/Mars-summer-tasks/task-1/ros_ws/build/py_pubsub/build/lib/py_pubsub
[0.454s] copying py_pubsub/publisher_member_function.py -> /home/saitejapcv/ros/Mars-summer-tasks/task-1/ros_ws/build/py_pubsub/build/lib/py_pubsub
[0.454s] copying py_pubsub/__init__.py -> /home/saitejapcv/ros/Mars-summer-tasks/task-1/ros_ws/build/py_pubsub/build/lib/py_pubsub
[0.454s] running install
[0.454s] running install_lib
[0.455s] creating /home/saitejapcv/ros/Mars-summer-tasks/task-1/ros_ws/install/py_pubsub/lib/python3.10/site-packages/py_pubsub
[0.455s] copying /home/saitejapcv/ros/Mars-summer-tasks/task-1/ros_ws/build/py_pubsub/build/lib/py_pubsub/subscriber_member_function.py -> /home/saitejapcv/ros/Mars-summer-tasks/task-1/ros_ws/install/py_pubsub/lib/python3.10/site-packages/py_pubsub
[0.455s] copying /home/saitejapcv/ros/Mars-summer-tasks/task-1/ros_ws/build/py_pubsub/build/lib/py_pubsub/publisher_member_function.py -> /home/saitejapcv/ros/Mars-summer-tasks/task-1/ros_ws/install/py_pubsub/lib/python3.10/site-packages/py_pubsub
[0.455s] copying /home/saitejapcv/ros/Mars-summer-tasks/task-1/ros_ws/build/py_pubsub/build/lib/py_pubsub/__init__.py -> /home/saitejapcv/ros/Mars-summer-tasks/task-1/ros_ws/install/py_pubsub/lib/python3.10/site-packages/py_pubsub
[0.455s] byte-compiling /home/saitejapcv/ros/Mars-summer-tasks/task-1/ros_ws/install/py_pubsub/lib/python3.10/site-packages/py_pubsub/subscriber_member_function.py to subscriber_member_function.cpython-310.pyc
[0.456s] byte-compiling /home/saitejapcv/ros/Mars-summer-tasks/task-1/ros_ws/install/py_pubsub/lib/python3.10/site-packages/py_pubsub/publisher_member_function.py to publisher_member_function.cpython-310.pyc
[0.456s] byte-compiling /home/saitejapcv/ros/Mars-summer-tasks/task-1/ros_ws/install/py_pubsub/lib/python3.10/site-packages/py_pubsub/__init__.py to __init__.cpython-310.pyc
[0.456s] running install_data
[0.456s] creating /home/saitejapcv/ros/Mars-summer-tasks/task-1/ros_ws/install/py_pubsub/share/ament_index
[0.456s] creating /home/saitejapcv/ros/Mars-summer-tasks/task-1/ros_ws/install/py_pubsub/share/ament_index/resource_index
[0.456s] creating /home/saitejapcv/ros/Mars-summer-tasks/task-1/ros_ws/install/py_pubsub/share/ament_index/resource_index/packages
[0.456s] copying resource/py_pubsub -> /home/saitejapcv/ros/Mars-summer-tasks/task-1/ros_ws/install/py_pubsub/share/ament_index/resource_index/packages
[0.456s] copying package.xml -> /home/saitejapcv/ros/Mars-summer-tasks/task-1/ros_ws/install/py_pubsub/share/py_pubsub
[0.456s] running install_egg_info
[0.457s] Copying ../../build/py_pubsub/py_pubsub.egg-info to /home/saitejapcv/ros/Mars-summer-tasks/task-1/ros_ws/install/py_pubsub/lib/python3.10/site-packages/py_pubsub-0.0.0-py3.10.egg-info
[0.458s] running install_scripts
[0.466s] Installing listener script to /home/saitejapcv/ros/Mars-summer-tasks/task-1/ros_ws/install/py_pubsub/lib/py_pubsub
[0.466s] Installing talker script to /home/saitejapcv/ros/Mars-summer-tasks/task-1/ros_ws/install/py_pubsub/lib/py_pubsub
[0.466s] writing list of installed files to '/home/saitejapcv/ros/Mars-summer-tasks/task-1/ros_ws/build/py_pubsub/install.log'
[0.477s] Invoked command in '/home/saitejapcv/ros/Mars-summer-tasks/task-1/ros_ws/src/py_pubsub' returned '0': PYTHONPATH=/home/saitejapcv/ros/Mars-summer-tasks/task-1/ros_ws/build/py_pubsub/prefix_override:/usr/lib/python3/dist-packages/colcon_core/task/python/colcon_distutils_commands:/home/saitejapcv/ros/Mars-summer-tasks/task-1/ros_ws/install/py_pubsub/lib/python3.10/site-packages:${PYTHONPATH} /usr/bin/python3 -W ignore:setup.py install is deprecated -W ignore:easy_install command is deprecated setup.py egg_info --egg-base ../../build/py_pubsub build --build-base /home/saitejapcv/ros/Mars-summer-tasks/task-1/ros_ws/build/py_pubsub/build install --record /home/saitejapcv/ros/Mars-summer-tasks/task-1/ros_ws/build/py_pubsub/install.log --single-version-externally-managed install_data
