[0.299s] Invoking command in '/home/charan/Mars-summer-tasks/task-2/ros_ws/src/turtle_patrol': AMENT_PREFIX_PATH=/home/charan/Mars-summer-tasks/task-2/ros_ws/install/turtle_patrol_interfaces:${AMENT_PREFIX_PATH} CMAKE_PREFIX_PATH=/home/charan/Mars-summer-tasks/task-2/ros_ws/install/turtle_patrol_interfaces LD_LIBRARY_PATH=/home/charan/Mars-summer-tasks/task-2/ros_ws/install/turtle_patrol_interfaces/lib:${LD_LIBRARY_PATH} PYTHONPATH=/home/charan/Mars-summer-tasks/task-2/ros_ws/build/turtle_patrol/prefix_override:/usr/lib/python3/dist-packages/colcon_core/task/python/colcon_distutils_commands:/home/charan/Mars-summer-tasks/task-2/ros_ws/install/turtle_patrol/lib/python3.10/site-packages:/home/charan/Mars-summer-tasks/task-2/ros_ws/install/turtle_patrol_interfaces/local/lib/python3.10/dist-packages:${PYTHONPATH} /usr/bin/python3 -W ignore:setup.py install is deprecated -W ignore:easy_install command is deprecated setup.py egg_info --egg-base ../../build/turtle_patrol build --build-base /home/charan/Mars-summer-tasks/task-2/ros_ws/build/turtle_patrol/build install --record /home/charan/Mars-summer-tasks/task-2/ros_ws/build/turtle_patrol/install.log --single-version-externally-managed install_data
[0.401s] running egg_info
[0.401s] writing ../../build/turtle_patrol/turtle_patrol.egg-info/PKG-INFO
[0.402s] writing dependency_links to ../../build/turtle_patrol/turtle_patrol.egg-info/dependency_links.txt
[0.402s] writing entry points to ../../build/turtle_patrol/turtle_patrol.egg-info/entry_points.txt
[0.402s] writing requirements to ../../build/turtle_patrol/turtle_patrol.egg-info/requires.txt
[0.402s] writing top-level names to ../../build/turtle_patrol/turtle_patrol.egg-info/top_level.txt
[0.403s] reading manifest file '../../build/turtle_patrol/turtle_patrol.egg-info/SOURCES.txt'
[0.403s] writing manifest file '../../build/turtle_patrol/turtle_patrol.egg-info/SOURCES.txt'
[0.403s] running build
[0.403s] running build_py
[0.404s] copying turtle_patrol/circle_patrol_server.py -> /home/charan/Mars-summer-tasks/task-2/ros_ws/build/turtle_patrol/build/lib/turtle_patrol
[0.404s] running install
[0.404s] running install_lib
[0.405s] copying /home/charan/Mars-summer-tasks/task-2/ros_ws/build/turtle_patrol/build/lib/turtle_patrol/circle_patrol_server.py -> /home/charan/Mars-summer-tasks/task-2/ros_ws/install/turtle_patrol/lib/python3.10/site-packages/turtle_patrol
[0.405s] byte-compiling /home/charan/Mars-summer-tasks/task-2/ros_ws/install/turtle_patrol/lib/python3.10/site-packages/turtle_patrol/circle_patrol_server.py to circle_patrol_server.cpython-310.pyc
[0.406s] running install_data
[0.406s] running install_egg_info
[0.407s] removing '/home/charan/Mars-summer-tasks/task-2/ros_ws/install/turtle_patrol/lib/python3.10/site-packages/turtle_patrol-0.0.0-py3.10.egg-info' (and everything under it)
[0.407s] Copying ../../build/turtle_patrol/turtle_patrol.egg-info to /home/charan/Mars-summer-tasks/task-2/ros_ws/install/turtle_patrol/lib/python3.10/site-packages/turtle_patrol-0.0.0-py3.10.egg-info
[0.408s] running install_scripts
[0.417s] Installing circle_patrol_client script to /home/charan/Mars-summer-tasks/task-2/ros_ws/install/turtle_patrol/lib/turtle_patrol
[0.417s] Installing circle_patrol_server script to /home/charan/Mars-summer-tasks/task-2/ros_ws/install/turtle_patrol/lib/turtle_patrol
[0.417s] writing list of installed files to '/home/charan/Mars-summer-tasks/task-2/ros_ws/build/turtle_patrol/install.log'
[0.429s] Invoked command in '/home/charan/Mars-summer-tasks/task-2/ros_ws/src/turtle_patrol' returned '0': AMENT_PREFIX_PATH=/home/charan/Mars-summer-tasks/task-2/ros_ws/install/turtle_patrol_interfaces:${AMENT_PREFIX_PATH} CMAKE_PREFIX_PATH=/home/charan/Mars-summer-tasks/task-2/ros_ws/install/turtle_patrol_interfaces LD_LIBRARY_PATH=/home/charan/Mars-summer-tasks/task-2/ros_ws/install/turtle_patrol_interfaces/lib:${LD_LIBRARY_PATH} PYTHONPATH=/home/charan/Mars-summer-tasks/task-2/ros_ws/build/turtle_patrol/prefix_override:/usr/lib/python3/dist-packages/colcon_core/task/python/colcon_distutils_commands:/home/charan/Mars-summer-tasks/task-2/ros_ws/install/turtle_patrol/lib/python3.10/site-packages:/home/charan/Mars-summer-tasks/task-2/ros_ws/install/turtle_patrol_interfaces/local/lib/python3.10/dist-packages:${PYTHONPATH} /usr/bin/python3 -W ignore:setup.py install is deprecated -W ignore:easy_install command is deprecated setup.py egg_info --egg-base ../../build/turtle_patrol build --build-base /home/charan/Mars-summer-tasks/task-2/ros_ws/build/turtle_patrol/build install --record /home/charan/Mars-summer-tasks/task-2/ros_ws/build/turtle_patrol/install.log --single-version-externally-managed install_data
