[0.139s] DEBUG:colcon:Command line arguments: ['/usr/bin/colcon', 'build', '--packages-select', 'turtle_patrol_interfaces', 'turtle_patrol']
[0.139s] DEBUG:colcon:Parsed command line arguments: Namespace(log_base=None, log_level=None, verb_name='build', build_base='build', install_base='install', merge_install=False, symlink_install=False, test_result_base=None, continue_on_error=False, executor='parallel', parallel_workers=4, event_handlers=None, ignore_user_meta=False, metas=['./colcon.meta'], base_paths=['.'], packages_ignore=None, packages_ignore_regex=None, paths=None, packages_up_to=None, packages_up_to_regex=None, packages_above=None, packages_above_and_dependencies=None, packages_above_depth=None, packages_select_by_dep=None, packages_skip_by_dep=None, packages_skip_up_to=None, packages_select_build_failed=False, packages_skip_build_finished=False, packages_select_test_failures=False, packages_skip_test_passed=False, packages_select=['turtle_patrol_interfaces', 'turtle_patrol'], packages_skip=None, packages_select_regex=None, packages_skip_regex=None, packages_start=None, packages_end=None, allow_overriding=[], cmake_args=None, cmake_target=None, cmake_target_skip_unavailable=False, cmake_clean_cache=False, cmake_clean_first=False, cmake_force_configure=False, ament_cmake_args=None, catkin_cmake_args=None, catkin_skip_building_tests=False, mixin_files=None, mixin=None, verb_parser=<colcon_mixin.mixin.mixin_argument.MixinArgumentDecorator object at 0xffffa9f95b40>, verb_extension=<colcon_core.verb.build.BuildVerb object at 0xffffa9f95060>, main=<bound method BuildVerb.main of <colcon_core.verb.build.BuildVerb object at 0xffffa9f95060>>, mixin_verb=('build',))
[0.420s] Level 1:colcon.colcon_core.package_discovery:discover_packages(colcon_meta) check parameters
[0.420s] Level 1:colcon.colcon_core.package_discovery:discover_packages(recursive) check parameters
[0.420s] Level 1:colcon.colcon_core.package_discovery:discover_packages(ignore) check parameters
[0.420s] Level 1:colcon.colcon_core.package_discovery:discover_packages(path) check parameters
[0.420s] Level 1:colcon.colcon_core.package_discovery:discover_packages(colcon_meta) discover
[0.420s] Level 1:colcon.colcon_core.package_discovery:discover_packages(recursive) discover
[0.420s] INFO:colcon.colcon_core.package_discovery:Crawling recursively for packages in '/home/charan/Mars-summer-tasks/task-2'
[0.420s] Level 1:colcon.colcon_core.package_identification:_identify(.) by extensions ['ignore', 'ignore_ament_install']
[0.420s] Level 1:colcon.colcon_core.package_identification:_identify(.) by extension 'ignore'
[0.421s] Level 1:colcon.colcon_core.package_identification:_identify(.) by extension 'ignore_ament_install'
[0.421s] Level 1:colcon.colcon_core.package_identification:_identify(.) by extensions ['colcon_pkg']
[0.421s] Level 1:colcon.colcon_core.package_identification:_identify(.) by extension 'colcon_pkg'
[0.421s] Level 1:colcon.colcon_core.package_identification:_identify(.) by extensions ['colcon_meta']
[0.421s] Level 1:colcon.colcon_core.package_identification:_identify(.) by extension 'colcon_meta'
[0.421s] Level 1:colcon.colcon_core.package_identification:_identify(.) by extensions ['ros']
[0.421s] Level 1:colcon.colcon_core.package_identification:_identify(.) by extension 'ros'
[0.434s] Level 1:colcon.colcon_core.package_identification:_identify(.) by extensions ['cmake', 'python']
[0.434s] Level 1:colcon.colcon_core.package_identification:_identify(.) by extension 'cmake'
[0.435s] Level 1:colcon.colcon_core.package_identification:_identify(.) by extension 'python'
[0.435s] Level 1:colcon.colcon_core.package_identification:_identify(.) by extensions ['python_setup_py']
[0.435s] Level 1:colcon.colcon_core.package_identification:_identify(.) by extension 'python_setup_py'
[0.435s] Level 1:colcon.colcon_core.package_identification:_identify(build) by extensions ['ignore', 'ignore_ament_install']
[0.435s] Level 1:colcon.colcon_core.package_identification:_identify(build) by extension 'ignore'
[0.435s] Level 1:colcon.colcon_core.package_identification:_identify(build) ignored
[0.435s] Level 1:colcon.colcon_core.package_identification:_identify(install) by extensions ['ignore', 'ignore_ament_install']
[0.435s] Level 1:colcon.colcon_core.package_identification:_identify(install) by extension 'ignore'
[0.435s] Level 1:colcon.colcon_core.package_identification:_identify(install) ignored
[0.435s] Level 1:colcon.colcon_core.package_identification:_identify(log) by extensions ['ignore', 'ignore_ament_install']
[0.435s] Level 1:colcon.colcon_core.package_identification:_identify(log) by extension 'ignore'
[0.435s] Level 1:colcon.colcon_core.package_identification:_identify(log) ignored
[0.435s] Level 1:colcon.colcon_core.package_identification:_identify(ros_ws) by extensions ['ignore', 'ignore_ament_install']
[0.435s] Level 1:colcon.colcon_core.package_identification:_identify(ros_ws) by extension 'ignore'
[0.435s] Level 1:colcon.colcon_core.package_identification:_identify(ros_ws) by extension 'ignore_ament_install'
[0.435s] Level 1:colcon.colcon_core.package_identification:_identify(ros_ws) by extensions ['colcon_pkg']
[0.435s] Level 1:colcon.colcon_core.package_identification:_identify(ros_ws) by extension 'colcon_pkg'
[0.435s] Level 1:colcon.colcon_core.package_identification:_identify(ros_ws) by extensions ['colcon_meta']
[0.435s] Level 1:colcon.colcon_core.package_identification:_identify(ros_ws) by extension 'colcon_meta'
[0.435s] Level 1:colcon.colcon_core.package_identification:_identify(ros_ws) by extensions ['ros']
[0.435s] Level 1:colcon.colcon_core.package_identification:_identify(ros_ws) by extension 'ros'
[0.435s] Level 1:colcon.colcon_core.package_identification:_identify(ros_ws) by extensions ['cmake', 'python']
[0.435s] Level 1:colcon.colcon_core.package_identification:_identify(ros_ws) by extension 'cmake'
[0.435s] Level 1:colcon.colcon_core.package_identification:_identify(ros_ws) by extension 'python'
[0.435s] Level 1:colcon.colcon_core.package_identification:_identify(ros_ws) by extensions ['python_setup_py']
[0.435s] Level 1:colcon.colcon_core.package_identification:_identify(ros_ws) by extension 'python_setup_py'
[0.435s] Level 1:colcon.colcon_core.package_identification:_identify(ros_ws/build) by extensions ['ignore', 'ignore_ament_install']
[0.435s] Level 1:colcon.colcon_core.package_identification:_identify(ros_ws/build) by extension 'ignore'
[0.435s] Level 1:colcon.colcon_core.package_identification:_identify(ros_ws/build) ignored
[0.435s] Level 1:colcon.colcon_core.package_identification:_identify(ros_ws/install) by extensions ['ignore', 'ignore_ament_install']
[0.435s] Level 1:colcon.colcon_core.package_identification:_identify(ros_ws/install) by extension 'ignore'
[0.435s] Level 1:colcon.colcon_core.package_identification:_identify(ros_ws/install) ignored
[0.435s] Level 1:colcon.colcon_core.package_identification:_identify(ros_ws/log) by extensions ['ignore', 'ignore_ament_install']
[0.435s] Level 1:colcon.colcon_core.package_identification:_identify(ros_ws/log) by extension 'ignore'
[0.435s] Level 1:colcon.colcon_core.package_identification:_identify(ros_ws/log) ignored
[0.435s] Level 1:colcon.colcon_core.package_identification:_identify(ros_ws/src) by extensions ['ignore', 'ignore_ament_install']
[0.436s] Level 1:colcon.colcon_core.package_identification:_identify(ros_ws/src) by extension 'ignore'
[0.436s] Level 1:colcon.colcon_core.package_identification:_identify(ros_ws/src) by extension 'ignore_ament_install'
[0.436s] Level 1:colcon.colcon_core.package_identification:_identify(ros_ws/src) by extensions ['colcon_pkg']
[0.436s] Level 1:colcon.colcon_core.package_identification:_identify(ros_ws/src) by extension 'colcon_pkg'
[0.436s] Level 1:colcon.colcon_core.package_identification:_identify(ros_ws/src) by extensions ['colcon_meta']
[0.436s] Level 1:colcon.colcon_core.package_identification:_identify(ros_ws/src) by extension 'colcon_meta'
[0.436s] Level 1:colcon.colcon_core.package_identification:_identify(ros_ws/src) by extensions ['ros']
[0.436s] Level 1:colcon.colcon_core.package_identification:_identify(ros_ws/src) by extension 'ros'
[0.436s] Level 1:colcon.colcon_core.package_identification:_identify(ros_ws/src) by extensions ['cmake', 'python']
[0.436s] Level 1:colcon.colcon_core.package_identification:_identify(ros_ws/src) by extension 'cmake'
[0.436s] Level 1:colcon.colcon_core.package_identification:_identify(ros_ws/src) by extension 'python'
[0.436s] Level 1:colcon.colcon_core.package_identification:_identify(ros_ws/src) by extensions ['python_setup_py']
[0.436s] Level 1:colcon.colcon_core.package_identification:_identify(ros_ws/src) by extension 'python_setup_py'
[0.436s] Level 1:colcon.colcon_core.package_identification:_identify(ros_ws/src/turtle_collision_avoidance) by extensions ['ignore', 'ignore_ament_install']
[0.436s] Level 1:colcon.colcon_core.package_identification:_identify(ros_ws/src/turtle_collision_avoidance) by extension 'ignore'
[0.436s] Level 1:colcon.colcon_core.package_identification:_identify(ros_ws/src/turtle_collision_avoidance) by extension 'ignore_ament_install'
[0.436s] Level 1:colcon.colcon_core.package_identification:_identify(ros_ws/src/turtle_collision_avoidance) by extensions ['colcon_pkg']
[0.436s] Level 1:colcon.colcon_core.package_identification:_identify(ros_ws/src/turtle_collision_avoidance) by extension 'colcon_pkg'
[0.436s] Level 1:colcon.colcon_core.package_identification:_identify(ros_ws/src/turtle_collision_avoidance) by extensions ['colcon_meta']
[0.436s] Level 1:colcon.colcon_core.package_identification:_identify(ros_ws/src/turtle_collision_avoidance) by extension 'colcon_meta'
[0.436s] Level 1:colcon.colcon_core.package_identification:_identify(ros_ws/src/turtle_collision_avoidance) by extensions ['ros']
[0.436s] Level 1:colcon.colcon_core.package_identification:_identify(ros_ws/src/turtle_collision_avoidance) by extension 'ros'
[0.439s] DEBUG:colcon.colcon_core.package_identification:Package 'ros_ws/src/turtle_collision_avoidance' with type 'ros.ament_python' and name 'turtle_collision_avoidance'
[0.439s] Level 1:colcon.colcon_core.package_identification:_identify(ros_ws/src/turtle_patrol) by extensions ['ignore', 'ignore_ament_install']
[0.439s] Level 1:colcon.colcon_core.package_identification:_identify(ros_ws/src/turtle_patrol) by extension 'ignore'
[0.439s] Level 1:colcon.colcon_core.package_identification:_identify(ros_ws/src/turtle_patrol) by extension 'ignore_ament_install'
[0.439s] Level 1:colcon.colcon_core.package_identification:_identify(ros_ws/src/turtle_patrol) by extensions ['colcon_pkg']
[0.439s] Level 1:colcon.colcon_core.package_identification:_identify(ros_ws/src/turtle_patrol) by extension 'colcon_pkg'
[0.439s] Level 1:colcon.colcon_core.package_identification:_identify(ros_ws/src/turtle_patrol) by extensions ['colcon_meta']
[0.439s] Level 1:colcon.colcon_core.package_identification:_identify(ros_ws/src/turtle_patrol) by extension 'colcon_meta'
[0.439s] Level 1:colcon.colcon_core.package_identification:_identify(ros_ws/src/turtle_patrol) by extensions ['ros']
[0.439s] Level 1:colcon.colcon_core.package_identification:_identify(ros_ws/src/turtle_patrol) by extension 'ros'
[0.440s] DEBUG:colcon.colcon_core.package_identification:Package 'ros_ws/src/turtle_patrol' with type 'ros.ament_python' and name 'turtle_patrol'
[0.440s] Level 1:colcon.colcon_core.package_identification:_identify(ros_ws/src/turtle_patrol_interfaces) by extensions ['ignore', 'ignore_ament_install']
[0.440s] Level 1:colcon.colcon_core.package_identification:_identify(ros_ws/src/turtle_patrol_interfaces) by extension 'ignore'
[0.440s] Level 1:colcon.colcon_core.package_identification:_identify(ros_ws/src/turtle_patrol_interfaces) by extension 'ignore_ament_install'
[0.440s] Level 1:colcon.colcon_core.package_identification:_identify(ros_ws/src/turtle_patrol_interfaces) by extensions ['colcon_pkg']
[0.440s] Level 1:colcon.colcon_core.package_identification:_identify(ros_ws/src/turtle_patrol_interfaces) by extension 'colcon_pkg'
[0.440s] Level 1:colcon.colcon_core.package_identification:_identify(ros_ws/src/turtle_patrol_interfaces) by extensions ['colcon_meta']
[0.440s] Level 1:colcon.colcon_core.package_identification:_identify(ros_ws/src/turtle_patrol_interfaces) by extension 'colcon_meta'
[0.440s] Level 1:colcon.colcon_core.package_identification:_identify(ros_ws/src/turtle_patrol_interfaces) by extensions ['ros']
[0.440s] Level 1:colcon.colcon_core.package_identification:_identify(ros_ws/src/turtle_patrol_interfaces) by extension 'ros'
[0.441s] DEBUG:colcon.colcon_core.package_identification:Package 'ros_ws/src/turtle_patrol_interfaces' with type 'ros.ament_cmake' and name 'turtle_patrol_interfaces'
[0.441s] Level 1:colcon.colcon_core.package_discovery:discover_packages(recursive) using defaults
[0.441s] Level 1:colcon.colcon_core.package_discovery:discover_packages(ignore) discover
[0.441s] Level 1:colcon.colcon_core.package_discovery:discover_packages(ignore) using defaults
[0.441s] Level 1:colcon.colcon_core.package_discovery:discover_packages(path) discover
[0.441s] Level 1:colcon.colcon_core.package_discovery:discover_packages(path) using defaults
[0.472s] INFO:colcon.colcon_core.package_selection:Skipping not selected package 'turtle_collision_avoidance' in 'ros_ws/src/turtle_collision_avoidance'
[0.473s] Level 1:colcon.colcon_core.package_discovery:discover_packages(prefix_path) check parameters
[0.473s] Level 1:colcon.colcon_core.package_discovery:discover_packages(prefix_path) discover
[0.475s] DEBUG:colcon.colcon_installed_package_information.package_discovery:Found 273 installed packages in /opt/ros/humble
[0.476s] Level 1:colcon.colcon_core.package_discovery:discover_packages(prefix_path) using defaults
[0.557s] Level 5:colcon.colcon_core.verb:set package 'turtle_patrol_interfaces' build argument 'cmake_args' from command line to 'None'
[0.557s] Level 5:colcon.colcon_core.verb:set package 'turtle_patrol_interfaces' build argument 'cmake_target' from command line to 'None'
[0.557s] Level 5:colcon.colcon_core.verb:set package 'turtle_patrol_interfaces' build argument 'cmake_target_skip_unavailable' from command line to 'False'
[0.557s] Level 5:colcon.colcon_core.verb:set package 'turtle_patrol_interfaces' build argument 'cmake_clean_cache' from command line to 'False'
[0.557s] Level 5:colcon.colcon_core.verb:set package 'turtle_patrol_interfaces' build argument 'cmake_clean_first' from command line to 'False'
[0.557s] Level 5:colcon.colcon_core.verb:set package 'turtle_patrol_interfaces' build argument 'cmake_force_configure' from command line to 'False'
[0.557s] Level 5:colcon.colcon_core.verb:set package 'turtle_patrol_interfaces' build argument 'ament_cmake_args' from command line to 'None'
[0.557s] Level 5:colcon.colcon_core.verb:set package 'turtle_patrol_interfaces' build argument 'catkin_cmake_args' from command line to 'None'
[0.557s] Level 5:colcon.colcon_core.verb:set package 'turtle_patrol_interfaces' build argument 'catkin_skip_building_tests' from command line to 'False'
[0.557s] DEBUG:colcon.colcon_core.verb:Building package 'turtle_patrol_interfaces' with the following arguments: {'ament_cmake_args': None, 'build_base': '/home/charan/Mars-summer-tasks/task-2/build/turtle_patrol_interfaces', 'catkin_cmake_args': None, 'catkin_skip_building_tests': False, 'cmake_args': None, 'cmake_clean_cache': False, 'cmake_clean_first': False, 'cmake_force_configure': False, 'cmake_target': None, 'cmake_target_skip_unavailable': False, 'install_base': '/home/charan/Mars-summer-tasks/task-2/install/turtle_patrol_interfaces', 'merge_install': False, 'path': '/home/charan/Mars-summer-tasks/task-2/ros_ws/src/turtle_patrol_interfaces', 'symlink_install': False, 'test_result_base': None}
[0.557s] Level 5:colcon.colcon_core.verb:set package 'turtle_patrol' build argument 'cmake_args' from command line to 'None'
[0.557s] Level 5:colcon.colcon_core.verb:set package 'turtle_patrol' build argument 'cmake_target' from command line to 'None'
[0.557s] Level 5:colcon.colcon_core.verb:set package 'turtle_patrol' build argument 'cmake_target_skip_unavailable' from command line to 'False'
[0.557s] Level 5:colcon.colcon_core.verb:set package 'turtle_patrol' build argument 'cmake_clean_cache' from command line to 'False'
[0.557s] Level 5:colcon.colcon_core.verb:set package 'turtle_patrol' build argument 'cmake_clean_first' from command line to 'False'
[0.557s] Level 5:colcon.colcon_core.verb:set package 'turtle_patrol' build argument 'cmake_force_configure' from command line to 'False'
[0.557s] Level 5:colcon.colcon_core.verb:set package 'turtle_patrol' build argument 'ament_cmake_args' from command line to 'None'
[0.557s] Level 5:colcon.colcon_core.verb:set package 'turtle_patrol' build argument 'catkin_cmake_args' from command line to 'None'
[0.557s] Level 5:colcon.colcon_core.verb:set package 'turtle_patrol' build argument 'catkin_skip_building_tests' from command line to 'False'
[0.557s] DEBUG:colcon.colcon_core.verb:Building package 'turtle_patrol' with the following arguments: {'ament_cmake_args': None, 'build_base': '/home/charan/Mars-summer-tasks/task-2/build/turtle_patrol', 'catkin_cmake_args': None, 'catkin_skip_building_tests': False, 'cmake_args': None, 'cmake_clean_cache': False, 'cmake_clean_first': False, 'cmake_force_configure': False, 'cmake_target': None, 'cmake_target_skip_unavailable': False, 'install_base': '/home/charan/Mars-summer-tasks/task-2/install/turtle_patrol', 'merge_install': False, 'path': '/home/charan/Mars-summer-tasks/task-2/ros_ws/src/turtle_patrol', 'symlink_install': False, 'test_result_base': None}
[0.557s] INFO:colcon.colcon_core.executor:Executing jobs using 'parallel' executor
[0.558s] DEBUG:colcon.colcon_parallel_executor.executor.parallel:run_until_complete
[0.559s] INFO:colcon.colcon_ros.task.ament_cmake.build:Building ROS package in '/home/charan/Mars-summer-tasks/task-2/ros_ws/src/turtle_patrol_interfaces' with build type 'ament_cmake'
[0.559s] INFO:colcon.colcon_cmake.task.cmake.build:Building CMake package in '/home/charan/Mars-summer-tasks/task-2/ros_ws/src/turtle_patrol_interfaces'
[0.562s] INFO:colcon.colcon_core.plugin_system:Skipping extension 'colcon_core.shell.bat': Not used on non-Windows systems
[0.562s] INFO:colcon.colcon_core.shell:Skip shell extension 'powershell' for command environment: Not usable outside of PowerShell
[0.562s] DEBUG:colcon.colcon_core.shell:Skip shell extension 'dsv' for command environment
[0.577s] DEBUG:colcon.colcon_core.event_handler.log_command:Invoking command in '/home/charan/Mars-summer-tasks/task-2/build/turtle_patrol_interfaces': CMAKE_PREFIX_PATH=/opt/ros/humble /usr/bin/cmake /home/charan/Mars-summer-tasks/task-2/ros_ws/src/turtle_patrol_interfaces -DCMAKE_INSTALL_PREFIX=/home/charan/Mars-summer-tasks/task-2/install/turtle_patrol_interfaces
[2.846s] DEBUG:colcon.colcon_core.event_handler.log_command:Invoked command in '/home/charan/Mars-summer-tasks/task-2/build/turtle_patrol_interfaces' returned '0': CMAKE_PREFIX_PATH=/opt/ros/humble /usr/bin/cmake /home/charan/Mars-summer-tasks/task-2/ros_ws/src/turtle_patrol_interfaces -DCMAKE_INSTALL_PREFIX=/home/charan/Mars-summer-tasks/task-2/install/turtle_patrol_interfaces
[2.848s] DEBUG:colcon.colcon_core.event_handler.log_command:Invoking command in '/home/charan/Mars-summer-tasks/task-2/build/turtle_patrol_interfaces': CMAKE_PREFIX_PATH=/opt/ros/humble /usr/bin/cmake --build /home/charan/Mars-summer-tasks/task-2/build/turtle_patrol_interfaces -- -j4 -l4
[6.396s] DEBUG:colcon.colcon_core.event_handler.log_command:Invoked command in '/home/charan/Mars-summer-tasks/task-2/build/turtle_patrol_interfaces' returned '0': CMAKE_PREFIX_PATH=/opt/ros/humble /usr/bin/cmake --build /home/charan/Mars-summer-tasks/task-2/build/turtle_patrol_interfaces -- -j4 -l4
[6.405s] DEBUG:colcon.colcon_core.event_handler.log_command:Invoking command in '/home/charan/Mars-summer-tasks/task-2/build/turtle_patrol_interfaces': CMAKE_PREFIX_PATH=/opt/ros/humble /usr/bin/cmake --install /home/charan/Mars-summer-tasks/task-2/build/turtle_patrol_interfaces
[6.447s] Level 1:colcon.colcon_core.environment:create_environment_scripts_only(turtle_patrol_interfaces)
[6.452s] DEBUG:colcon.colcon_core.event_handler.log_command:Invoked command in '/home/charan/Mars-summer-tasks/task-2/build/turtle_patrol_interfaces' returned '0': CMAKE_PREFIX_PATH=/opt/ros/humble /usr/bin/cmake --install /home/charan/Mars-summer-tasks/task-2/build/turtle_patrol_interfaces
[6.457s] Level 1:colcon.colcon_core.environment:checking '/home/charan/Mars-summer-tasks/task-2/install/turtle_patrol_interfaces' for CMake module files
[6.457s] Level 1:colcon.colcon_core.environment:checking '/home/charan/Mars-summer-tasks/task-2/install/turtle_patrol_interfaces' for CMake config files
[6.458s] Level 1:colcon.colcon_core.shell:create_environment_hook('turtle_patrol_interfaces', 'cmake_prefix_path')
[6.458s] INFO:colcon.colcon_core.shell:Creating environment hook '/home/charan/Mars-summer-tasks/task-2/install/turtle_patrol_interfaces/share/turtle_patrol_interfaces/hook/cmake_prefix_path.ps1'
[6.459s] INFO:colcon.colcon_core.shell:Creating environment descriptor '/home/charan/Mars-summer-tasks/task-2/install/turtle_patrol_interfaces/share/turtle_patrol_interfaces/hook/cmake_prefix_path.dsv'
[6.459s] INFO:colcon.colcon_core.shell:Creating environment hook '/home/charan/Mars-summer-tasks/task-2/install/turtle_patrol_interfaces/share/turtle_patrol_interfaces/hook/cmake_prefix_path.sh'
[6.461s] Level 1:colcon.colcon_core.environment:checking '/home/charan/Mars-summer-tasks/task-2/install/turtle_patrol_interfaces/lib'
[6.461s] Level 1:colcon.colcon_core.shell:create_environment_hook('turtle_patrol_interfaces', 'ld_library_path_lib')
[6.461s] INFO:colcon.colcon_core.shell:Creating environment hook '/home/charan/Mars-summer-tasks/task-2/install/turtle_patrol_interfaces/share/turtle_patrol_interfaces/hook/ld_library_path_lib.ps1'
[6.461s] INFO:colcon.colcon_core.shell:Creating environment descriptor '/home/charan/Mars-summer-tasks/task-2/install/turtle_patrol_interfaces/share/turtle_patrol_interfaces/hook/ld_library_path_lib.dsv'
[6.461s] INFO:colcon.colcon_core.shell:Creating environment hook '/home/charan/Mars-summer-tasks/task-2/install/turtle_patrol_interfaces/share/turtle_patrol_interfaces/hook/ld_library_path_lib.sh'
[6.461s] Level 1:colcon.colcon_core.environment:checking '/home/charan/Mars-summer-tasks/task-2/install/turtle_patrol_interfaces/bin'
[6.461s] Level 1:colcon.colcon_core.environment:checking '/home/charan/Mars-summer-tasks/task-2/install/turtle_patrol_interfaces/lib/pkgconfig/turtle_patrol_interfaces.pc'
[6.462s] Level 1:colcon.colcon_core.environment:checking '/home/charan/Mars-summer-tasks/task-2/install/turtle_patrol_interfaces/lib/python3.10/site-packages'
[6.462s] Level 1:colcon.colcon_core.environment:checking '/home/charan/Mars-summer-tasks/task-2/install/turtle_patrol_interfaces/bin'
[6.462s] INFO:colcon.colcon_core.shell:Creating package script '/home/charan/Mars-summer-tasks/task-2/install/turtle_patrol_interfaces/share/turtle_patrol_interfaces/package.ps1'
[6.463s] INFO:colcon.colcon_core.shell:Creating package descriptor '/home/charan/Mars-summer-tasks/task-2/install/turtle_patrol_interfaces/share/turtle_patrol_interfaces/package.dsv'
[6.463s] INFO:colcon.colcon_core.shell:Creating package script '/home/charan/Mars-summer-tasks/task-2/install/turtle_patrol_interfaces/share/turtle_patrol_interfaces/package.sh'
[6.463s] INFO:colcon.colcon_core.shell:Creating package script '/home/charan/Mars-summer-tasks/task-2/install/turtle_patrol_interfaces/share/turtle_patrol_interfaces/package.bash'
[6.464s] INFO:colcon.colcon_core.shell:Creating package script '/home/charan/Mars-summer-tasks/task-2/install/turtle_patrol_interfaces/share/turtle_patrol_interfaces/package.zsh'
[6.464s] Level 1:colcon.colcon_core.environment:create_file_with_runtime_dependencies(/home/charan/Mars-summer-tasks/task-2/install/turtle_patrol_interfaces/share/colcon-core/packages/turtle_patrol_interfaces)
[6.466s] Level 1:colcon.colcon_core.environment:create_environment_scripts_only(turtle_patrol_interfaces)
[6.466s] Level 1:colcon.colcon_core.environment:checking '/home/charan/Mars-summer-tasks/task-2/install/turtle_patrol_interfaces' for CMake module files
[6.466s] Level 1:colcon.colcon_core.environment:checking '/home/charan/Mars-summer-tasks/task-2/install/turtle_patrol_interfaces' for CMake config files
[6.466s] Level 1:colcon.colcon_core.shell:create_environment_hook('turtle_patrol_interfaces', 'cmake_prefix_path')
[6.466s] INFO:colcon.colcon_core.shell:Creating environment hook '/home/charan/Mars-summer-tasks/task-2/install/turtle_patrol_interfaces/share/turtle_patrol_interfaces/hook/cmake_prefix_path.ps1'
[6.467s] INFO:colcon.colcon_core.shell:Creating environment descriptor '/home/charan/Mars-summer-tasks/task-2/install/turtle_patrol_interfaces/share/turtle_patrol_interfaces/hook/cmake_prefix_path.dsv'
[6.467s] INFO:colcon.colcon_core.shell:Creating environment hook '/home/charan/Mars-summer-tasks/task-2/install/turtle_patrol_interfaces/share/turtle_patrol_interfaces/hook/cmake_prefix_path.sh'
[6.467s] Level 1:colcon.colcon_core.environment:checking '/home/charan/Mars-summer-tasks/task-2/install/turtle_patrol_interfaces/lib'
[6.467s] Level 1:colcon.colcon_core.shell:create_environment_hook('turtle_patrol_interfaces', 'ld_library_path_lib')
[6.467s] INFO:colcon.colcon_core.shell:Creating environment hook '/home/charan/Mars-summer-tasks/task-2/install/turtle_patrol_interfaces/share/turtle_patrol_interfaces/hook/ld_library_path_lib.ps1'
[6.467s] INFO:colcon.colcon_core.shell:Creating environment descriptor '/home/charan/Mars-summer-tasks/task-2/install/turtle_patrol_interfaces/share/turtle_patrol_interfaces/hook/ld_library_path_lib.dsv'
[6.467s] INFO:colcon.colcon_core.shell:Creating environment hook '/home/charan/Mars-summer-tasks/task-2/install/turtle_patrol_interfaces/share/turtle_patrol_interfaces/hook/ld_library_path_lib.sh'
[6.468s] Level 1:colcon.colcon_core.environment:checking '/home/charan/Mars-summer-tasks/task-2/install/turtle_patrol_interfaces/bin'
[6.468s] Level 1:colcon.colcon_core.environment:checking '/home/charan/Mars-summer-tasks/task-2/install/turtle_patrol_interfaces/lib/pkgconfig/turtle_patrol_interfaces.pc'
[6.468s] Level 1:colcon.colcon_core.environment:checking '/home/charan/Mars-summer-tasks/task-2/install/turtle_patrol_interfaces/lib/python3.10/site-packages'
[6.468s] Level 1:colcon.colcon_core.environment:checking '/home/charan/Mars-summer-tasks/task-2/install/turtle_patrol_interfaces/bin'
[6.468s] INFO:colcon.colcon_core.shell:Creating package script '/home/charan/Mars-summer-tasks/task-2/install/turtle_patrol_interfaces/share/turtle_patrol_interfaces/package.ps1'
[6.468s] INFO:colcon.colcon_core.shell:Creating package descriptor '/home/charan/Mars-summer-tasks/task-2/install/turtle_patrol_interfaces/share/turtle_patrol_interfaces/package.dsv'
[6.469s] INFO:colcon.colcon_core.shell:Creating package script '/home/charan/Mars-summer-tasks/task-2/install/turtle_patrol_interfaces/share/turtle_patrol_interfaces/package.sh'
[6.469s] INFO:colcon.colcon_core.shell:Creating package script '/home/charan/Mars-summer-tasks/task-2/install/turtle_patrol_interfaces/share/turtle_patrol_interfaces/package.bash'
[6.469s] INFO:colcon.colcon_core.shell:Creating package script '/home/charan/Mars-summer-tasks/task-2/install/turtle_patrol_interfaces/share/turtle_patrol_interfaces/package.zsh'
[6.469s] Level 1:colcon.colcon_core.environment:create_file_with_runtime_dependencies(/home/charan/Mars-summer-tasks/task-2/install/turtle_patrol_interfaces/share/colcon-core/packages/turtle_patrol_interfaces)
[6.470s] INFO:colcon.colcon_ros.task.ament_python.build:Building ROS package in '/home/charan/Mars-summer-tasks/task-2/ros_ws/src/turtle_patrol' with build type 'ament_python'
[6.470s] Level 1:colcon.colcon_core.shell:create_environment_hook('turtle_patrol', 'ament_prefix_path')
[6.470s] INFO:colcon.colcon_core.shell:Creating environment hook '/home/charan/Mars-summer-tasks/task-2/install/turtle_patrol/share/turtle_patrol/hook/ament_prefix_path.ps1'
[6.470s] INFO:colcon.colcon_core.shell:Creating environment descriptor '/home/charan/Mars-summer-tasks/task-2/install/turtle_patrol/share/turtle_patrol/hook/ament_prefix_path.dsv'
[6.470s] INFO:colcon.colcon_core.shell:Creating environment hook '/home/charan/Mars-summer-tasks/task-2/install/turtle_patrol/share/turtle_patrol/hook/ament_prefix_path.sh'
[6.471s] INFO:colcon.colcon_core.shell:Skip shell extension 'powershell' for command environment: Not usable outside of PowerShell
[6.471s] DEBUG:colcon.colcon_core.shell:Skip shell extension 'dsv' for command environment
[6.607s] INFO:colcon.colcon_core.task.python.build:Building Python package in '/home/charan/Mars-summer-tasks/task-2/ros_ws/src/turtle_patrol'
[6.607s] INFO:colcon.colcon_core.shell:Skip shell extension 'powershell' for command environment: Not usable outside of PowerShell
[6.608s] DEBUG:colcon.colcon_core.shell:Skip shell extension 'dsv' for command environment
[6.841s] DEBUG:colcon.colcon_core.event_handler.log_command:Invoking command in '/home/charan/Mars-summer-tasks/task-2/ros_ws/src/turtle_patrol': AMENT_PREFIX_PATH=/home/charan/Mars-summer-tasks/task-2/install/turtle_patrol_interfaces:${AMENT_PREFIX_PATH} CMAKE_PREFIX_PATH=/home/charan/Mars-summer-tasks/task-2/install/turtle_patrol_interfaces LD_LIBRARY_PATH=/home/charan/Mars-summer-tasks/task-2/install/turtle_patrol_interfaces/lib:${LD_LIBRARY_PATH} PYTHONPATH=/home/charan/Mars-summer-tasks/task-2/build/turtle_patrol/prefix_override:/usr/lib/python3/dist-packages/colcon_core/task/python/colcon_distutils_commands:/home/charan/Mars-summer-tasks/task-2/install/turtle_patrol/lib/python3.10/site-packages:/home/charan/Mars-summer-tasks/task-2/install/turtle_patrol_interfaces/local/lib/python3.10/dist-packages:${PYTHONPATH} /usr/bin/python3 -W ignore:setup.py install is deprecated -W ignore:easy_install command is deprecated setup.py egg_info --egg-base ../../../build/turtle_patrol build --build-base /home/charan/Mars-summer-tasks/task-2/build/turtle_patrol/build install --record /home/charan/Mars-summer-tasks/task-2/build/turtle_patrol/install.log --single-version-externally-managed install_data
[6.969s] Level 1:colcon.colcon_core.environment:checking '/home/charan/Mars-summer-tasks/task-2/install/turtle_patrol' for CMake module files
[6.969s] DEBUG:colcon.colcon_core.event_handler.log_command:Invoked command in '/home/charan/Mars-summer-tasks/task-2/ros_ws/src/turtle_patrol' returned '0': AMENT_PREFIX_PATH=/home/charan/Mars-summer-tasks/task-2/install/turtle_patrol_interfaces:${AMENT_PREFIX_PATH} CMAKE_PREFIX_PATH=/home/charan/Mars-summer-tasks/task-2/install/turtle_patrol_interfaces LD_LIBRARY_PATH=/home/charan/Mars-summer-tasks/task-2/install/turtle_patrol_interfaces/lib:${LD_LIBRARY_PATH} PYTHONPATH=/home/charan/Mars-summer-tasks/task-2/build/turtle_patrol/prefix_override:/usr/lib/python3/dist-packages/colcon_core/task/python/colcon_distutils_commands:/home/charan/Mars-summer-tasks/task-2/install/turtle_patrol/lib/python3.10/site-packages:/home/charan/Mars-summer-tasks/task-2/install/turtle_patrol_interfaces/local/lib/python3.10/dist-packages:${PYTHONPATH} /usr/bin/python3 -W ignore:setup.py install is deprecated -W ignore:easy_install command is deprecated setup.py egg_info --egg-base ../../../build/turtle_patrol build --build-base /home/charan/Mars-summer-tasks/task-2/build/turtle_patrol/build install --record /home/charan/Mars-summer-tasks/task-2/build/turtle_patrol/install.log --single-version-externally-managed install_data
[6.969s] Level 1:colcon.colcon_core.environment:checking '/home/charan/Mars-summer-tasks/task-2/install/turtle_patrol' for CMake config files
[6.969s] Level 1:colcon.colcon_core.environment:checking '/home/charan/Mars-summer-tasks/task-2/install/turtle_patrol/lib'
[6.969s] Level 1:colcon.colcon_core.environment:checking '/home/charan/Mars-summer-tasks/task-2/install/turtle_patrol/bin'
[6.969s] Level 1:colcon.colcon_core.environment:checking '/home/charan/Mars-summer-tasks/task-2/install/turtle_patrol/lib/pkgconfig/turtle_patrol.pc'
[6.970s] Level 1:colcon.colcon_core.environment:checking '/home/charan/Mars-summer-tasks/task-2/install/turtle_patrol/lib/python3.10/site-packages'
[6.970s] Level 1:colcon.colcon_core.shell:create_environment_hook('turtle_patrol', 'pythonpath')
[6.970s] INFO:colcon.colcon_core.shell:Creating environment hook '/home/charan/Mars-summer-tasks/task-2/install/turtle_patrol/share/turtle_patrol/hook/pythonpath.ps1'
[6.970s] INFO:colcon.colcon_core.shell:Creating environment descriptor '/home/charan/Mars-summer-tasks/task-2/install/turtle_patrol/share/turtle_patrol/hook/pythonpath.dsv'
[6.970s] INFO:colcon.colcon_core.shell:Creating environment hook '/home/charan/Mars-summer-tasks/task-2/install/turtle_patrol/share/turtle_patrol/hook/pythonpath.sh'
[6.970s] Level 1:colcon.colcon_core.environment:checking '/home/charan/Mars-summer-tasks/task-2/install/turtle_patrol/bin'
[6.970s] Level 1:colcon.colcon_core.environment:create_environment_scripts_only(turtle_patrol)
[6.970s] INFO:colcon.colcon_core.shell:Creating package script '/home/charan/Mars-summer-tasks/task-2/install/turtle_patrol/share/turtle_patrol/package.ps1'
[6.971s] INFO:colcon.colcon_core.shell:Creating package descriptor '/home/charan/Mars-summer-tasks/task-2/install/turtle_patrol/share/turtle_patrol/package.dsv'
[6.971s] INFO:colcon.colcon_core.shell:Creating package script '/home/charan/Mars-summer-tasks/task-2/install/turtle_patrol/share/turtle_patrol/package.sh'
[6.971s] INFO:colcon.colcon_core.shell:Creating package script '/home/charan/Mars-summer-tasks/task-2/install/turtle_patrol/share/turtle_patrol/package.bash'
[6.971s] INFO:colcon.colcon_core.shell:Creating package script '/home/charan/Mars-summer-tasks/task-2/install/turtle_patrol/share/turtle_patrol/package.zsh'
[6.971s] Level 1:colcon.colcon_core.environment:create_file_with_runtime_dependencies(/home/charan/Mars-summer-tasks/task-2/install/turtle_patrol/share/colcon-core/packages/turtle_patrol)
[6.971s] DEBUG:colcon.colcon_parallel_executor.executor.parallel:closing loop
[6.972s] DEBUG:colcon.colcon_parallel_executor.executor.parallel:loop closed
[6.972s] DEBUG:colcon.colcon_parallel_executor.executor.parallel:run_until_complete finished with '0'
[6.972s] DEBUG:colcon.colcon_core.event_reactor:joining thread
[6.982s] INFO:colcon.colcon_core.plugin_system:Skipping extension 'colcon_notification.desktop_notification.terminal_notifier': Not used on non-Darwin systems
[6.982s] INFO:colcon.colcon_core.plugin_system:Skipping extension 'colcon_notification.desktop_notification.win32': Not used on non-Windows systems
[6.982s] INFO:colcon.colcon_notification.desktop_notification:Sending desktop notification using 'notify2'
[7.045s] DEBUG:colcon.colcon_core.event_reactor:joined thread
[7.046s] INFO:colcon.colcon_core.shell:Creating prefix script '/home/charan/Mars-summer-tasks/task-2/install/local_setup.ps1'
[7.046s] INFO:colcon.colcon_core.shell:Creating prefix util module '/home/charan/Mars-summer-tasks/task-2/install/_local_setup_util_ps1.py'
[7.048s] INFO:colcon.colcon_core.shell:Creating prefix chain script '/home/charan/Mars-summer-tasks/task-2/install/setup.ps1'
[7.048s] INFO:colcon.colcon_core.shell:Creating prefix script '/home/charan/Mars-summer-tasks/task-2/install/local_setup.sh'
[7.049s] INFO:colcon.colcon_core.shell:Creating prefix util module '/home/charan/Mars-summer-tasks/task-2/install/_local_setup_util_sh.py'
[7.049s] INFO:colcon.colcon_core.shell:Creating prefix chain script '/home/charan/Mars-summer-tasks/task-2/install/setup.sh'
[7.050s] INFO:colcon.colcon_core.shell:Creating prefix script '/home/charan/Mars-summer-tasks/task-2/install/local_setup.bash'
[7.051s] INFO:colcon.colcon_core.shell:Creating prefix chain script '/home/charan/Mars-summer-tasks/task-2/install/setup.bash'
[7.051s] INFO:colcon.colcon_core.shell:Creating prefix script '/home/charan/Mars-summer-tasks/task-2/install/local_setup.zsh'
[7.052s] INFO:colcon.colcon_core.shell:Creating prefix chain script '/home/charan/Mars-summer-tasks/task-2/install/setup.zsh'
