-- Found ament_cmake: 1.3.14 (/opt/ros/humble/share/ament_cmake/cmake)
-- Found rosidl_default_generators: 1.2.1 (/opt/ros/humble/share/rosidl_default_generators/cmake)
-- Using all available rosidl_typesupport_c: rosidl_typesupport_fastrtps_c;rosidl_typesupport_introspection_c
-- Found rosidl_adapter: 3.1.8 (/opt/ros/humble/share/rosidl_adapter/cmake)
-- Using all available rosidl_typesupport_cpp: rosidl_typesupport_fastrtps_cpp;rosidl_typesupport_introspection_cpp
-- Found ament_cmake_ros: 0.10.0 (/opt/ros/humble/share/ament_cmake_ros/cmake)
-- Using all available rosidl_typesupport_c: rosidl_typesupport_fastrtps_c;rosidl_typesupport_introspection_c
-- Using all available rosidl_typesupport_cpp: rosidl_typesupport_fastrtps_cpp;rosidl_typesupport_introspection_cpp
-- Found python_cmake_module: 0.10.0 (/opt/ros/humble/share/python_cmake_module/cmake)
-- Using PYTHON_EXECUTABLE: /usr/bin/python3
-- Using PYTHON_INCLUDE_DIRS: /usr/include/python3.10
-- Using PYTHON_LIBRARIES: /usr/lib/aarch64-linux-gnu/libpython3.10.so
-- Found ament_lint_auto: 0.12.15 (/opt/ros/humble/share/ament_lint_auto/cmake)
-- Configuring done
-- Generating done
-- Build files have been written to: /home/charan/Mars-summer-tasks/task-2/ros_ws/build/turtle_patrol_interfaces
[  3%] [34m[1mGenerating C code for ROS interfaces[0m
[  6%] [34m[1mGenerating Rust code for ROS interfaces[0m
[  9%] [34m[1mGenerating C++ code for ROS interfaces[0m
[  9%] Built target ament_cmake_python_copy_turtle_patrol_interfaces
running egg_info
creating turtle_patrol_interfaces.egg-info
writing turtle_patrol_interfaces.egg-info/PKG-INFO
writing dependency_links to turtle_patrol_interfaces.egg-info/dependency_links.txt
writing top-level names to turtle_patrol_interfaces.egg-info/top_level.txt
writing manifest file 'turtle_patrol_interfaces.egg-info/SOURCES.txt'
reading manifest file 'turtle_patrol_interfaces.egg-info/SOURCES.txt'
writing manifest file 'turtle_patrol_interfaces.egg-info/SOURCES.txt'
[  9%] Built target turtle_patrol_interfaces__rs
[  9%] Built target ament_cmake_python_build_turtle_patrol_interfaces_egg
[ 12%] [32mBuilding C object CMakeFiles/turtle_patrol_interfaces__rosidl_generator_c.dir/rosidl_generator_c/turtle_patrol_interfaces/action/detail/execute_circle__functions.c.o[0m
[ 12%] Built target turtle_patrol_interfaces__cpp
[ 18%] [34m[1mGenerating C++ introspection for ROS interfaces[0m
[ 18%] [34m[1mGenerating C++ type support for eProsima Fast-RTPS[0m
[ 21%] [34m[1mGenerating C++ type support dispatch for ROS interfaces[0m
[ 25%] [32m[1mLinking C shared library libturtle_patrol_interfaces__rosidl_generator_c.so[0m
[ 25%] Built target turtle_patrol_interfaces__rosidl_generator_c
[ 28%] [34m[1mGenerating C type support for eProsima Fast-RTPS[0m
[ 31%] [32mBuilding CXX object CMakeFiles/turtle_patrol_interfaces__rosidl_typesupport_cpp.dir/rosidl_typesupport_cpp/turtle_patrol_interfaces/action/execute_circle__type_support.cpp.o[0m
[ 34%] [32mBuilding CXX object CMakeFiles/turtle_patrol_interfaces__rosidl_typesupport_introspection_cpp.dir/rosidl_typesupport_introspection_cpp/turtle_patrol_interfaces/action/detail/execute_circle__type_support.cpp.o[0m
[ 37%] [32mBuilding CXX object CMakeFiles/turtle_patrol_interfaces__rosidl_typesupport_fastrtps_cpp.dir/rosidl_typesupport_fastrtps_cpp/turtle_patrol_interfaces/action/detail/dds_fastrtps/execute_circle__type_support.cpp.o[0m
[ 40%] [32mBuilding CXX object CMakeFiles/turtle_patrol_interfaces__rosidl_typesupport_fastrtps_c.dir/rosidl_typesupport_fastrtps_c/turtle_patrol_interfaces/action/detail/execute_circle__type_support_c.cpp.o[0m
[ 46%] [32m[1mLinking CXX shared library libturtle_patrol_interfaces__rosidl_typesupport_cpp.so[0m
[ 46%] [32m[1mLinking CXX shared library libturtle_patrol_interfaces__rosidl_typesupport_fastrtps_c.so[0m
[ 46%] Built target turtle_patrol_interfaces__rosidl_typesupport_cpp
[ 50%] [32m[1mLinking CXX shared library libturtle_patrol_interfaces__rosidl_typesupport_fastrtps_cpp.so[0m
[ 53%] [34m[1mGenerating C introspection for ROS interfaces[0m
[ 56%] [32m[1mLinking CXX shared library libturtle_patrol_interfaces__rosidl_typesupport_introspection_cpp.so[0m
[ 56%] Built target turtle_patrol_interfaces__rosidl_typesupport_fastrtps_c
[ 59%] [34m[1mGenerating C type support dispatch for ROS interfaces[0m
[ 59%] Built target turtle_patrol_interfaces__rosidl_typesupport_fastrtps_cpp
[ 59%] Built target turtle_patrol_interfaces__rosidl_typesupport_introspection_cpp
[ 62%] [32mBuilding CXX object CMakeFiles/turtle_patrol_interfaces__rosidl_typesupport_c.dir/rosidl_typesupport_c/turtle_patrol_interfaces/action/execute_circle__type_support.cpp.o[0m
[ 65%] [32m[1mLinking CXX shared library libturtle_patrol_interfaces__rosidl_typesupport_c.so[0m
[ 68%] [32mBuilding C object CMakeFiles/turtle_patrol_interfaces__rosidl_typesupport_introspection_c.dir/rosidl_typesupport_introspection_c/turtle_patrol_interfaces/action/detail/execute_circle__type_support.c.o[0m
[ 68%] Built target turtle_patrol_interfaces__rosidl_typesupport_c
[ 71%] [32m[1mLinking C shared library libturtle_patrol_interfaces__rosidl_typesupport_introspection_c.so[0m
[ 71%] Built target turtle_patrol_interfaces__rosidl_typesupport_introspection_c
[ 71%] Built target turtle_patrol_interfaces
[ 75%] [34m[1mGenerating Python code for ROS interfaces[0m
[ 75%] Built target turtle_patrol_interfaces__py
[ 78%] [32mBuilding C object CMakeFiles/turtle_patrol_interfaces__rosidl_generator_py.dir/rosidl_generator_py/turtle_patrol_interfaces/action/_execute_circle_s.c.o[0m
[ 81%] [32m[1mLinking C shared library rosidl_generator_py/turtle_patrol_interfaces/libturtle_patrol_interfaces__rosidl_generator_py.so[0m
[ 81%] Built target turtle_patrol_interfaces__rosidl_generator_py
[ 84%] [32mBuilding C object CMakeFiles/turtle_patrol_interfaces__rosidl_typesupport_c__pyext.dir/rosidl_generator_py/turtle_patrol_interfaces/_turtle_patrol_interfaces_s.ep.rosidl_typesupport_c.c.o[0m
[ 87%] [32mBuilding C object CMakeFiles/turtle_patrol_interfaces__rosidl_typesupport_fastrtps_c__pyext.dir/rosidl_generator_py/turtle_patrol_interfaces/_turtle_patrol_interfaces_s.ep.rosidl_typesupport_fastrtps_c.c.o[0m
[ 90%] [32mBuilding C object CMakeFiles/turtle_patrol_interfaces__rosidl_typesupport_introspection_c__pyext.dir/rosidl_generator_py/turtle_patrol_interfaces/_turtle_patrol_interfaces_s.ep.rosidl_typesupport_introspection_c.c.o[0m
[ 93%] [32m[1mLinking C shared library rosidl_generator_py/turtle_patrol_interfaces/turtle_patrol_interfaces_s__rosidl_typesupport_fastrtps_c.cpython-310-aarch64-linux-gnu.so[0m
[ 96%] [32m[1mLinking C shared library rosidl_generator_py/turtle_patrol_interfaces/turtle_patrol_interfaces_s__rosidl_typesupport_introspection_c.cpython-310-aarch64-linux-gnu.so[0m
[100%] [32m[1mLinking C shared library rosidl_generator_py/turtle_patrol_interfaces/turtle_patrol_interfaces_s__rosidl_typesupport_c.cpython-310-aarch64-linux-gnu.so[0m
[100%] Built target turtle_patrol_interfaces__rosidl_typesupport_fastrtps_c__pyext
[100%] Built target turtle_patrol_interfaces__rosidl_typesupport_introspection_c__pyext
[100%] Built target turtle_patrol_interfaces__rosidl_typesupport_c__pyext
-- Install configuration: ""
-- Installing: /home/charan/Mars-summer-tasks/task-2/ros_ws/install/turtle_patrol_interfaces/share/ament_index/resource_index/rosidl_interfaces/turtle_patrol_interfaces
-- Installing: /home/charan/Mars-summer-tasks/task-2/ros_ws/install/turtle_patrol_interfaces/include/turtle_patrol_interfaces/turtle_patrol_interfaces
-- Installing: /home/charan/Mars-summer-tasks/task-2/ros_ws/install/turtle_patrol_interfaces/include/turtle_patrol_interfaces/turtle_patrol_interfaces/action
-- Installing: /home/charan/Mars-summer-tasks/task-2/ros_ws/install/turtle_patrol_interfaces/include/turtle_patrol_interfaces/turtle_patrol_interfaces/action/execute_circle.h
-- Installing: /home/charan/Mars-summer-tasks/task-2/ros_ws/install/turtle_patrol_interfaces/include/turtle_patrol_interfaces/turtle_patrol_interfaces/action/detail
-- Installing: /home/charan/Mars-summer-tasks/task-2/ros_ws/install/turtle_patrol_interfaces/include/turtle_patrol_interfaces/turtle_patrol_interfaces/action/detail/execute_circle__functions.c
-- Installing: /home/charan/Mars-summer-tasks/task-2/ros_ws/install/turtle_patrol_interfaces/include/turtle_patrol_interfaces/turtle_patrol_interfaces/action/detail/execute_circle__functions.h
-- Installing: /home/charan/Mars-summer-tasks/task-2/ros_ws/install/turtle_patrol_interfaces/include/turtle_patrol_interfaces/turtle_patrol_interfaces/action/detail/execute_circle__type_support.h
-- Installing: /home/charan/Mars-summer-tasks/task-2/ros_ws/install/turtle_patrol_interfaces/include/turtle_patrol_interfaces/turtle_patrol_interfaces/action/detail/execute_circle__struct.h
-- Installing: /home/charan/Mars-summer-tasks/task-2/ros_ws/install/turtle_patrol_interfaces/include/turtle_patrol_interfaces/turtle_patrol_interfaces/msg
-- Installing: /home/charan/Mars-summer-tasks/task-2/ros_ws/install/turtle_patrol_interfaces/include/turtle_patrol_interfaces/turtle_patrol_interfaces/msg/rosidl_generator_c__visibility_control.h
-- Installing: /home/charan/Mars-summer-tasks/task-2/ros_ws/install/turtle_patrol_interfaces/share/turtle_patrol_interfaces/environment/library_path.sh
-- Installing: /home/charan/Mars-summer-tasks/task-2/ros_ws/install/turtle_patrol_interfaces/share/turtle_patrol_interfaces/environment/library_path.dsv
-- Installing: /home/charan/Mars-summer-tasks/task-2/ros_ws/install/turtle_patrol_interfaces/lib/libturtle_patrol_interfaces__rosidl_generator_c.so
-- Set runtime path of "/home/charan/Mars-summer-tasks/task-2/ros_ws/install/turtle_patrol_interfaces/lib/libturtle_patrol_interfaces__rosidl_generator_c.so" to ""
-- Up-to-date: /home/charan/Mars-summer-tasks/task-2/ros_ws/install/turtle_patrol_interfaces/include/turtle_patrol_interfaces/turtle_patrol_interfaces
-- Up-to-date: /home/charan/Mars-summer-tasks/task-2/ros_ws/install/turtle_patrol_interfaces/include/turtle_patrol_interfaces/turtle_patrol_interfaces/action
-- Up-to-date: /home/charan/Mars-summer-tasks/task-2/ros_ws/install/turtle_patrol_interfaces/include/turtle_patrol_interfaces/turtle_patrol_interfaces/action/detail
-- Installing: /home/charan/Mars-summer-tasks/task-2/ros_ws/install/turtle_patrol_interfaces/include/turtle_patrol_interfaces/turtle_patrol_interfaces/action/detail/execute_circle__rosidl_typesupport_fastrtps_c.h
-- Up-to-date: /home/charan/Mars-summer-tasks/task-2/ros_ws/install/turtle_patrol_interfaces/include/turtle_patrol_interfaces/turtle_patrol_interfaces/msg
-- Installing: /home/charan/Mars-summer-tasks/task-2/ros_ws/install/turtle_patrol_interfaces/include/turtle_patrol_interfaces/turtle_patrol_interfaces/msg/rosidl_typesupport_fastrtps_c__visibility_control.h
-- Installing: /home/charan/Mars-summer-tasks/task-2/ros_ws/install/turtle_patrol_interfaces/lib/libturtle_patrol_interfaces__rosidl_typesupport_fastrtps_c.so
-- Set runtime path of "/home/charan/Mars-summer-tasks/task-2/ros_ws/install/turtle_patrol_interfaces/lib/libturtle_patrol_interfaces__rosidl_typesupport_fastrtps_c.so" to ""
-- Up-to-date: /home/charan/Mars-summer-tasks/task-2/ros_ws/install/turtle_patrol_interfaces/include/turtle_patrol_interfaces/turtle_patrol_interfaces
-- Up-to-date: /home/charan/Mars-summer-tasks/task-2/ros_ws/install/turtle_patrol_interfaces/include/turtle_patrol_interfaces/turtle_patrol_interfaces/action
-- Up-to-date: /home/charan/Mars-summer-tasks/task-2/ros_ws/install/turtle_patrol_interfaces/include/turtle_patrol_interfaces/turtle_patrol_interfaces/action/detail
-- Installing: /home/charan/Mars-summer-tasks/task-2/ros_ws/install/turtle_patrol_interfaces/include/turtle_patrol_interfaces/turtle_patrol_interfaces/action/detail/execute_circle__rosidl_typesupport_introspection_c.h
-- Installing: /home/charan/Mars-summer-tasks/task-2/ros_ws/install/turtle_patrol_interfaces/include/turtle_patrol_interfaces/turtle_patrol_interfaces/action/detail/execute_circle__type_support.c
-- Up-to-date: /home/charan/Mars-summer-tasks/task-2/ros_ws/install/turtle_patrol_interfaces/include/turtle_patrol_interfaces/turtle_patrol_interfaces/msg
-- Installing: /home/charan/Mars-summer-tasks/task-2/ros_ws/install/turtle_patrol_interfaces/include/turtle_patrol_interfaces/turtle_patrol_interfaces/msg/rosidl_typesupport_introspection_c__visibility_control.h
-- Installing: /home/charan/Mars-summer-tasks/task-2/ros_ws/install/turtle_patrol_interfaces/lib/libturtle_patrol_interfaces__rosidl_typesupport_introspection_c.so
-- Set runtime path of "/home/charan/Mars-summer-tasks/task-2/ros_ws/install/turtle_patrol_interfaces/lib/libturtle_patrol_interfaces__rosidl_typesupport_introspection_c.so" to ""
-- Installing: /home/charan/Mars-summer-tasks/task-2/ros_ws/install/turtle_patrol_interfaces/lib/libturtle_patrol_interfaces__rosidl_typesupport_c.so
-- Set runtime path of "/home/charan/Mars-summer-tasks/task-2/ros_ws/install/turtle_patrol_interfaces/lib/libturtle_patrol_interfaces__rosidl_typesupport_c.so" to ""
-- Up-to-date: /home/charan/Mars-summer-tasks/task-2/ros_ws/install/turtle_patrol_interfaces/include/turtle_patrol_interfaces/turtle_patrol_interfaces
-- Up-to-date: /home/charan/Mars-summer-tasks/task-2/ros_ws/install/turtle_patrol_interfaces/include/turtle_patrol_interfaces/turtle_patrol_interfaces/action
-- Installing: /home/charan/Mars-summer-tasks/task-2/ros_ws/install/turtle_patrol_interfaces/include/turtle_patrol_interfaces/turtle_patrol_interfaces/action/execute_circle.hpp
-- Up-to-date: /home/charan/Mars-summer-tasks/task-2/ros_ws/install/turtle_patrol_interfaces/include/turtle_patrol_interfaces/turtle_patrol_interfaces/action/detail
-- Installing: /home/charan/Mars-summer-tasks/task-2/ros_ws/install/turtle_patrol_interfaces/include/turtle_patrol_interfaces/turtle_patrol_interfaces/action/detail/execute_circle__builder.hpp
-- Installing: /home/charan/Mars-summer-tasks/task-2/ros_ws/install/turtle_patrol_interfaces/include/turtle_patrol_interfaces/turtle_patrol_interfaces/action/detail/execute_circle__traits.hpp
-- Installing: /home/charan/Mars-summer-tasks/task-2/ros_ws/install/turtle_patrol_interfaces/include/turtle_patrol_interfaces/turtle_patrol_interfaces/action/detail/execute_circle__type_support.hpp
-- Installing: /home/charan/Mars-summer-tasks/task-2/ros_ws/install/turtle_patrol_interfaces/include/turtle_patrol_interfaces/turtle_patrol_interfaces/action/detail/execute_circle__struct.hpp
-- Up-to-date: /home/charan/Mars-summer-tasks/task-2/ros_ws/install/turtle_patrol_interfaces/include/turtle_patrol_interfaces/turtle_patrol_interfaces/msg
-- Installing: /home/charan/Mars-summer-tasks/task-2/ros_ws/install/turtle_patrol_interfaces/include/turtle_patrol_interfaces/turtle_patrol_interfaces/msg/rosidl_generator_cpp__visibility_control.hpp
-- Up-to-date: /home/charan/Mars-summer-tasks/task-2/ros_ws/install/turtle_patrol_interfaces/include/turtle_patrol_interfaces/turtle_patrol_interfaces
-- Up-to-date: /home/charan/Mars-summer-tasks/task-2/ros_ws/install/turtle_patrol_interfaces/include/turtle_patrol_interfaces/turtle_patrol_interfaces/action
-- Up-to-date: /home/charan/Mars-summer-tasks/task-2/ros_ws/install/turtle_patrol_interfaces/include/turtle_patrol_interfaces/turtle_patrol_interfaces/action/detail
-- Installing: /home/charan/Mars-summer-tasks/task-2/ros_ws/install/turtle_patrol_interfaces/include/turtle_patrol_interfaces/turtle_patrol_interfaces/action/detail/execute_circle__rosidl_typesupport_fastrtps_cpp.hpp
-- Installing: /home/charan/Mars-summer-tasks/task-2/ros_ws/install/turtle_patrol_interfaces/include/turtle_patrol_interfaces/turtle_patrol_interfaces/action/detail/dds_fastrtps
-- Up-to-date: /home/charan/Mars-summer-tasks/task-2/ros_ws/install/turtle_patrol_interfaces/include/turtle_patrol_interfaces/turtle_patrol_interfaces/msg
-- Installing: /home/charan/Mars-summer-tasks/task-2/ros_ws/install/turtle_patrol_interfaces/include/turtle_patrol_interfaces/turtle_patrol_interfaces/msg/rosidl_typesupport_fastrtps_cpp__visibility_control.h
-- Installing: /home/charan/Mars-summer-tasks/task-2/ros_ws/install/turtle_patrol_interfaces/lib/libturtle_patrol_interfaces__rosidl_typesupport_fastrtps_cpp.so
-- Set runtime path of "/home/charan/Mars-summer-tasks/task-2/ros_ws/install/turtle_patrol_interfaces/lib/libturtle_patrol_interfaces__rosidl_typesupport_fastrtps_cpp.so" to ""
-- Up-to-date: /home/charan/Mars-summer-tasks/task-2/ros_ws/install/turtle_patrol_interfaces/include/turtle_patrol_interfaces/turtle_patrol_interfaces
-- Up-to-date: /home/charan/Mars-summer-tasks/task-2/ros_ws/install/turtle_patrol_interfaces/include/turtle_patrol_interfaces/turtle_patrol_interfaces/action
-- Up-to-date: /home/charan/Mars-summer-tasks/task-2/ros_ws/install/turtle_patrol_interfaces/include/turtle_patrol_interfaces/turtle_patrol_interfaces/action/detail
-- Installing: /home/charan/Mars-summer-tasks/task-2/ros_ws/install/turtle_patrol_interfaces/include/turtle_patrol_interfaces/turtle_patrol_interfaces/action/detail/execute_circle__type_support.cpp
-- Installing: /home/charan/Mars-summer-tasks/task-2/ros_ws/install/turtle_patrol_interfaces/include/turtle_patrol_interfaces/turtle_patrol_interfaces/action/detail/execute_circle__rosidl_typesupport_introspection_cpp.hpp
-- Installing: /home/charan/Mars-summer-tasks/task-2/ros_ws/install/turtle_patrol_interfaces/lib/libturtle_patrol_interfaces__rosidl_typesupport_introspection_cpp.so
-- Set runtime path of "/home/charan/Mars-summer-tasks/task-2/ros_ws/install/turtle_patrol_interfaces/lib/libturtle_patrol_interfaces__rosidl_typesupport_introspection_cpp.so" to ""
-- Installing: /home/charan/Mars-summer-tasks/task-2/ros_ws/install/turtle_patrol_interfaces/lib/libturtle_patrol_interfaces__rosidl_typesupport_cpp.so
-- Set runtime path of "/home/charan/Mars-summer-tasks/task-2/ros_ws/install/turtle_patrol_interfaces/lib/libturtle_patrol_interfaces__rosidl_typesupport_cpp.so" to ""
-- Installing: /home/charan/Mars-summer-tasks/task-2/ros_ws/install/turtle_patrol_interfaces/share/turtle_patrol_interfaces/environment/pythonpath.sh
-- Installing: /home/charan/Mars-summer-tasks/task-2/ros_ws/install/turtle_patrol_interfaces/share/turtle_patrol_interfaces/environment/pythonpath.dsv
-- Installing: /home/charan/Mars-summer-tasks/task-2/ros_ws/install/turtle_patrol_interfaces/local/lib/python3.10/dist-packages/turtle_patrol_interfaces-0.0.0-py3.10.egg-info
-- Installing: /home/charan/Mars-summer-tasks/task-2/ros_ws/install/turtle_patrol_interfaces/local/lib/python3.10/dist-packages/turtle_patrol_interfaces-0.0.0-py3.10.egg-info/PKG-INFO
-- Installing: /home/charan/Mars-summer-tasks/task-2/ros_ws/install/turtle_patrol_interfaces/local/lib/python3.10/dist-packages/turtle_patrol_interfaces-0.0.0-py3.10.egg-info/dependency_links.txt
-- Installing: /home/charan/Mars-summer-tasks/task-2/ros_ws/install/turtle_patrol_interfaces/local/lib/python3.10/dist-packages/turtle_patrol_interfaces-0.0.0-py3.10.egg-info/top_level.txt
-- Installing: /home/charan/Mars-summer-tasks/task-2/ros_ws/install/turtle_patrol_interfaces/local/lib/python3.10/dist-packages/turtle_patrol_interfaces-0.0.0-py3.10.egg-info/SOURCES.txt
-- Installing: /home/charan/Mars-summer-tasks/task-2/ros_ws/install/turtle_patrol_interfaces/local/lib/python3.10/dist-packages/turtle_patrol_interfaces
-- Installing: /home/charan/Mars-summer-tasks/task-2/ros_ws/install/turtle_patrol_interfaces/local/lib/python3.10/dist-packages/turtle_patrol_interfaces/__init__.py
-- Installing: /home/charan/Mars-summer-tasks/task-2/ros_ws/install/turtle_patrol_interfaces/local/lib/python3.10/dist-packages/turtle_patrol_interfaces/_turtle_patrol_interfaces_s.ep.rosidl_typesupport_c.c
-- Installing: /home/charan/Mars-summer-tasks/task-2/ros_ws/install/turtle_patrol_interfaces/local/lib/python3.10/dist-packages/turtle_patrol_interfaces/_turtle_patrol_interfaces_s.ep.rosidl_typesupport_introspection_c.c
-- Installing: /home/charan/Mars-summer-tasks/task-2/ros_ws/install/turtle_patrol_interfaces/local/lib/python3.10/dist-packages/turtle_patrol_interfaces/action
-- Installing: /home/charan/Mars-summer-tasks/task-2/ros_ws/install/turtle_patrol_interfaces/local/lib/python3.10/dist-packages/turtle_patrol_interfaces/action/__init__.py
-- Installing: /home/charan/Mars-summer-tasks/task-2/ros_ws/install/turtle_patrol_interfaces/local/lib/python3.10/dist-packages/turtle_patrol_interfaces/action/_execute_circle_s.c
-- Installing: /home/charan/Mars-summer-tasks/task-2/ros_ws/install/turtle_patrol_interfaces/local/lib/python3.10/dist-packages/turtle_patrol_interfaces/action/_execute_circle.py
-- Installing: /home/charan/Mars-summer-tasks/task-2/ros_ws/install/turtle_patrol_interfaces/local/lib/python3.10/dist-packages/turtle_patrol_interfaces/turtle_patrol_interfaces_s__rosidl_typesupport_c.cpython-310-aarch64-linux-gnu.so
-- Installing: /home/charan/Mars-summer-tasks/task-2/ros_ws/install/turtle_patrol_interfaces/local/lib/python3.10/dist-packages/turtle_patrol_interfaces/libturtle_patrol_interfaces__rosidl_generator_py.so
-- Installing: /home/charan/Mars-summer-tasks/task-2/ros_ws/install/turtle_patrol_interfaces/local/lib/python3.10/dist-packages/turtle_patrol_interfaces/_turtle_patrol_interfaces_s.ep.rosidl_typesupport_fastrtps_c.c
-- Installing: /home/charan/Mars-summer-tasks/task-2/ros_ws/install/turtle_patrol_interfaces/local/lib/python3.10/dist-packages/turtle_patrol_interfaces/turtle_patrol_interfaces_s__rosidl_typesupport_introspection_c.cpython-310-aarch64-linux-gnu.so
-- Installing: /home/charan/Mars-summer-tasks/task-2/ros_ws/install/turtle_patrol_interfaces/local/lib/python3.10/dist-packages/turtle_patrol_interfaces/turtle_patrol_interfaces_s__rosidl_typesupport_fastrtps_c.cpython-310-aarch64-linux-gnu.so
Listing '/home/charan/Mars-summer-tasks/task-2/ros_ws/install/turtle_patrol_interfaces/local/lib/python3.10/dist-packages/turtle_patrol_interfaces'...
Compiling '/home/charan/Mars-summer-tasks/task-2/ros_ws/install/turtle_patrol_interfaces/local/lib/python3.10/dist-packages/turtle_patrol_interfaces/__init__.py'...
Listing '/home/charan/Mars-summer-tasks/task-2/ros_ws/install/turtle_patrol_interfaces/local/lib/python3.10/dist-packages/turtle_patrol_interfaces/action'...
Compiling '/home/charan/Mars-summer-tasks/task-2/ros_ws/install/turtle_patrol_interfaces/local/lib/python3.10/dist-packages/turtle_patrol_interfaces/action/__init__.py'...
Compiling '/home/charan/Mars-summer-tasks/task-2/ros_ws/install/turtle_patrol_interfaces/local/lib/python3.10/dist-packages/turtle_patrol_interfaces/action/_execute_circle.py'...
-- Installing: /home/charan/Mars-summer-tasks/task-2/ros_ws/install/turtle_patrol_interfaces/local/lib/python3.10/dist-packages/turtle_patrol_interfaces/turtle_patrol_interfaces_s__rosidl_typesupport_fastrtps_c.cpython-310-aarch64-linux-gnu.so
-- Set runtime path of "/home/charan/Mars-summer-tasks/task-2/ros_ws/install/turtle_patrol_interfaces/local/lib/python3.10/dist-packages/turtle_patrol_interfaces/turtle_patrol_interfaces_s__rosidl_typesupport_fastrtps_c.cpython-310-aarch64-linux-gnu.so" to ""
-- Installing: /home/charan/Mars-summer-tasks/task-2/ros_ws/install/turtle_patrol_interfaces/local/lib/python3.10/dist-packages/turtle_patrol_interfaces/turtle_patrol_interfaces_s__rosidl_typesupport_introspection_c.cpython-310-aarch64-linux-gnu.so
-- Set runtime path of "/home/charan/Mars-summer-tasks/task-2/ros_ws/install/turtle_patrol_interfaces/local/lib/python3.10/dist-packages/turtle_patrol_interfaces/turtle_patrol_interfaces_s__rosidl_typesupport_introspection_c.cpython-310-aarch64-linux-gnu.so" to ""
-- Installing: /home/charan/Mars-summer-tasks/task-2/ros_ws/install/turtle_patrol_interfaces/local/lib/python3.10/dist-packages/turtle_patrol_interfaces/turtle_patrol_interfaces_s__rosidl_typesupport_c.cpython-310-aarch64-linux-gnu.so
-- Set runtime path of "/home/charan/Mars-summer-tasks/task-2/ros_ws/install/turtle_patrol_interfaces/local/lib/python3.10/dist-packages/turtle_patrol_interfaces/turtle_patrol_interfaces_s__rosidl_typesupport_c.cpython-310-aarch64-linux-gnu.so" to ""
-- Installing: /home/charan/Mars-summer-tasks/task-2/ros_ws/install/turtle_patrol_interfaces/lib/libturtle_patrol_interfaces__rosidl_generator_py.so
-- Set runtime path of "/home/charan/Mars-summer-tasks/task-2/ros_ws/install/turtle_patrol_interfaces/lib/libturtle_patrol_interfaces__rosidl_generator_py.so" to ""
-- Installing: /home/charan/Mars-summer-tasks/task-2/ros_ws/install/turtle_patrol_interfaces/share/ament_index/resource_index/rust_packages/turtle_patrol_interfaces
-- Installing: /home/charan/Mars-summer-tasks/task-2/ros_ws/install/turtle_patrol_interfaces/share/turtle_patrol_interfaces/rust
-- Installing: /home/charan/Mars-summer-tasks/task-2/ros_ws/install/turtle_patrol_interfaces/share/turtle_patrol_interfaces/rust/src
-- Installing: /home/charan/Mars-summer-tasks/task-2/ros_ws/install/turtle_patrol_interfaces/share/turtle_patrol_interfaces/rust/src/action
-- Installing: /home/charan/Mars-summer-tasks/task-2/ros_ws/install/turtle_patrol_interfaces/share/turtle_patrol_interfaces/rust/src/action/rmw.rs
-- Installing: /home/charan/Mars-summer-tasks/task-2/ros_ws/install/turtle_patrol_interfaces/share/turtle_patrol_interfaces/rust/src/lib.rs
-- Installing: /home/charan/Mars-summer-tasks/task-2/ros_ws/install/turtle_patrol_interfaces/share/turtle_patrol_interfaces/rust/src/action.rs
-- Installing: /home/charan/Mars-summer-tasks/task-2/ros_ws/install/turtle_patrol_interfaces/share/turtle_patrol_interfaces/rust/Cargo.toml
-- Installing: /home/charan/Mars-summer-tasks/task-2/ros_ws/install/turtle_patrol_interfaces/share/turtle_patrol_interfaces/rust/build.rs
-- Installing: /home/charan/Mars-summer-tasks/task-2/ros_ws/install/turtle_patrol_interfaces/share/turtle_patrol_interfaces/action/ExecuteCircle.idl
-- Installing: /home/charan/Mars-summer-tasks/task-2/ros_ws/install/turtle_patrol_interfaces/share/turtle_patrol_interfaces/action/ExecuteCircle.action
-- Installing: /home/charan/Mars-summer-tasks/task-2/ros_ws/install/turtle_patrol_interfaces/share/ament_index/resource_index/package_run_dependencies/turtle_patrol_interfaces
-- Installing: /home/charan/Mars-summer-tasks/task-2/ros_ws/install/turtle_patrol_interfaces/share/ament_index/resource_index/parent_prefix_path/turtle_patrol_interfaces
-- Installing: /home/charan/Mars-summer-tasks/task-2/ros_ws/install/turtle_patrol_interfaces/share/turtle_patrol_interfaces/environment/ament_prefix_path.sh
-- Installing: /home/charan/Mars-summer-tasks/task-2/ros_ws/install/turtle_patrol_interfaces/share/turtle_patrol_interfaces/environment/ament_prefix_path.dsv
-- Installing: /home/charan/Mars-summer-tasks/task-2/ros_ws/install/turtle_patrol_interfaces/share/turtle_patrol_interfaces/environment/path.sh
-- Installing: /home/charan/Mars-summer-tasks/task-2/ros_ws/install/turtle_patrol_interfaces/share/turtle_patrol_interfaces/environment/path.dsv
-- Installing: /home/charan/Mars-summer-tasks/task-2/ros_ws/install/turtle_patrol_interfaces/share/turtle_patrol_interfaces/local_setup.bash
-- Installing: /home/charan/Mars-summer-tasks/task-2/ros_ws/install/turtle_patrol_interfaces/share/turtle_patrol_interfaces/local_setup.sh
-- Installing: /home/charan/Mars-summer-tasks/task-2/ros_ws/install/turtle_patrol_interfaces/share/turtle_patrol_interfaces/local_setup.zsh
-- Installing: /home/charan/Mars-summer-tasks/task-2/ros_ws/install/turtle_patrol_interfaces/share/turtle_patrol_interfaces/local_setup.dsv
-- Installing: /home/charan/Mars-summer-tasks/task-2/ros_ws/install/turtle_patrol_interfaces/share/turtle_patrol_interfaces/package.dsv
-- Installing: /home/charan/Mars-summer-tasks/task-2/ros_ws/install/turtle_patrol_interfaces/share/ament_index/resource_index/packages/turtle_patrol_interfaces
-- Installing: /home/charan/Mars-summer-tasks/task-2/ros_ws/install/turtle_patrol_interfaces/share/turtle_patrol_interfaces/cmake/export_turtle_patrol_interfaces__rosidl_generator_cExport.cmake
-- Installing: /home/charan/Mars-summer-tasks/task-2/ros_ws/install/turtle_patrol_interfaces/share/turtle_patrol_interfaces/cmake/export_turtle_patrol_interfaces__rosidl_generator_cExport-noconfig.cmake
-- Installing: /home/charan/Mars-summer-tasks/task-2/ros_ws/install/turtle_patrol_interfaces/share/turtle_patrol_interfaces/cmake/export_turtle_patrol_interfaces__rosidl_typesupport_fastrtps_cExport.cmake
-- Installing: /home/charan/Mars-summer-tasks/task-2/ros_ws/install/turtle_patrol_interfaces/share/turtle_patrol_interfaces/cmake/export_turtle_patrol_interfaces__rosidl_typesupport_fastrtps_cExport-noconfig.cmake
-- Installing: /home/charan/Mars-summer-tasks/task-2/ros_ws/install/turtle_patrol_interfaces/share/turtle_patrol_interfaces/cmake/turtle_patrol_interfaces__rosidl_typesupport_introspection_cExport.cmake
-- Installing: /home/charan/Mars-summer-tasks/task-2/ros_ws/install/turtle_patrol_interfaces/share/turtle_patrol_interfaces/cmake/turtle_patrol_interfaces__rosidl_typesupport_introspection_cExport-noconfig.cmake
-- Installing: /home/charan/Mars-summer-tasks/task-2/ros_ws/install/turtle_patrol_interfaces/share/turtle_patrol_interfaces/cmake/turtle_patrol_interfaces__rosidl_typesupport_cExport.cmake
-- Installing: /home/charan/Mars-summer-tasks/task-2/ros_ws/install/turtle_patrol_interfaces/share/turtle_patrol_interfaces/cmake/turtle_patrol_interfaces__rosidl_typesupport_cExport-noconfig.cmake
-- Installing: /home/charan/Mars-summer-tasks/task-2/ros_ws/install/turtle_patrol_interfaces/share/turtle_patrol_interfaces/cmake/export_turtle_patrol_interfaces__rosidl_generator_cppExport.cmake
-- Installing: /home/charan/Mars-summer-tasks/task-2/ros_ws/install/turtle_patrol_interfaces/share/turtle_patrol_interfaces/cmake/export_turtle_patrol_interfaces__rosidl_typesupport_fastrtps_cppExport.cmake
-- Installing: /home/charan/Mars-summer-tasks/task-2/ros_ws/install/turtle_patrol_interfaces/share/turtle_patrol_interfaces/cmake/export_turtle_patrol_interfaces__rosidl_typesupport_fastrtps_cppExport-noconfig.cmake
-- Installing: /home/charan/Mars-summer-tasks/task-2/ros_ws/install/turtle_patrol_interfaces/share/turtle_patrol_interfaces/cmake/turtle_patrol_interfaces__rosidl_typesupport_introspection_cppExport.cmake
-- Installing: /home/charan/Mars-summer-tasks/task-2/ros_ws/install/turtle_patrol_interfaces/share/turtle_patrol_interfaces/cmake/turtle_patrol_interfaces__rosidl_typesupport_introspection_cppExport-noconfig.cmake
-- Installing: /home/charan/Mars-summer-tasks/task-2/ros_ws/install/turtle_patrol_interfaces/share/turtle_patrol_interfaces/cmake/turtle_patrol_interfaces__rosidl_typesupport_cppExport.cmake
-- Installing: /home/charan/Mars-summer-tasks/task-2/ros_ws/install/turtle_patrol_interfaces/share/turtle_patrol_interfaces/cmake/turtle_patrol_interfaces__rosidl_typesupport_cppExport-noconfig.cmake
-- Installing: /home/charan/Mars-summer-tasks/task-2/ros_ws/install/turtle_patrol_interfaces/share/turtle_patrol_interfaces/cmake/export_turtle_patrol_interfaces__rosidl_generator_pyExport.cmake
-- Installing: /home/charan/Mars-summer-tasks/task-2/ros_ws/install/turtle_patrol_interfaces/share/turtle_patrol_interfaces/cmake/export_turtle_patrol_interfaces__rosidl_generator_pyExport-noconfig.cmake
-- Installing: /home/charan/Mars-summer-tasks/task-2/ros_ws/install/turtle_patrol_interfaces/share/turtle_patrol_interfaces/cmake/rosidl_cmake-extras.cmake
-- Installing: /home/charan/Mars-summer-tasks/task-2/ros_ws/install/turtle_patrol_interfaces/share/turtle_patrol_interfaces/cmake/ament_cmake_export_dependencies-extras.cmake
-- Installing: /home/charan/Mars-summer-tasks/task-2/ros_ws/install/turtle_patrol_interfaces/share/turtle_patrol_interfaces/cmake/ament_cmake_export_include_directories-extras.cmake
-- Installing: /home/charan/Mars-summer-tasks/task-2/ros_ws/install/turtle_patrol_interfaces/share/turtle_patrol_interfaces/cmake/ament_cmake_export_libraries-extras.cmake
-- Installing: /home/charan/Mars-summer-tasks/task-2/ros_ws/install/turtle_patrol_interfaces/share/turtle_patrol_interfaces/cmake/ament_cmake_export_targets-extras.cmake
-- Installing: /home/charan/Mars-summer-tasks/task-2/ros_ws/install/turtle_patrol_interfaces/share/turtle_patrol_interfaces/cmake/rosidl_cmake_export_typesupport_targets-extras.cmake
-- Installing: /home/charan/Mars-summer-tasks/task-2/ros_ws/install/turtle_patrol_interfaces/share/turtle_patrol_interfaces/cmake/rosidl_cmake_export_typesupport_libraries-extras.cmake
-- Installing: /home/charan/Mars-summer-tasks/task-2/ros_ws/install/turtle_patrol_interfaces/share/turtle_patrol_interfaces/cmake/turtle_patrol_interfacesConfig.cmake
-- Installing: /home/charan/Mars-summer-tasks/task-2/ros_ws/install/turtle_patrol_interfaces/share/turtle_patrol_interfaces/cmake/turtle_patrol_interfacesConfig-version.cmake
-- Installing: /home/charan/Mars-summer-tasks/task-2/ros_ws/install/turtle_patrol_interfaces/share/turtle_patrol_interfaces/package.xml
