[0.006s] Invoking command in '/home/charan/Mars-summer-tasks/task-2/ros_ws/build/turtle_patrol_interfaces': CMAKE_PREFIX_PATH=/opt/ros/humble /usr/bin/cmake /home/charan/Mars-summer-tasks/task-2/ros_ws/src/turtle_patrol_interfaces -DCMAKE_INSTALL_PREFIX=/home/charan/Mars-summer-tasks/task-2/ros_ws/install/turtle_patrol_interfaces
[0.017s] -- Found ament_cmake: 1.3.14 (/opt/ros/humble/share/ament_cmake/cmake)
[0.116s] -- Found rosidl_default_generators: 1.2.1 (/opt/ros/humble/share/rosidl_default_generators/cmake)
[0.117s] -- Using all available rosidl_typesupport_c: rosidl_typesupport_fastrtps_c;rosidl_typesupport_introspection_c
[0.120s] -- Found rosidl_adapter: 3.1.8 (/opt/ros/humble/share/rosidl_adapter/cmake)
[0.136s] -- Using all available rosidl_typesupport_cpp: rosidl_typesupport_fastrtps_cpp;rosidl_typesupport_introspection_cpp
[0.322s] -- Found ament_cmake_ros: 0.10.0 (/opt/ros/humble/share/ament_cmake_ros/cmake)
[0.407s] -- Using all available rosidl_typesupport_c: rosidl_typesupport_fastrtps_c;rosidl_typesupport_introspection_c
[0.520s] -- Using all available rosidl_typesupport_cpp: rosidl_typesupport_fastrtps_cpp;rosidl_typesupport_introspection_cpp
[0.530s] -- Found python_cmake_module: 0.10.0 (/opt/ros/humble/share/python_cmake_module/cmake)
[0.541s] -- Using PYTHON_EXECUTABLE: /usr/bin/python3
[0.541s] -- Using PYTHON_INCLUDE_DIRS: /usr/include/python3.10
[0.541s] -- Using PYTHON_LIBRARIES: /usr/lib/aarch64-linux-gnu/libpython3.10.so
[0.577s] -- Found ament_lint_auto: 0.12.15 (/opt/ros/humble/share/ament_lint_auto/cmake)
[0.581s] -- Configuring done
[0.604s] -- Generating done
[0.611s] -- Build files have been written to: /home/charan/Mars-summer-tasks/task-2/ros_ws/build/turtle_patrol_interfaces
[0.615s] Invoked command in '/home/charan/Mars-summer-tasks/task-2/ros_ws/build/turtle_patrol_interfaces' returned '0': CMAKE_PREFIX_PATH=/opt/ros/humble /usr/bin/cmake /home/charan/Mars-summer-tasks/task-2/ros_ws/src/turtle_patrol_interfaces -DCMAKE_INSTALL_PREFIX=/home/charan/Mars-summer-tasks/task-2/ros_ws/install/turtle_patrol_interfaces
[0.616s] Invoking command in '/home/charan/Mars-summer-tasks/task-2/ros_ws/build/turtle_patrol_interfaces': CMAKE_PREFIX_PATH=/opt/ros/humble /usr/bin/cmake --build /home/charan/Mars-summer-tasks/task-2/ros_ws/build/turtle_patrol_interfaces -- -j4 -l4
[0.632s] [  3%] [34m[1mGenerating C code for ROS interfaces[0m
[0.640s] [  6%] [34m[1mGenerating Rust code for ROS interfaces[0m
[0.640s] [  9%] [34m[1mGenerating C++ code for ROS interfaces[0m
[0.643s] [  9%] Built target ament_cmake_python_copy_turtle_patrol_interfaces
[0.839s] running egg_info
[0.839s] creating turtle_patrol_interfaces.egg-info
[0.839s] writing turtle_patrol_interfaces.egg-info/PKG-INFO
[0.839s] writing dependency_links to turtle_patrol_interfaces.egg-info/dependency_links.txt
[0.839s] writing top-level names to turtle_patrol_interfaces.egg-info/top_level.txt
[0.840s] writing manifest file 'turtle_patrol_interfaces.egg-info/SOURCES.txt'
[0.841s] reading manifest file 'turtle_patrol_interfaces.egg-info/SOURCES.txt'
[0.841s] writing manifest file 'turtle_patrol_interfaces.egg-info/SOURCES.txt'
[0.850s] [  9%] Built target turtle_patrol_interfaces__rs
[0.856s] [  9%] Built target ament_cmake_python_build_turtle_patrol_interfaces_egg
[0.914s] [ 12%] [32mBuilding C object CMakeFiles/turtle_patrol_interfaces__rosidl_generator_c.dir/rosidl_generator_c/turtle_patrol_interfaces/action/detail/execute_circle__functions.c.o[0m
[0.924s] [ 12%] Built target turtle_patrol_interfaces__cpp
[0.928s] [ 18%] [34m[1mGenerating C++ introspection for ROS interfaces[0m
[0.929s] [ 18%] [34m[1mGenerating C++ type support for eProsima Fast-RTPS[0m
[0.929s] [ 21%] [34m[1mGenerating C++ type support dispatch for ROS interfaces[0m
[1.052s] [ 25%] [32m[1mLinking C shared library libturtle_patrol_interfaces__rosidl_generator_c.so[0m
[1.071s] [ 25%] Built target turtle_patrol_interfaces__rosidl_generator_c
[1.075s] [ 28%] [34m[1mGenerating C type support for eProsima Fast-RTPS[0m
[1.076s] [ 31%] [32mBuilding CXX object CMakeFiles/turtle_patrol_interfaces__rosidl_typesupport_cpp.dir/rosidl_typesupport_cpp/turtle_patrol_interfaces/action/execute_circle__type_support.cpp.o[0m
[1.103s] [ 34%] [32mBuilding CXX object CMakeFiles/turtle_patrol_interfaces__rosidl_typesupport_introspection_cpp.dir/rosidl_typesupport_introspection_cpp/turtle_patrol_interfaces/action/detail/execute_circle__type_support.cpp.o[0m
[1.135s] [ 37%] [32mBuilding CXX object CMakeFiles/turtle_patrol_interfaces__rosidl_typesupport_fastrtps_cpp.dir/rosidl_typesupport_fastrtps_cpp/turtle_patrol_interfaces/action/detail/dds_fastrtps/execute_circle__type_support.cpp.o[0m
[1.292s] [ 40%] [32mBuilding CXX object CMakeFiles/turtle_patrol_interfaces__rosidl_typesupport_fastrtps_c.dir/rosidl_typesupport_fastrtps_c/turtle_patrol_interfaces/action/detail/execute_circle__type_support_c.cpp.o[0m
[2.169s] [ 46%] [32m[1mLinking CXX shared library libturtle_patrol_interfaces__rosidl_typesupport_cpp.so[0m
[2.169s] [ 46%] [32m[1mLinking CXX shared library libturtle_patrol_interfaces__rosidl_typesupport_fastrtps_c.so[0m
[2.206s] [ 46%] Built target turtle_patrol_interfaces__rosidl_typesupport_cpp
[2.208s] [ 50%] [32m[1mLinking CXX shared library libturtle_patrol_interfaces__rosidl_typesupport_fastrtps_cpp.so[0m
[2.214s] [ 53%] [34m[1mGenerating C introspection for ROS interfaces[0m
[2.218s] [ 56%] [32m[1mLinking CXX shared library libturtle_patrol_interfaces__rosidl_typesupport_introspection_cpp.so[0m
[2.227s] [ 56%] Built target turtle_patrol_interfaces__rosidl_typesupport_fastrtps_c
[2.231s] [ 59%] [34m[1mGenerating C type support dispatch for ROS interfaces[0m
[2.254s] [ 59%] Built target turtle_patrol_interfaces__rosidl_typesupport_fastrtps_cpp
[2.259s] [ 59%] Built target turtle_patrol_interfaces__rosidl_typesupport_introspection_cpp
[2.385s] [ 62%] [32mBuilding CXX object CMakeFiles/turtle_patrol_interfaces__rosidl_typesupport_c.dir/rosidl_typesupport_c/turtle_patrol_interfaces/action/execute_circle__type_support.cpp.o[0m
[2.410s] [ 65%] [32m[1mLinking CXX shared library libturtle_patrol_interfaces__rosidl_typesupport_c.so[0m
[2.425s] [ 68%] [32mBuilding C object CMakeFiles/turtle_patrol_interfaces__rosidl_typesupport_introspection_c.dir/rosidl_typesupport_introspection_c/turtle_patrol_interfaces/action/detail/execute_circle__type_support.c.o[0m
[2.428s] [ 68%] Built target turtle_patrol_interfaces__rosidl_typesupport_c
[2.449s] [ 71%] [32m[1mLinking C shared library libturtle_patrol_interfaces__rosidl_typesupport_introspection_c.so[0m
[2.461s] [ 71%] Built target turtle_patrol_interfaces__rosidl_typesupport_introspection_c
[2.468s] [ 71%] Built target turtle_patrol_interfaces
[2.475s] [ 75%] [34m[1mGenerating Python code for ROS interfaces[0m
[2.831s] [ 75%] Built target turtle_patrol_interfaces__py
[2.839s] [ 78%] [32mBuilding C object CMakeFiles/turtle_patrol_interfaces__rosidl_generator_py.dir/rosidl_generator_py/turtle_patrol_interfaces/action/_execute_circle_s.c.o[0m
[2.943s] [ 81%] [32m[1mLinking C shared library rosidl_generator_py/turtle_patrol_interfaces/libturtle_patrol_interfaces__rosidl_generator_py.so[0m
[2.961s] [ 81%] Built target turtle_patrol_interfaces__rosidl_generator_py
[2.970s] [ 84%] [32mBuilding C object CMakeFiles/turtle_patrol_interfaces__rosidl_typesupport_c__pyext.dir/rosidl_generator_py/turtle_patrol_interfaces/_turtle_patrol_interfaces_s.ep.rosidl_typesupport_c.c.o[0m
[2.970s] [ 87%] [32mBuilding C object CMakeFiles/turtle_patrol_interfaces__rosidl_typesupport_fastrtps_c__pyext.dir/rosidl_generator_py/turtle_patrol_interfaces/_turtle_patrol_interfaces_s.ep.rosidl_typesupport_fastrtps_c.c.o[0m
[2.970s] [ 90%] [32mBuilding C object CMakeFiles/turtle_patrol_interfaces__rosidl_typesupport_introspection_c__pyext.dir/rosidl_generator_py/turtle_patrol_interfaces/_turtle_patrol_interfaces_s.ep.rosidl_typesupport_introspection_c.c.o[0m
[3.028s] [ 93%] [32m[1mLinking C shared library rosidl_generator_py/turtle_patrol_interfaces/turtle_patrol_interfaces_s__rosidl_typesupport_fastrtps_c.cpython-310-aarch64-linux-gnu.so[0m
[3.029s] [ 96%] [32m[1mLinking C shared library rosidl_generator_py/turtle_patrol_interfaces/turtle_patrol_interfaces_s__rosidl_typesupport_introspection_c.cpython-310-aarch64-linux-gnu.so[0m
[3.030s] [100%] [32m[1mLinking C shared library rosidl_generator_py/turtle_patrol_interfaces/turtle_patrol_interfaces_s__rosidl_typesupport_c.cpython-310-aarch64-linux-gnu.so[0m
[3.047s] [100%] Built target turtle_patrol_interfaces__rosidl_typesupport_fastrtps_c__pyext
[3.047s] [100%] Built target turtle_patrol_interfaces__rosidl_typesupport_introspection_c__pyext
[3.047s] [100%] Built target turtle_patrol_interfaces__rosidl_typesupport_c__pyext
[3.053s] Invoked command in '/home/charan/Mars-summer-tasks/task-2/ros_ws/build/turtle_patrol_interfaces' returned '0': CMAKE_PREFIX_PATH=/opt/ros/humble /usr/bin/cmake --build /home/charan/Mars-summer-tasks/task-2/ros_ws/build/turtle_patrol_interfaces -- -j4 -l4
[3.057s] Invoking command in '/home/charan/Mars-summer-tasks/task-2/ros_ws/build/turtle_patrol_interfaces': CMAKE_PREFIX_PATH=/opt/ros/humble /usr/bin/cmake --install /home/charan/Mars-summer-tasks/task-2/ros_ws/build/turtle_patrol_interfaces
[3.060s] -- Install configuration: ""
[3.060s] -- Installing: /home/charan/Mars-summer-tasks/task-2/ros_ws/install/turtle_patrol_interfaces/share/ament_index/resource_index/rosidl_interfaces/turtle_patrol_interfaces
[3.060s] -- Installing: /home/charan/Mars-summer-tasks/task-2/ros_ws/install/turtle_patrol_interfaces/include/turtle_patrol_interfaces/turtle_patrol_interfaces
[3.060s] -- Installing: /home/charan/Mars-summer-tasks/task-2/ros_ws/install/turtle_patrol_interfaces/include/turtle_patrol_interfaces/turtle_patrol_interfaces/action
[3.060s] -- Installing: /home/charan/Mars-summer-tasks/task-2/ros_ws/install/turtle_patrol_interfaces/include/turtle_patrol_interfaces/turtle_patrol_interfaces/action/execute_circle.h
[3.060s] -- Installing: /home/charan/Mars-summer-tasks/task-2/ros_ws/install/turtle_patrol_interfaces/include/turtle_patrol_interfaces/turtle_patrol_interfaces/action/detail
[3.060s] -- Installing: /home/charan/Mars-summer-tasks/task-2/ros_ws/install/turtle_patrol_interfaces/include/turtle_patrol_interfaces/turtle_patrol_interfaces/action/detail/execute_circle__functions.c
[3.060s] -- Installing: /home/charan/Mars-summer-tasks/task-2/ros_ws/install/turtle_patrol_interfaces/include/turtle_patrol_interfaces/turtle_patrol_interfaces/action/detail/execute_circle__functions.h
[3.060s] -- Installing: /home/charan/Mars-summer-tasks/task-2/ros_ws/install/turtle_patrol_interfaces/include/turtle_patrol_interfaces/turtle_patrol_interfaces/action/detail/execute_circle__type_support.h
[3.061s] -- Installing: /home/charan/Mars-summer-tasks/task-2/ros_ws/install/turtle_patrol_interfaces/include/turtle_patrol_interfaces/turtle_patrol_interfaces/action/detail/execute_circle__struct.h
[3.061s] -- Installing: /home/charan/Mars-summer-tasks/task-2/ros_ws/install/turtle_patrol_interfaces/include/turtle_patrol_interfaces/turtle_patrol_interfaces/msg
[3.061s] -- Installing: /home/charan/Mars-summer-tasks/task-2/ros_ws/install/turtle_patrol_interfaces/include/turtle_patrol_interfaces/turtle_patrol_interfaces/msg/rosidl_generator_c__visibility_control.h
[3.061s] -- Installing: /home/charan/Mars-summer-tasks/task-2/ros_ws/install/turtle_patrol_interfaces/share/turtle_patrol_interfaces/environment/library_path.sh
[3.061s] -- Installing: /home/charan/Mars-summer-tasks/task-2/ros_ws/install/turtle_patrol_interfaces/share/turtle_patrol_interfaces/environment/library_path.dsv
[3.061s] -- Installing: /home/charan/Mars-summer-tasks/task-2/ros_ws/install/turtle_patrol_interfaces/lib/libturtle_patrol_interfaces__rosidl_generator_c.so
[3.061s] -- Set runtime path of "/home/charan/Mars-summer-tasks/task-2/ros_ws/install/turtle_patrol_interfaces/lib/libturtle_patrol_interfaces__rosidl_generator_c.so" to ""
[3.061s] -- Up-to-date: /home/charan/Mars-summer-tasks/task-2/ros_ws/install/turtle_patrol_interfaces/include/turtle_patrol_interfaces/turtle_patrol_interfaces
[3.061s] -- Up-to-date: /home/charan/Mars-summer-tasks/task-2/ros_ws/install/turtle_patrol_interfaces/include/turtle_patrol_interfaces/turtle_patrol_interfaces/action
[3.061s] -- Up-to-date: /home/charan/Mars-summer-tasks/task-2/ros_ws/install/turtle_patrol_interfaces/include/turtle_patrol_interfaces/turtle_patrol_interfaces/action/detail
[3.061s] -- Installing: /home/charan/Mars-summer-tasks/task-2/ros_ws/install/turtle_patrol_interfaces/include/turtle_patrol_interfaces/turtle_patrol_interfaces/action/detail/execute_circle__rosidl_typesupport_fastrtps_c.h
[3.061s] -- Up-to-date: /home/charan/Mars-summer-tasks/task-2/ros_ws/install/turtle_patrol_interfaces/include/turtle_patrol_interfaces/turtle_patrol_interfaces/msg
[3.061s] -- Installing: /home/charan/Mars-summer-tasks/task-2/ros_ws/install/turtle_patrol_interfaces/include/turtle_patrol_interfaces/turtle_patrol_interfaces/msg/rosidl_typesupport_fastrtps_c__visibility_control.h
[3.061s] -- Installing: /home/charan/Mars-summer-tasks/task-2/ros_ws/install/turtle_patrol_interfaces/lib/libturtle_patrol_interfaces__rosidl_typesupport_fastrtps_c.so
[3.062s] -- Set runtime path of "/home/charan/Mars-summer-tasks/task-2/ros_ws/install/turtle_patrol_interfaces/lib/libturtle_patrol_interfaces__rosidl_typesupport_fastrtps_c.so" to ""
[3.062s] -- Up-to-date: /home/charan/Mars-summer-tasks/task-2/ros_ws/install/turtle_patrol_interfaces/include/turtle_patrol_interfaces/turtle_patrol_interfaces
[3.062s] -- Up-to-date: /home/charan/Mars-summer-tasks/task-2/ros_ws/install/turtle_patrol_interfaces/include/turtle_patrol_interfaces/turtle_patrol_interfaces/action
[3.062s] -- Up-to-date: /home/charan/Mars-summer-tasks/task-2/ros_ws/install/turtle_patrol_interfaces/include/turtle_patrol_interfaces/turtle_patrol_interfaces/action/detail
[3.062s] -- Installing: /home/charan/Mars-summer-tasks/task-2/ros_ws/install/turtle_patrol_interfaces/include/turtle_patrol_interfaces/turtle_patrol_interfaces/action/detail/execute_circle__rosidl_typesupport_introspection_c.h
[3.062s] -- Installing: /home/charan/Mars-summer-tasks/task-2/ros_ws/install/turtle_patrol_interfaces/include/turtle_patrol_interfaces/turtle_patrol_interfaces/action/detail/execute_circle__type_support.c
[3.062s] -- Up-to-date: /home/charan/Mars-summer-tasks/task-2/ros_ws/install/turtle_patrol_interfaces/include/turtle_patrol_interfaces/turtle_patrol_interfaces/msg
[3.062s] -- Installing: /home/charan/Mars-summer-tasks/task-2/ros_ws/install/turtle_patrol_interfaces/include/turtle_patrol_interfaces/turtle_patrol_interfaces/msg/rosidl_typesupport_introspection_c__visibility_control.h
[3.062s] -- Installing: /home/charan/Mars-summer-tasks/task-2/ros_ws/install/turtle_patrol_interfaces/lib/libturtle_patrol_interfaces__rosidl_typesupport_introspection_c.so
[3.062s] -- Set runtime path of "/home/charan/Mars-summer-tasks/task-2/ros_ws/install/turtle_patrol_interfaces/lib/libturtle_patrol_interfaces__rosidl_typesupport_introspection_c.so" to ""
[3.062s] -- Installing: /home/charan/Mars-summer-tasks/task-2/ros_ws/install/turtle_patrol_interfaces/lib/libturtle_patrol_interfaces__rosidl_typesupport_c.so
[3.062s] -- Set runtime path of "/home/charan/Mars-summer-tasks/task-2/ros_ws/install/turtle_patrol_interfaces/lib/libturtle_patrol_interfaces__rosidl_typesupport_c.so" to ""
[3.062s] -- Up-to-date: /home/charan/Mars-summer-tasks/task-2/ros_ws/install/turtle_patrol_interfaces/include/turtle_patrol_interfaces/turtle_patrol_interfaces
[3.062s] -- Up-to-date: /home/charan/Mars-summer-tasks/task-2/ros_ws/install/turtle_patrol_interfaces/include/turtle_patrol_interfaces/turtle_patrol_interfaces/action
[3.062s] -- Installing: /home/charan/Mars-summer-tasks/task-2/ros_ws/install/turtle_patrol_interfaces/include/turtle_patrol_interfaces/turtle_patrol_interfaces/action/execute_circle.hpp
[3.062s] -- Up-to-date: /home/charan/Mars-summer-tasks/task-2/ros_ws/install/turtle_patrol_interfaces/include/turtle_patrol_interfaces/turtle_patrol_interfaces/action/detail
[3.063s] -- Installing: /home/charan/Mars-summer-tasks/task-2/ros_ws/install/turtle_patrol_interfaces/include/turtle_patrol_interfaces/turtle_patrol_interfaces/action/detail/execute_circle__builder.hpp
[3.063s] -- Installing: /home/charan/Mars-summer-tasks/task-2/ros_ws/install/turtle_patrol_interfaces/include/turtle_patrol_interfaces/turtle_patrol_interfaces/action/detail/execute_circle__traits.hpp
[3.063s] -- Installing: /home/charan/Mars-summer-tasks/task-2/ros_ws/install/turtle_patrol_interfaces/include/turtle_patrol_interfaces/turtle_patrol_interfaces/action/detail/execute_circle__type_support.hpp
[3.063s] -- Installing: /home/charan/Mars-summer-tasks/task-2/ros_ws/install/turtle_patrol_interfaces/include/turtle_patrol_interfaces/turtle_patrol_interfaces/action/detail/execute_circle__struct.hpp
[3.063s] -- Up-to-date: /home/charan/Mars-summer-tasks/task-2/ros_ws/install/turtle_patrol_interfaces/include/turtle_patrol_interfaces/turtle_patrol_interfaces/msg
[3.063s] -- Installing: /home/charan/Mars-summer-tasks/task-2/ros_ws/install/turtle_patrol_interfaces/include/turtle_patrol_interfaces/turtle_patrol_interfaces/msg/rosidl_generator_cpp__visibility_control.hpp
[3.063s] -- Up-to-date: /home/charan/Mars-summer-tasks/task-2/ros_ws/install/turtle_patrol_interfaces/include/turtle_patrol_interfaces/turtle_patrol_interfaces
[3.063s] -- Up-to-date: /home/charan/Mars-summer-tasks/task-2/ros_ws/install/turtle_patrol_interfaces/include/turtle_patrol_interfaces/turtle_patrol_interfaces/action
[3.063s] -- Up-to-date: /home/charan/Mars-summer-tasks/task-2/ros_ws/install/turtle_patrol_interfaces/include/turtle_patrol_interfaces/turtle_patrol_interfaces/action/detail
[3.063s] -- Installing: /home/charan/Mars-summer-tasks/task-2/ros_ws/install/turtle_patrol_interfaces/include/turtle_patrol_interfaces/turtle_patrol_interfaces/action/detail/execute_circle__rosidl_typesupport_fastrtps_cpp.hpp
[3.063s] -- Installing: /home/charan/Mars-summer-tasks/task-2/ros_ws/install/turtle_patrol_interfaces/include/turtle_patrol_interfaces/turtle_patrol_interfaces/action/detail/dds_fastrtps
[3.063s] -- Up-to-date: /home/charan/Mars-summer-tasks/task-2/ros_ws/install/turtle_patrol_interfaces/include/turtle_patrol_interfaces/turtle_patrol_interfaces/msg
[3.063s] -- Installing: /home/charan/Mars-summer-tasks/task-2/ros_ws/install/turtle_patrol_interfaces/include/turtle_patrol_interfaces/turtle_patrol_interfaces/msg/rosidl_typesupport_fastrtps_cpp__visibility_control.h
[3.063s] -- Installing: /home/charan/Mars-summer-tasks/task-2/ros_ws/install/turtle_patrol_interfaces/lib/libturtle_patrol_interfaces__rosidl_typesupport_fastrtps_cpp.so
[3.064s] -- Set runtime path of "/home/charan/Mars-summer-tasks/task-2/ros_ws/install/turtle_patrol_interfaces/lib/libturtle_patrol_interfaces__rosidl_typesupport_fastrtps_cpp.so" to ""
[3.064s] -- Up-to-date: /home/charan/Mars-summer-tasks/task-2/ros_ws/install/turtle_patrol_interfaces/include/turtle_patrol_interfaces/turtle_patrol_interfaces
[3.064s] -- Up-to-date: /home/charan/Mars-summer-tasks/task-2/ros_ws/install/turtle_patrol_interfaces/include/turtle_patrol_interfaces/turtle_patrol_interfaces/action
[3.064s] -- Up-to-date: /home/charan/Mars-summer-tasks/task-2/ros_ws/install/turtle_patrol_interfaces/include/turtle_patrol_interfaces/turtle_patrol_interfaces/action/detail
[3.064s] -- Installing: /home/charan/Mars-summer-tasks/task-2/ros_ws/install/turtle_patrol_interfaces/include/turtle_patrol_interfaces/turtle_patrol_interfaces/action/detail/execute_circle__type_support.cpp
[3.064s] -- Installing: /home/charan/Mars-summer-tasks/task-2/ros_ws/install/turtle_patrol_interfaces/include/turtle_patrol_interfaces/turtle_patrol_interfaces/action/detail/execute_circle__rosidl_typesupport_introspection_cpp.hpp
[3.064s] -- Installing: /home/charan/Mars-summer-tasks/task-2/ros_ws/install/turtle_patrol_interfaces/lib/libturtle_patrol_interfaces__rosidl_typesupport_introspection_cpp.so
[3.064s] -- Set runtime path of "/home/charan/Mars-summer-tasks/task-2/ros_ws/install/turtle_patrol_interfaces/lib/libturtle_patrol_interfaces__rosidl_typesupport_introspection_cpp.so" to ""
[3.064s] -- Installing: /home/charan/Mars-summer-tasks/task-2/ros_ws/install/turtle_patrol_interfaces/lib/libturtle_patrol_interfaces__rosidl_typesupport_cpp.so
[3.064s] -- Set runtime path of "/home/charan/Mars-summer-tasks/task-2/ros_ws/install/turtle_patrol_interfaces/lib/libturtle_patrol_interfaces__rosidl_typesupport_cpp.so" to ""
[3.064s] -- Installing: /home/charan/Mars-summer-tasks/task-2/ros_ws/install/turtle_patrol_interfaces/share/turtle_patrol_interfaces/environment/pythonpath.sh
[3.064s] -- Installing: /home/charan/Mars-summer-tasks/task-2/ros_ws/install/turtle_patrol_interfaces/share/turtle_patrol_interfaces/environment/pythonpath.dsv
[3.065s] -- Installing: /home/charan/Mars-summer-tasks/task-2/ros_ws/install/turtle_patrol_interfaces/local/lib/python3.10/dist-packages/turtle_patrol_interfaces-0.0.0-py3.10.egg-info
[3.065s] -- Installing: /home/charan/Mars-summer-tasks/task-2/ros_ws/install/turtle_patrol_interfaces/local/lib/python3.10/dist-packages/turtle_patrol_interfaces-0.0.0-py3.10.egg-info/PKG-INFO
[3.065s] -- Installing: /home/charan/Mars-summer-tasks/task-2/ros_ws/install/turtle_patrol_interfaces/local/lib/python3.10/dist-packages/turtle_patrol_interfaces-0.0.0-py3.10.egg-info/dependency_links.txt
[3.065s] -- Installing: /home/charan/Mars-summer-tasks/task-2/ros_ws/install/turtle_patrol_interfaces/local/lib/python3.10/dist-packages/turtle_patrol_interfaces-0.0.0-py3.10.egg-info/top_level.txt
[3.065s] -- Installing: /home/charan/Mars-summer-tasks/task-2/ros_ws/install/turtle_patrol_interfaces/local/lib/python3.10/dist-packages/turtle_patrol_interfaces-0.0.0-py3.10.egg-info/SOURCES.txt
[3.065s] -- Installing: /home/charan/Mars-summer-tasks/task-2/ros_ws/install/turtle_patrol_interfaces/local/lib/python3.10/dist-packages/turtle_patrol_interfaces
[3.065s] -- Installing: /home/charan/Mars-summer-tasks/task-2/ros_ws/install/turtle_patrol_interfaces/local/lib/python3.10/dist-packages/turtle_patrol_interfaces/__init__.py
[3.065s] -- Installing: /home/charan/Mars-summer-tasks/task-2/ros_ws/install/turtle_patrol_interfaces/local/lib/python3.10/dist-packages/turtle_patrol_interfaces/_turtle_patrol_interfaces_s.ep.rosidl_typesupport_c.c
[3.065s] -- Installing: /home/charan/Mars-summer-tasks/task-2/ros_ws/install/turtle_patrol_interfaces/local/lib/python3.10/dist-packages/turtle_patrol_interfaces/_turtle_patrol_interfaces_s.ep.rosidl_typesupport_introspection_c.c
[3.065s] -- Installing: /home/charan/Mars-summer-tasks/task-2/ros_ws/install/turtle_patrol_interfaces/local/lib/python3.10/dist-packages/turtle_patrol_interfaces/action
[3.065s] -- Installing: /home/charan/Mars-summer-tasks/task-2/ros_ws/install/turtle_patrol_interfaces/local/lib/python3.10/dist-packages/turtle_patrol_interfaces/action/__init__.py
[3.065s] -- Installing: /home/charan/Mars-summer-tasks/task-2/ros_ws/install/turtle_patrol_interfaces/local/lib/python3.10/dist-packages/turtle_patrol_interfaces/action/_execute_circle_s.c
[3.065s] -- Installing: /home/charan/Mars-summer-tasks/task-2/ros_ws/install/turtle_patrol_interfaces/local/lib/python3.10/dist-packages/turtle_patrol_interfaces/action/_execute_circle.py
[3.065s] -- Installing: /home/charan/Mars-summer-tasks/task-2/ros_ws/install/turtle_patrol_interfaces/local/lib/python3.10/dist-packages/turtle_patrol_interfaces/turtle_patrol_interfaces_s__rosidl_typesupport_c.cpython-310-aarch64-linux-gnu.so
[3.065s] -- Installing: /home/charan/Mars-summer-tasks/task-2/ros_ws/install/turtle_patrol_interfaces/local/lib/python3.10/dist-packages/turtle_patrol_interfaces/libturtle_patrol_interfaces__rosidl_generator_py.so
[3.066s] -- Installing: /home/charan/Mars-summer-tasks/task-2/ros_ws/install/turtle_patrol_interfaces/local/lib/python3.10/dist-packages/turtle_patrol_interfaces/_turtle_patrol_interfaces_s.ep.rosidl_typesupport_fastrtps_c.c
[3.066s] -- Installing: /home/charan/Mars-summer-tasks/task-2/ros_ws/install/turtle_patrol_interfaces/local/lib/python3.10/dist-packages/turtle_patrol_interfaces/turtle_patrol_interfaces_s__rosidl_typesupport_introspection_c.cpython-310-aarch64-linux-gnu.so
[3.066s] -- Installing: /home/charan/Mars-summer-tasks/task-2/ros_ws/install/turtle_patrol_interfaces/local/lib/python3.10/dist-packages/turtle_patrol_interfaces/turtle_patrol_interfaces_s__rosidl_typesupport_fastrtps_c.cpython-310-aarch64-linux-gnu.so
[3.085s] Listing '/home/charan/Mars-summer-tasks/task-2/ros_ws/install/turtle_patrol_interfaces/local/lib/python3.10/dist-packages/turtle_patrol_interfaces'...
[3.085s] Compiling '/home/charan/Mars-summer-tasks/task-2/ros_ws/install/turtle_patrol_interfaces/local/lib/python3.10/dist-packages/turtle_patrol_interfaces/__init__.py'...
[3.085s] Listing '/home/charan/Mars-summer-tasks/task-2/ros_ws/install/turtle_patrol_interfaces/local/lib/python3.10/dist-packages/turtle_patrol_interfaces/action'...
[3.085s] Compiling '/home/charan/Mars-summer-tasks/task-2/ros_ws/install/turtle_patrol_interfaces/local/lib/python3.10/dist-packages/turtle_patrol_interfaces/action/__init__.py'...
[3.085s] Compiling '/home/charan/Mars-summer-tasks/task-2/ros_ws/install/turtle_patrol_interfaces/local/lib/python3.10/dist-packages/turtle_patrol_interfaces/action/_execute_circle.py'...
[3.088s] -- Installing: /home/charan/Mars-summer-tasks/task-2/ros_ws/install/turtle_patrol_interfaces/local/lib/python3.10/dist-packages/turtle_patrol_interfaces/turtle_patrol_interfaces_s__rosidl_typesupport_fastrtps_c.cpython-310-aarch64-linux-gnu.so
[3.088s] -- Set runtime path of "/home/charan/Mars-summer-tasks/task-2/ros_ws/install/turtle_patrol_interfaces/local/lib/python3.10/dist-packages/turtle_patrol_interfaces/turtle_patrol_interfaces_s__rosidl_typesupport_fastrtps_c.cpython-310-aarch64-linux-gnu.so" to ""
[3.088s] -- Installing: /home/charan/Mars-summer-tasks/task-2/ros_ws/install/turtle_patrol_interfaces/local/lib/python3.10/dist-packages/turtle_patrol_interfaces/turtle_patrol_interfaces_s__rosidl_typesupport_introspection_c.cpython-310-aarch64-linux-gnu.so
[3.088s] -- Set runtime path of "/home/charan/Mars-summer-tasks/task-2/ros_ws/install/turtle_patrol_interfaces/local/lib/python3.10/dist-packages/turtle_patrol_interfaces/turtle_patrol_interfaces_s__rosidl_typesupport_introspection_c.cpython-310-aarch64-linux-gnu.so" to ""
[3.088s] -- Installing: /home/charan/Mars-summer-tasks/task-2/ros_ws/install/turtle_patrol_interfaces/local/lib/python3.10/dist-packages/turtle_patrol_interfaces/turtle_patrol_interfaces_s__rosidl_typesupport_c.cpython-310-aarch64-linux-gnu.so
[3.089s] -- Set runtime path of "/home/charan/Mars-summer-tasks/task-2/ros_ws/install/turtle_patrol_interfaces/local/lib/python3.10/dist-packages/turtle_patrol_interfaces/turtle_patrol_interfaces_s__rosidl_typesupport_c.cpython-310-aarch64-linux-gnu.so" to ""
[3.089s] -- Installing: /home/charan/Mars-summer-tasks/task-2/ros_ws/install/turtle_patrol_interfaces/lib/libturtle_patrol_interfaces__rosidl_generator_py.so
[3.089s] -- Set runtime path of "/home/charan/Mars-summer-tasks/task-2/ros_ws/install/turtle_patrol_interfaces/lib/libturtle_patrol_interfaces__rosidl_generator_py.so" to ""
[3.089s] -- Installing: /home/charan/Mars-summer-tasks/task-2/ros_ws/install/turtle_patrol_interfaces/share/ament_index/resource_index/rust_packages/turtle_patrol_interfaces
[3.089s] -- Installing: /home/charan/Mars-summer-tasks/task-2/ros_ws/install/turtle_patrol_interfaces/share/turtle_patrol_interfaces/rust
[3.089s] -- Installing: /home/charan/Mars-summer-tasks/task-2/ros_ws/install/turtle_patrol_interfaces/share/turtle_patrol_interfaces/rust/src
[3.089s] -- Installing: /home/charan/Mars-summer-tasks/task-2/ros_ws/install/turtle_patrol_interfaces/share/turtle_patrol_interfaces/rust/src/action
[3.089s] -- Installing: /home/charan/Mars-summer-tasks/task-2/ros_ws/install/turtle_patrol_interfaces/share/turtle_patrol_interfaces/rust/src/action/rmw.rs
[3.089s] -- Installing: /home/charan/Mars-summer-tasks/task-2/ros_ws/install/turtle_patrol_interfaces/share/turtle_patrol_interfaces/rust/src/lib.rs
[3.089s] -- Installing: /home/charan/Mars-summer-tasks/task-2/ros_ws/install/turtle_patrol_interfaces/share/turtle_patrol_interfaces/rust/src/action.rs
[3.089s] -- Installing: /home/charan/Mars-summer-tasks/task-2/ros_ws/install/turtle_patrol_interfaces/share/turtle_patrol_interfaces/rust/Cargo.toml
[3.089s] -- Installing: /home/charan/Mars-summer-tasks/task-2/ros_ws/install/turtle_patrol_interfaces/share/turtle_patrol_interfaces/rust/build.rs
[3.089s] -- Installing: /home/charan/Mars-summer-tasks/task-2/ros_ws/install/turtle_patrol_interfaces/share/turtle_patrol_interfaces/action/ExecuteCircle.idl
[3.090s] -- Installing: /home/charan/Mars-summer-tasks/task-2/ros_ws/install/turtle_patrol_interfaces/share/turtle_patrol_interfaces/action/ExecuteCircle.action
[3.090s] -- Installing: /home/charan/Mars-summer-tasks/task-2/ros_ws/install/turtle_patrol_interfaces/share/ament_index/resource_index/package_run_dependencies/turtle_patrol_interfaces
[3.090s] -- Installing: /home/charan/Mars-summer-tasks/task-2/ros_ws/install/turtle_patrol_interfaces/share/ament_index/resource_index/parent_prefix_path/turtle_patrol_interfaces
[3.090s] -- Installing: /home/charan/Mars-summer-tasks/task-2/ros_ws/install/turtle_patrol_interfaces/share/turtle_patrol_interfaces/environment/ament_prefix_path.sh
[3.090s] -- Installing: /home/charan/Mars-summer-tasks/task-2/ros_ws/install/turtle_patrol_interfaces/share/turtle_patrol_interfaces/environment/ament_prefix_path.dsv
[3.090s] -- Installing: /home/charan/Mars-summer-tasks/task-2/ros_ws/install/turtle_patrol_interfaces/share/turtle_patrol_interfaces/environment/path.sh
[3.090s] -- Installing: /home/charan/Mars-summer-tasks/task-2/ros_ws/install/turtle_patrol_interfaces/share/turtle_patrol_interfaces/environment/path.dsv
[3.090s] -- Installing: /home/charan/Mars-summer-tasks/task-2/ros_ws/install/turtle_patrol_interfaces/share/turtle_patrol_interfaces/local_setup.bash
[3.090s] -- Installing: /home/charan/Mars-summer-tasks/task-2/ros_ws/install/turtle_patrol_interfaces/share/turtle_patrol_interfaces/local_setup.sh
[3.090s] -- Installing: /home/charan/Mars-summer-tasks/task-2/ros_ws/install/turtle_patrol_interfaces/share/turtle_patrol_interfaces/local_setup.zsh
[3.090s] -- Installing: /home/charan/Mars-summer-tasks/task-2/ros_ws/install/turtle_patrol_interfaces/share/turtle_patrol_interfaces/local_setup.dsv
[3.090s] -- Installing: /home/charan/Mars-summer-tasks/task-2/ros_ws/install/turtle_patrol_interfaces/share/turtle_patrol_interfaces/package.dsv
[3.090s] -- Installing: /home/charan/Mars-summer-tasks/task-2/ros_ws/install/turtle_patrol_interfaces/share/ament_index/resource_index/packages/turtle_patrol_interfaces
[3.090s] -- Installing: /home/charan/Mars-summer-tasks/task-2/ros_ws/install/turtle_patrol_interfaces/share/turtle_patrol_interfaces/cmake/export_turtle_patrol_interfaces__rosidl_generator_cExport.cmake
[3.091s] -- Installing: /home/charan/Mars-summer-tasks/task-2/ros_ws/install/turtle_patrol_interfaces/share/turtle_patrol_interfaces/cmake/export_turtle_patrol_interfaces__rosidl_generator_cExport-noconfig.cmake
[3.091s] -- Installing: /home/charan/Mars-summer-tasks/task-2/ros_ws/install/turtle_patrol_interfaces/share/turtle_patrol_interfaces/cmake/export_turtle_patrol_interfaces__rosidl_typesupport_fastrtps_cExport.cmake
[3.091s] -- Installing: /home/charan/Mars-summer-tasks/task-2/ros_ws/install/turtle_patrol_interfaces/share/turtle_patrol_interfaces/cmake/export_turtle_patrol_interfaces__rosidl_typesupport_fastrtps_cExport-noconfig.cmake
[3.091s] -- Installing: /home/charan/Mars-summer-tasks/task-2/ros_ws/install/turtle_patrol_interfaces/share/turtle_patrol_interfaces/cmake/turtle_patrol_interfaces__rosidl_typesupport_introspection_cExport.cmake
[3.091s] -- Installing: /home/charan/Mars-summer-tasks/task-2/ros_ws/install/turtle_patrol_interfaces/share/turtle_patrol_interfaces/cmake/turtle_patrol_interfaces__rosidl_typesupport_introspection_cExport-noconfig.cmake
[3.091s] -- Installing: /home/charan/Mars-summer-tasks/task-2/ros_ws/install/turtle_patrol_interfaces/share/turtle_patrol_interfaces/cmake/turtle_patrol_interfaces__rosidl_typesupport_cExport.cmake
[3.091s] -- Installing: /home/charan/Mars-summer-tasks/task-2/ros_ws/install/turtle_patrol_interfaces/share/turtle_patrol_interfaces/cmake/turtle_patrol_interfaces__rosidl_typesupport_cExport-noconfig.cmake
[3.091s] -- Installing: /home/charan/Mars-summer-tasks/task-2/ros_ws/install/turtle_patrol_interfaces/share/turtle_patrol_interfaces/cmake/export_turtle_patrol_interfaces__rosidl_generator_cppExport.cmake
[3.091s] -- Installing: /home/charan/Mars-summer-tasks/task-2/ros_ws/install/turtle_patrol_interfaces/share/turtle_patrol_interfaces/cmake/export_turtle_patrol_interfaces__rosidl_typesupport_fastrtps_cppExport.cmake
[3.091s] -- Installing: /home/charan/Mars-summer-tasks/task-2/ros_ws/install/turtle_patrol_interfaces/share/turtle_patrol_interfaces/cmake/export_turtle_patrol_interfaces__rosidl_typesupport_fastrtps_cppExport-noconfig.cmake
[3.091s] -- Installing: /home/charan/Mars-summer-tasks/task-2/ros_ws/install/turtle_patrol_interfaces/share/turtle_patrol_interfaces/cmake/turtle_patrol_interfaces__rosidl_typesupport_introspection_cppExport.cmake
[3.091s] -- Installing: /home/charan/Mars-summer-tasks/task-2/ros_ws/install/turtle_patrol_interfaces/share/turtle_patrol_interfaces/cmake/turtle_patrol_interfaces__rosidl_typesupport_introspection_cppExport-noconfig.cmake
[3.091s] -- Installing: /home/charan/Mars-summer-tasks/task-2/ros_ws/install/turtle_patrol_interfaces/share/turtle_patrol_interfaces/cmake/turtle_patrol_interfaces__rosidl_typesupport_cppExport.cmake
[3.091s] -- Installing: /home/charan/Mars-summer-tasks/task-2/ros_ws/install/turtle_patrol_interfaces/share/turtle_patrol_interfaces/cmake/turtle_patrol_interfaces__rosidl_typesupport_cppExport-noconfig.cmake
[3.091s] -- Installing: /home/charan/Mars-summer-tasks/task-2/ros_ws/install/turtle_patrol_interfaces/share/turtle_patrol_interfaces/cmake/export_turtle_patrol_interfaces__rosidl_generator_pyExport.cmake
[3.092s] -- Installing: /home/charan/Mars-summer-tasks/task-2/ros_ws/install/turtle_patrol_interfaces/share/turtle_patrol_interfaces/cmake/export_turtle_patrol_interfaces__rosidl_generator_pyExport-noconfig.cmake
[3.092s] -- Installing: /home/charan/Mars-summer-tasks/task-2/ros_ws/install/turtle_patrol_interfaces/share/turtle_patrol_interfaces/cmake/rosidl_cmake-extras.cmake
[3.092s] -- Installing: /home/charan/Mars-summer-tasks/task-2/ros_ws/install/turtle_patrol_interfaces/share/turtle_patrol_interfaces/cmake/ament_cmake_export_dependencies-extras.cmake
[3.092s] -- Installing: /home/charan/Mars-summer-tasks/task-2/ros_ws/install/turtle_patrol_interfaces/share/turtle_patrol_interfaces/cmake/ament_cmake_export_include_directories-extras.cmake
[3.092s] -- Installing: /home/charan/Mars-summer-tasks/task-2/ros_ws/install/turtle_patrol_interfaces/share/turtle_patrol_interfaces/cmake/ament_cmake_export_libraries-extras.cmake
[3.092s] -- Installing: /home/charan/Mars-summer-tasks/task-2/ros_ws/install/turtle_patrol_interfaces/share/turtle_patrol_interfaces/cmake/ament_cmake_export_targets-extras.cmake
[3.092s] -- Installing: /home/charan/Mars-summer-tasks/task-2/ros_ws/install/turtle_patrol_interfaces/share/turtle_patrol_interfaces/cmake/rosidl_cmake_export_typesupport_targets-extras.cmake
[3.092s] -- Installing: /home/charan/Mars-summer-tasks/task-2/ros_ws/install/turtle_patrol_interfaces/share/turtle_patrol_interfaces/cmake/rosidl_cmake_export_typesupport_libraries-extras.cmake
[3.092s] -- Installing: /home/charan/Mars-summer-tasks/task-2/ros_ws/install/turtle_patrol_interfaces/share/turtle_patrol_interfaces/cmake/turtle_patrol_interfacesConfig.cmake
[3.092s] -- Installing: /home/charan/Mars-summer-tasks/task-2/ros_ws/install/turtle_patrol_interfaces/share/turtle_patrol_interfaces/cmake/turtle_patrol_interfacesConfig-version.cmake
[3.092s] -- Installing: /home/charan/Mars-summer-tasks/task-2/ros_ws/install/turtle_patrol_interfaces/share/turtle_patrol_interfaces/package.xml
[3.094s] Invoked command in '/home/charan/Mars-summer-tasks/task-2/ros_ws/build/turtle_patrol_interfaces' returned '0': CMAKE_PREFIX_PATH=/opt/ros/humble /usr/bin/cmake --install /home/charan/Mars-summer-tasks/task-2/ros_ws/build/turtle_patrol_interfaces
